[2024-04-26 14:01:32.142]{}DEBUG:[AbstractPosLink.java-435 ] ProcessTrans [ 1 ] {} :ProcessTrans Start...
[2024-04-26 14:01:32.156]{}DEBUG:[AbstractPosLink.java-463 ] ProcessTrans [ 1 ] {} :Timeout:
[2024-04-26 14:01:32.157]{}DEBUG:[AbstractPosLink.java-466 ] ProcessTrans [ 1 ] {} :SDK VERSION:V1.13.00_20230606; Timeout:-1
[2024-04-26 14:01:32.163]{}DEBUG:[TcpConnection.java-41 ] connect [ 1 ] {TCP} :ip:192.168.1.110 port:10009
[2024-04-26 14:01:32.175]{}DEBUG:[TcpConnection.java-71 ] send [ 1 ] {TCP} :Send Message =[02]A04[1c]1.62[1c]01[1c]UserName[1c]TA5714099[1c]UserPassword[1c]Hotsauce987![1c]MID[1c]887000001519[1c]DeviceID[1c]88700000151901[1c][1c][1c][03]+
[2024-04-26 14:01:32.322]{}DEBUG:[ProcessSocket.java-459 ] recvAck [ 1 ] {TCP} :Receive Message =[06]
[2024-04-26 14:01:33.182]{}DEBUG:[ProcessSocket.java-547 ] SocketRecv [ 1 ] {TCP} :Receive Message =[02]0[1c]A05[1c]1.47[1c]000000[1c]OK[03]o
[2024-04-26 14:01:33.185]{}DEBUG:[TcpConnection.java-71 ] send [ 1 ] {TCP} :Send Message =[06]
[2024-04-26 14:01:33.256]{}DEBUG:[AbstractPosLink.java-956 ] unpackTrans [ 1 ] {TCP} :Manage_SETVAR_CREDIT Success!
[2024-04-26 14:01:33.257]{}DEBUG:[AbstractPosLink.java-543 ] ProcessTrans [ 1 ] {} :ProcessTrans End...
[2024-04-26 14:01:33.273]{}DEBUG:[AbstractPosLink.java-435 ] ProcessTrans [ 1 ] {} :ProcessTrans Start...
[2024-04-26 14:01:33.274]{}DEBUG:[AbstractPosLink.java-463 ] ProcessTrans [ 1 ] {} :Timeout:
[2024-04-26 14:01:33.276]{}DEBUG:[AbstractPosLink.java-466 ] ProcessTrans [ 1 ] {} :SDK VERSION:V1.13.00_20230606; Timeout:-1
[2024-04-26 14:01:33.279]{}DEBUG:[TcpConnection.java-41 ] connect [ 1 ] {TCP} :ip:192.168.1.110 port:10009
[2024-04-26 14:01:33.285]{}DEBUG:[TcpConnection.java-71 ] send [ 1 ] {TCP} :Send Message =[02]T00[1c]1.62[1c]03[1c]100[1c][1c]20240426020132[1c][1c][1c][1f][1f][1f][1f][1f][1f][1f][1f][1f][1f][1f][1f][1f][1f][1f][1f][1f][1f][1c][1c][1c][1c]0[1c][1c][1c][03]T
[2024-04-26 14:01:33.442]{}DEBUG:[ProcessSocket.java-459 ] recvAck [ 1 ] {TCP} :Receive Message =[06]
[2024-04-26 14:01:42.312]{}DEBUG:[TcpConnection.java-71 ] send [ 1 ] {TCP} :Send Message =[02]A14[1c]1.62[03]@
[2024-04-26 14:01:43.988]{}DEBUG:[ProcessSocket.java-547 ] SocketRecv [ 1 ] {TCP} :Receive Message =[02]0[1c]T01[1c]1.47[1c]000000[1c]OK[1c]00[1f]Success[1f]VTLMC1[1f]411706501833[1f][1f]22[1f]1212MCC111395**[1f]43607931[1f][1c]03[1c]100[1f]0[1f]0[1f]0[1f]0[1f]0[1f][1f][1c]1800[1f]2[1f]0726[1f][1f][1f][1f]02[1f][1f][1f][1f]0[1f][1f][1f][1f][1c]1[1f]20240426020132[1f]20240426020250[1f][1f][1f][1f][1f][1c][1f][1f][1f][1f][1c][1c][1c]EDCTYPE=CREDIT[1f]HRef=43607931[1f]SN=53509228[1f]GLOBALUID=53509228202404260202508126[1f]CARDBIN=515721[1f]PROGRAMTYPE=1[1f]ARQC=F66BF6118C448996[1f]TVR=0000008001[1f]AID=A0000000041010[1f]TSI=0000[1f]ATC=0129[1f]APPLAB=MASTERCARD[1f]IAD=0114A14003040000000400000000000000FF[1f]CVM=7[1c][1c][1c][1c][03]:
[2024-04-26 14:01:43.991]{}DEBUG:[TcpConnection.java-71 ] send [ 1 ] {TCP} :Send Message =[06]
[2024-04-26 14:01:44.107]{}DEBUG:[AbstractPosLink.java-903 ] unpackTrans [ 1 ] {TCP} :Payment_CREDIT_AUTH Success!
[2024-04-26 14:01:44.109]{}DEBUG:[AbstractPosLink.java-543 ] ProcessTrans [ 1 ] {} :ProcessTrans End...
[2024-04-26 14:01:44.123]{}DEBUG:[AbstractPosLink.java-435 ] ProcessTrans [ 1 ] {} :ProcessTrans Start...
[2024-04-26 14:01:44.125]{}DEBUG:[AbstractPosLink.java-463 ] ProcessTrans [ 1 ] {} :Timeout:
[2024-04-26 14:01:44.126]{}DEBUG:[AbstractPosLink.java-466 ] ProcessTrans [ 1 ] {} :SDK VERSION:V1.13.00_20230606; Timeout:-1
[2024-04-26 14:01:44.127]{}DEBUG:[TcpConnection.java-41 ] connect [ 1 ] {TCP} :ip:192.168.1.110 port:10009
[2024-04-26 14:01:44.132]{}DEBUG:[TcpConnection.java-71 ] send [ 1 ] {TCP} :Send Message =[02]T00[1c]1.62[1c]19[1c][1c][1c]20240426020144[1f][1f][1f]1[1c][1c][1c][1f][1f][1f][1f][1f][1f][1f][1f][1f][1f][1f][1f][1f][1f][1f][1f][1f][1f][1c][1c][1c][1c]0[1c][1c][1c][03]A
[2024-04-26 14:01:46.222]{}DEBUG:[ProcessSocket.java-459 ] recvAck [ 1 ] {TCP} :Receive Message =[06]
[2024-04-26 14:01:50.971]{}DEBUG:[ProcessSocket.java-547 ] SocketRecv [ 1 ] {TCP} :Receive Message =[02]0[1c]T01[1c]1.47[1c]000000[1c]OK[1c]57[1f]Success[1f]VTLMC1[1f]411706501833[1f][1f]22[1f]1212MCC111395**[1f]43607931[1f][1c]19[1c]100[1f]0[1f]0[1f]0[1f]0[1f]0[1f][1f][1c]1800[1f]0[1f]0726[1f][1f][1f][1f]02[1f][1f][1f][1f]0[1f][1f][1f][1f][1c]2[1f]20240426020144[1f]20240426020257[1f]43607931[1f][1f][1f][1f][1c][1f][1f][1f][1f][1c][1c][1c]EDCTYPE=CREDIT[1f]HRef=43607931[1f]SN=53509228[1f]GLOBALUID=53509228202404260202570894[1f]CARDBIN=515721[1f]PROGRAMTYPE=0[1f]ARQC=F66BF6118C448996[1f]TVR=0000008001[1f]AID=A0000000041010[1f]TSI=0000[1f]ATC=0129[1f]APPLAB=MASTERCARD[1f]IAD=0114A14003040000000400000000000000FF[1f]CVM=7[1c][1c][1c][1c][03]7
[2024-04-26 14:01:50.977]{}DEBUG:[TcpConnection.java-71 ] send [ 1 ] {TCP} :Send Message =[06]
[2024-04-26 14:01:51.036]{}DEBUG:[AbstractPosLink.java-903 ] unpackTrans [ 1 ] {TCP} :Payment_CREDIT_VOID AUTH Success!
[2024-04-26 14:01:51.037]{}DEBUG:[AbstractPosLink.java-543 ] ProcessTrans [ 1 ] {} :ProcessTrans End...
[2024-04-26 14:05:30.148]{}DEBUG:[AbstractPosLink.java-435 ] ProcessTrans [ 1 ] {} :ProcessTrans Start...
[2024-04-26 14:05:30.162]{}DEBUG:[AbstractPosLink.java-463 ] ProcessTrans [ 1 ] {} :Timeout:
[2024-04-26 14:05:30.164]{}DEBUG:[AbstractPosLink.java-466 ] ProcessTrans [ 1 ] {} :SDK VERSION:V1.13.00_20230606; Timeout:-1
[2024-04-26 14:05:30.169]{}DEBUG:[TcpConnection.java-41 ] connect [ 1 ] {TCP} :ip:192.168.1.110 port:10009
[2024-04-26 14:05:30.177]{}DEBUG:[TcpConnection.java-71 ] send [ 1 ] {TCP} :Send Message =[02]A04[1c]1.62[1c]01[1c]UserName[1c]TA5714099[1c]UserPassword[1c]Hotsauce987![1c]MID[1c]887000001519[1c]DeviceID[1c]88700000151901[1c][1c][1c][03]+
[2024-04-26 14:05:30.325]{}DEBUG:[ProcessSocket.java-459 ] recvAck [ 1 ] {TCP} :Receive Message =[06]
[2024-04-26 14:05:30.769]{}DEBUG:[ProcessSocket.java-547 ] SocketRecv [ 1 ] {TCP} :Receive Message =[02]0[1c]A05[1c]1.47[1c]100025[1c]PLEASE SETTLE[03]\
[2024-04-26 14:05:30.773]{}DEBUG:[TcpConnection.java-71 ] send [ 1 ] {TCP} :Send Message =[06]
[2024-04-26 14:05:30.839]{}ERROR:[AbstractPosLink.java-958 ] unpackTrans [ 1 ] {TCP} :Manage_SETVAR_CREDIT Fail!,ResultTxt =PLEASE SETTLE
[2024-04-26 14:05:30.842]{}DEBUG:[AbstractPosLink.java-543 ] ProcessTrans [ 1 ] {} :ProcessTrans End...
[2024-04-26 14:05:43.982]{}DEBUG:[AbstractPosLink.java-435 ] ProcessTrans [ 1 ] {} :ProcessTrans Start...
[2024-04-26 14:05:43.997]{}DEBUG:[AbstractPosLink.java-463 ] ProcessTrans [ 1 ] {} :Timeout:
[2024-04-26 14:05:43.998]{}DEBUG:[AbstractPosLink.java-466 ] ProcessTrans [ 1 ] {} :SDK VERSION:V1.13.00_20230606; Timeout:-1
[2024-04-26 14:05:44.001]{}DEBUG:[TcpConnection.java-41 ] connect [ 1 ] {TCP} :ip:192.168.1.110 port:10009
[2024-04-26 14:05:44.011]{}DEBUG:[TcpConnection.java-71 ] send [ 1 ] {TCP} :Send Message =[02]B00[1c]1.62[1c][1c][03]F
[2024-04-26 14:05:44.143]{}DEBUG:[ProcessSocket.java-459 ] recvAck [ 1 ] {TCP} :Receive Message =[06]
[2024-04-26 14:05:48.068]{}DEBUG:[ProcessSocket.java-547 ] SocketRecv [ 1 ] {TCP} :Receive Message =[02]0[1c]B01[1c]1.47[1c]000000[1c]OK[1c]00[1f]Success[1f][1f][1f][1f]22[1c]0=0=0=0=0=0=0[1c]0=0=0=0=0=0=0[1c]20240426020658[1c][1c]887000001519[1c][1c][03]2
[2024-04-26 14:05:48.071]{}DEBUG:[TcpConnection.java-71 ] send [ 1 ] {TCP} :Send Message =[06]
[2024-04-26 14:05:48.186]{}DEBUG:[AbstractPosLink.java-991 ] unpackTrans [ 1 ] {TCP} :Batch_BATCHCLOSE_EDCType(NULL) Success!
[2024-04-26 14:05:48.188]{}DEBUG:[AbstractPosLink.java-543 ] ProcessTrans [ 1 ] {} :ProcessTrans End...
[2024-04-26 14:05:56.264]{}DEBUG:[AbstractPosLink.java-435 ] ProcessTrans [ 1 ] {} :ProcessTrans Start...
[2024-04-26 14:05:56.277]{}DEBUG:[AbstractPosLink.java-463 ] ProcessTrans [ 1 ] {} :Timeout:
[2024-04-26 14:05:56.279]{}DEBUG:[AbstractPosLink.java-466 ] ProcessTrans [ 1 ] {} :SDK VERSION:V1.13.00_20230606; Timeout:-1
[2024-04-26 14:05:56.285]{}DEBUG:[TcpConnection.java-41 ] connect [ 1 ] {TCP} :ip:192.168.1.110 port:10009
[2024-04-26 14:05:56.294]{}DEBUG:[TcpConnection.java-71 ] send [ 1 ] {TCP} :Send Message =[02]A04[1c]1.62[1c]01[1c]UserName[1c]TA5714099[1c]UserPassword[1c]Hotsauce987![1c]MID[1c]887000001519[1c]DeviceID[1c]88700000151901[1c][1c][1c][03]+
[2024-04-26 14:05:56.428]{}DEBUG:[ProcessSocket.java-459 ] recvAck [ 1 ] {TCP} :Receive Message =[06]
[2024-04-26 14:05:57.474]{}DEBUG:[ProcessSocket.java-547 ] SocketRecv [ 1 ] {TCP} :Receive Message =[02]0[1c]A05[1c]1.47[1c]000000[1c]OK[03]o
[2024-04-26 14:05:57.476]{}DEBUG:[TcpConnection.java-71 ] send [ 1 ] {TCP} :Send Message =[06]
[2024-04-26 14:05:57.544]{}DEBUG:[AbstractPosLink.java-956 ] unpackTrans [ 1 ] {TCP} :Manage_SETVAR_CREDIT Success!
[2024-04-26 14:05:57.545]{}DEBUG:[AbstractPosLink.java-543 ] ProcessTrans [ 1 ] {} :ProcessTrans End...
[2024-04-26 14:05:57.549]{}DEBUG:[AbstractPosLink.java-435 ] ProcessTrans [ 1 ] {} :ProcessTrans Start...
[2024-04-26 14:05:57.551]{}DEBUG:[AbstractPosLink.java-463 ] ProcessTrans [ 1 ] {} :Timeout:
[2024-04-26 14:05:57.553]{}DEBUG:[AbstractPosLink.java-466 ] ProcessTrans [ 1 ] {} :SDK VERSION:V1.13.00_20230606; Timeout:-1
[2024-04-26 14:05:57.557]{}DEBUG:[TcpConnection.java-41 ] connect [ 1 ] {TCP} :ip:192.168.1.110 port:10009
[2024-04-26 14:05:57.560]{}DEBUG:[TcpConnection.java-71 ] send [ 1 ] {TCP} :Send Message =[02]T00[1c]1.62[1c]03[1c]100[1c][1c]20240426020556[1c][1c][1c][1f][1f][1f][1f][1f][1f][1f][1f][1f][1f][1f][1f][1f][1f][1f][1f][1f][1f][1c][1c][1c][1c]0[1c][1c][1c][03]R
[2024-04-26 14:05:57.735]{}DEBUG:[ProcessSocket.java-459 ] recvAck [ 1 ] {TCP} :Receive Message =[06]
[2024-04-26 14:06:06.343]{}DEBUG:[TcpConnection.java-71 ] send [ 1 ] {TCP} :Send Message =[02]A14[1c]1.62[03]@
[2024-04-26 14:06:08.863]{}DEBUG:[ProcessSocket.java-547 ] SocketRecv [ 1 ] {TCP} :Receive Message =[02]0[1c]T01[1c]1.47[1c]000000[1c]OK[1c]00[1f]Success[1f]VTLMC1[1f]411706501848[1f][1f]23[1f]1212MCC111413**[1f]43607981[1f][1c]03[1c]100[1f]0[1f]0[1f]0[1f]0[1f]0[1f][1f][1c]1800[1f]2[1f]0726[1f][1f][1f][1f]02[1f][1f][1f][1f]0[1f][1f][1f][1f][1c]1[1f]20240426020556[1f]20240426020715[1f][1f][1f][1f][1f][1c][1f][1f][1f][1f][1c][1c][1c]EDCTYPE=CREDIT[1f]HRef=43607981[1f]SN=53509228[1f]GLOBALUID=53509228202404260207157704[1f]CARDBIN=515721[1f]PROGRAMTYPE=1[1f]ARQC=5D5BCF1A9F01C7EF[1f]TVR=0000008001[1f]AID=A0000000041010[1f]TSI=0000[1f]ATC=012A[1f]APPLAB=MASTERCARD[1f]IAD=0114A14003040000000400000000000000FF[1f]CVM=7[1c][1c][1c][1c][03]2
[2024-04-26 14:06:08.867]{}DEBUG:[TcpConnection.java-71 ] send [ 1 ] {TCP} :Send Message =[06]
[2024-04-26 14:06:08.990]{}DEBUG:[AbstractPosLink.java-903 ] unpackTrans [ 1 ] {TCP} :Payment_CREDIT_AUTH Success!
[2024-04-26 14:06:08.992]{}DEBUG:[AbstractPosLink.java-543 ] ProcessTrans [ 1 ] {} :ProcessTrans End...
[2024-04-26 14:06:08.997]{}DEBUG:[AbstractPosLink.java-435 ] ProcessTrans [ 1 ] {} :ProcessTrans Start...
[2024-04-26 14:06:08.999]{}DEBUG:[AbstractPosLink.java-463 ] ProcessTrans [ 1 ] {} :Timeout:
[2024-04-26 14:06:09.000]{}DEBUG:[AbstractPosLink.java-466 ] ProcessTrans [ 1 ] {} :SDK VERSION:V1.13.00_20230606; Timeout:-1
[2024-04-26 14:06:09.001]{}DEBUG:[TcpConnection.java-41 ] connect [ 1 ] {TCP} :ip:192.168.1.110 port:10009
[2024-04-26 14:06:09.004]{}DEBUG:[TcpConnection.java-71 ] send [ 1 ] {TCP} :Send Message =[02]T00[1c]1.62[1c]04[1c]100[1f]0[1f][1f][1f]100[1f][1f]0[1c][1c]20240426020608[1f][1f][1f]1[1c][1c][1c][1f][1f][1f][1f][1f][1f][1f][1f][1f][1f][1f][1f][1f][1f][1f][1f][1f][1f][1c][1c][1c][1c]0[1c][1c][1c][03]B
[2024-04-26 14:06:11.096]{}DEBUG:[ProcessSocket.java-459 ] recvAck [ 1 ] {TCP} :Receive Message =[06]
[2024-04-26 14:06:32.779]{}DEBUG:[ProcessSocket.java-547 ] SocketRecv [ 1 ] {TCP} :Receive Message =[02]0[1c]T01[1c]1.47[1c]000000[1c]OK[1c][1f]Success[1f]VTLMC1[1f][1f][1f]23[1f][1f]43607981[1f][1c]04[1c]100[1f]0[1f]0[1f]0[1f]0[1f]100[1f][1f][1c]1800[1f]0[1f]0726[1f][1f][1f][1f]02[1f][1f][1f][1f]0[1f][1f][1f][1f][1c]2[1f]20240426020608[1f]20240426020739[1f][1f][1f][1f][1f][1c][1f][1f][1f][1f][1c]0[1f]0[1f]0[1f][1f][1f]11111[1f]1[1c][1c]EDCTYPE=CREDIT[1f]HRef=43607981[1f]SN=53509228[1f]GLOBALUID=53509228202404260207395084[1f]CARDBIN=515721[1f]PROGRAMTYPE=1[1f]ARQC=5D5BCF1A9F01C7EF[1f]TVR=0000008001[1f]AID=A0000000041010[1f]TSI=0000[1f]ATC=012A[1f]APPLAB=MASTERCARD[1f]IAD=0114A14003040000000400000000000000FF[1f]CVM=7[1c][1c][1c][1c][03]O
[2024-04-26 14:06:32.783]{}DEBUG:[TcpConnection.java-71 ] send [ 1 ] {TCP} :Send Message =[06]
[2024-04-26 14:06:32.842]{}DEBUG:[AbstractPosLink.java-903 ] unpackTrans [ 1 ] {TCP} :Payment_CREDIT_POSTAUTH Success!
[2024-04-26 14:06:32.844]{}DEBUG:[AbstractPosLink.java-543 ] ProcessTrans [ 1 ] {} :ProcessTrans End...
[2024-04-26 14:06:32.848]{}DEBUG:[AbstractPosLink.java-435 ] ProcessTrans [ 1 ] {} :ProcessTrans Start...
[2024-04-26 14:06:32.849]{}DEBUG:[AbstractPosLink.java-463 ] ProcessTrans [ 1 ] {} :Timeout:
[2024-04-26 14:06:32.851]{}DEBUG:[AbstractPosLink.java-466 ] ProcessTrans [ 1 ] {} :SDK VERSION:V1.13.00_20230606; Timeout:-1
[2024-04-26 14:06:32.852]{}DEBUG:[TcpConnection.java-41 ] connect [ 1 ] {TCP} :ip:192.168.1.110 port:10009
[2024-04-26 14:06:32.856]{}DEBUG:[TcpConnection.java-71 ] send [ 1 ] {TCP} :Send Message =[02]T00[1c]1.62[1c]16[1c][1c][1c]20240426020632[1f][1f][1f]2[1c][1c][1c][1f][1f][1f][1f][1f][1f][1f][1f][1f][1f][1f][1f][1f][1f][1f][1f][1f][1f][1c][1c][1c][1c]0[1c][1c][1c][03]K
[2024-04-26 14:06:35.056]{}DEBUG:[ProcessSocket.java-459 ] recvAck [ 1 ] {TCP} :Receive Message =[06]
[2024-04-26 14:06:39.601]{}DEBUG:[ProcessSocket.java-547 ] SocketRecv [ 1 ] {TCP} :Receive Message =[02]0[1c]T01[1c]1.47[1c]000000[1c]OK[1c]57[1f]Success[1f]VTLMC1[1f]411706501848[1f][1f]23[1f]1212MCC111413**[1f]43607981[1f][1c]20[1c]100[1f]0[1f]0[1f]0[1f]0[1f]100[1f][1f][1c]1800[1f]0[1f]0726[1f][1f][1f][1f]02[1f][1f][1f][1f]0[1f][1f][1f][1f][1c]3[1f]20240426020632[1f]20240426020746[1f]43607981[1f][1f][1f][1f][1c][1f][1f][1f][1f][1c][1c][1c]EDCTYPE=CREDIT[1f]HRef=43607981[1f]SN=53509228[1f]GLOBALUID=53509228202404260207466432[1f]CARDBIN=515721[1f]PROGRAMTYPE=0[1f]ARQC=5D5BCF1A9F01C7EF[1f]TVR=0000008001[1f]AID=A0000000041010[1f]TSI=0000[1f]ATC=012A[1f]APPLAB=MASTERCARD[1f]IAD=0114A14003040000000400000000000000FF[1f]CVM=7[1c][1c][1c][1c][03]1
[2024-04-26 14:06:39.605]{}DEBUG:[TcpConnection.java-71 ] send [ 1 ] {TCP} :Send Message =[06]
[2024-04-26 14:06:39.666]{}DEBUG:[AbstractPosLink.java-903 ] unpackTrans [ 1 ] {TCP} :Payment_CREDIT_VOID Success!
[2024-04-26 14:06:39.669]{}DEBUG:[AbstractPosLink.java-543 ] ProcessTrans [ 1 ] {} :ProcessTrans End...
[2024-04-26 14:23:14.547]{}DEBUG:[AbstractPosLink.java-435 ] ProcessTrans [ 1 ] {} :ProcessTrans Start...
[2024-04-26 14:23:14.564]{}DEBUG:[AbstractPosLink.java-463 ] ProcessTrans [ 1 ] {} :Timeout:
[2024-04-26 14:23:14.565]{}DEBUG:[AbstractPosLink.java-466 ] ProcessTrans [ 1 ] {} :SDK VERSION:V1.13.00_20230606; Timeout:-1
[2024-04-26 14:23:14.570]{}DEBUG:[TcpConnection.java-41 ] connect [ 1 ] {TCP} :ip:192.168.1.110 port:10009
[2024-04-26 14:23:14.578]{}DEBUG:[TcpConnection.java-71 ] send [ 1 ] {TCP} :Send Message =[02]A04[1c]1.62[1c]01[1c]UserName[1c]TA5714099[1c]UserPassword[1c]Hotsauce987![1c]MID[1c]887000001519[1c]DeviceID[1c]88700000151901[1c][1c][1c][03]+
[2024-04-26 14:23:14.721]{}DEBUG:[ProcessSocket.java-459 ] recvAck [ 1 ] {TCP} :Receive Message =[06]
[2024-04-26 14:23:15.163]{}DEBUG:[ProcessSocket.java-547 ] SocketRecv [ 1 ] {TCP} :Receive Message =[02]0[1c]A05[1c]1.47[1c]100025[1c]PLEASE SETTLE[03]\
[2024-04-26 14:23:15.166]{}DEBUG:[TcpConnection.java-71 ] send [ 1 ] {TCP} :Send Message =[06]
[2024-04-26 14:23:15.239]{}ERROR:[AbstractPosLink.java-958 ] unpackTrans [ 1 ] {TCP} :Manage_SETVAR_CREDIT Fail!,ResultTxt =PLEASE SETTLE
[2024-04-26 14:23:15.241]{}DEBUG:[AbstractPosLink.java-543 ] ProcessTrans [ 1 ] {} :ProcessTrans End...
[2024-04-26 14:23:20.644]{}DEBUG:[AbstractPosLink.java-435 ] ProcessTrans [ 1 ] {} :ProcessTrans Start...
[2024-04-26 14:23:20.658]{}DEBUG:[AbstractPosLink.java-463 ] ProcessTrans [ 1 ] {} :Timeout:
[2024-04-26 14:23:20.660]{}DEBUG:[AbstractPosLink.java-466 ] ProcessTrans [ 1 ] {} :SDK VERSION:V1.13.00_20230606; Timeout:-1
[2024-04-26 14:23:20.663]{}DEBUG:[TcpConnection.java-41 ] connect [ 1 ] {TCP} :ip:192.168.1.110 port:10009
[2024-04-26 14:23:20.672]{}DEBUG:[TcpConnection.java-71 ] send [ 1 ] {TCP} :Send Message =[02]B00[1c]1.62[1c][1c][03]F
[2024-04-26 14:23:20.826]{}DEBUG:[ProcessSocket.java-459 ] recvAck [ 1 ] {TCP} :Receive Message =[06]
[2024-04-26 14:23:24.743]{}DEBUG:[ProcessSocket.java-547 ] SocketRecv [ 1 ] {TCP} :Receive Message =[02]0[1c]B01[1c]1.47[1c]000000[1c]OK[1c]00[1f]Success[1f][1f][1f][1f]23[1c]0=0=0=0=0=0=0[1c]0=0=0=0=0=0=0[1c]20240426022435[1c][1c]887000001519[1c][1c][03]8
[2024-04-26 14:23:24.746]{}DEBUG:[TcpConnection.java-71 ] send [ 1 ] {TCP} :Send Message =[06]
[2024-04-26 14:23:24.862]{}DEBUG:[AbstractPosLink.java-991 ] unpackTrans [ 1 ] {TCP} :Batch_BATCHCLOSE_EDCType(NULL) Success!
[2024-04-26 14:23:24.864]{}DEBUG:[AbstractPosLink.java-543 ] ProcessTrans [ 1 ] {} :ProcessTrans End...
[2024-04-26 14:23:28.129]{}DEBUG:[AbstractPosLink.java-435 ] ProcessTrans [ 1 ] {} :ProcessTrans Start...
[2024-04-26 14:23:28.144]{}DEBUG:[AbstractPosLink.java-463 ] ProcessTrans [ 1 ] {} :Timeout:
[2024-04-26 14:23:28.145]{}DEBUG:[AbstractPosLink.java-466 ] ProcessTrans [ 1 ] {} :SDK VERSION:V1.13.00_20230606; Timeout:-1
[2024-04-26 14:23:28.151]{}DEBUG:[TcpConnection.java-41 ] connect [ 1 ] {TCP} :ip:192.168.1.110 port:10009
[2024-04-26 14:23:28.162]{}DEBUG:[TcpConnection.java-71 ] send [ 1 ] {TCP} :Send Message =[02]A04[1c]1.62[1c]01[1c]UserName[1c]TA5714099[1c]UserPassword[1c]Hotsauce987![1c]MID[1c]887000001519[1c]DeviceID[1c]88700000151901[1c][1c][1c][03]+
[2024-04-26 14:23:28.287]{}DEBUG:[ProcessSocket.java-459 ] recvAck [ 1 ] {TCP} :Receive Message =[06]
[2024-04-26 14:23:29.159]{}DEBUG:[ProcessSocket.java-547 ] SocketRecv [ 1 ] {TCP} :Receive Message =[02]0[1c]A05[1c]1.47[1c]000000[1c]OK[03]o
[2024-04-26 14:23:29.162]{}DEBUG:[TcpConnection.java-71 ] send [ 1 ] {TCP} :Send Message =[06]
[2024-04-26 14:23:29.228]{}DEBUG:[AbstractPosLink.java-956 ] unpackTrans [ 1 ] {TCP} :Manage_SETVAR_CREDIT Success!
[2024-04-26 14:23:29.231]{}DEBUG:[AbstractPosLink.java-543 ] ProcessTrans [ 1 ] {} :ProcessTrans End...
[2024-04-26 14:23:29.236]{}DEBUG:[AbstractPosLink.java-435 ] ProcessTrans [ 1 ] {} :ProcessTrans Start...
[2024-04-26 14:23:29.238]{}DEBUG:[AbstractPosLink.java-463 ] ProcessTrans [ 1 ] {} :Timeout:
[2024-04-26 14:23:29.239]{}DEBUG:[AbstractPosLink.java-466 ] ProcessTrans [ 1 ] {} :SDK VERSION:V1.13.00_20230606; Timeout:-1
[2024-04-26 14:23:29.242]{}DEBUG:[TcpConnection.java-41 ] connect [ 1 ] {TCP} :ip:192.168.1.110 port:10009
[2024-04-26 14:23:29.247]{}DEBUG:[TcpConnection.java-71 ] send [ 1 ] {TCP} :Send Message =[02]T00[1c]1.62[1c]03[1c]100[1c][1c]20240426022328[1c][1c][1c][1f][1f][1f][1f][1f][1f][1f][1f][1f][1f][1f][1f][1f][1f][1f][1f][1f][1f][1c][1c][1c][1c]0[1c][1c][1c][03]_
[2024-04-26 14:23:29.411]{}DEBUG:[ProcessSocket.java-459 ] recvAck [ 1 ] {TCP} :Receive Message =[06]
[2024-04-26 14:23:32.731]{}DEBUG:[ProcessSocket.java-547 ] SocketRecv [ 1 ] {TCP} :Receive Message =[02]0[1c]T01[1c]1.47[1c]100002[1c]ABORTED[03]2
[2024-04-26 14:23:32.735]{}DEBUG:[TcpConnection.java-71 ] send [ 1 ] {TCP} :Send Message =[06]
[2024-04-26 14:23:32.851]{}ERROR:[AbstractPosLink.java-905 ] unpackTrans [ 1 ] {TCP} :Payment_CREDIT_AUTH Fail!,ResultTxt =ABORTED
[2024-04-26 14:23:32.853]{}DEBUG:[AbstractPosLink.java-543 ] ProcessTrans [ 1 ] {} :ProcessTrans End...
[2024-04-26 14:36:53.579]{}DEBUG:[AbstractPosLink.java-435 ] ProcessTrans [ 1 ] {} :ProcessTrans Start...
[2024-04-26 14:36:53.594]{}DEBUG:[AbstractPosLink.java-463 ] ProcessTrans [ 1 ] {} :Timeout:
[2024-04-26 14:36:53.595]{}DEBUG:[AbstractPosLink.java-466 ] ProcessTrans [ 1 ] {} :SDK VERSION:V1.13.00_20230606; Timeout:-1
[2024-04-26 14:36:53.602]{}DEBUG:[TcpConnection.java-41 ] connect [ 1 ] {TCP} :ip:192.168.1.110 port:10009
[2024-04-26 14:36:53.606]{}DEBUG:[TcpConnection.java-71 ] send [ 1 ] {TCP} :Send Message =[02]T00[1c]1.62[1c]01[1c]100[1f]0[1f][1f][1f]100[1f][1f]0[1c][1c]20240426023653[1f][1f][1f][1f][1f]20240426023653[1c][1c][1c][1f][1f][1f][1f][1f][1f][1f][1f][1f][1f][1f][1f][1f][1f][1f][1f][1f][1f][1c][1c][1c][1c]0[1c][1c][1c][03]~
[2024-04-26 14:36:53.736]{}DEBUG:[ProcessSocket.java-459 ] recvAck [ 1 ] {TCP} :Receive Message =[06]
[2024-04-26 14:37:03.586]{}DEBUG:[TcpConnection.java-71 ] send [ 1 ] {TCP} :Send Message =[02]A14[1c]1.62[03]@
[2024-04-26 14:37:05.655]{}DEBUG:[ProcessSocket.java-547 ] SocketRecv [ 1 ] {TCP} :Receive Message =[02]0[1c]T01[1c]1.47[1c]000000[1c]OK[1c]00[1f]Success[1f]VTLMC1[1f]411706500074[1f][1f]24[1f]1212MCC111563**[1f]43608339[1f][1c]01[1c]100[1f]0[1f]0[1f]0[1f]0[1f]0[1f][1f][1c]1800[1f]2[1f]0726[1f][1f][1f][1f]02[1f][1f][1f][1f]0[1f][1f][1f][1f][1c]1[1f]20240426023653[1f]20240426023812[1f][1f][1f][1f][1f][1c][1f][1f][1f][1f][1c][1c][1c]EDCTYPE=CREDIT[1f]HRef=43608339[1f]SN=53509228[1f]GLOBALUID=53509228202404260238123487[1f]CARDBIN=515721[1f]PROGRAMTYPE=1[1f]ARQC=4DD7C77C2A572842[1f]TVR=0000008001[1f]AID=A0000000041010[1f]TSI=0000[1f]ATC=012B[1f]APPLAB=MASTERCARD[1f]IAD=0114A14003040000000400000000000000FF[1f]CVM=7[1c][1c][1c][1c][03]9
[2024-04-26 14:37:05.659]{}DEBUG:[TcpConnection.java-71 ] send [ 1 ] {TCP} :Send Message =[06]
[2024-04-26 14:37:05.778]{}DEBUG:[AbstractPosLink.java-903 ] unpackTrans [ 1 ] {TCP} :Payment_CREDIT_SALE Success!
[2024-04-26 14:37:05.780]{}DEBUG:[AbstractPosLink.java-543 ] ProcessTrans [ 1 ] {} :ProcessTrans End...
[2024-04-26 14:37:05.793]{}DEBUG:[AbstractPosLink.java-435 ] ProcessTrans [ 1 ] {} :ProcessTrans Start...
[2024-04-26 14:37:05.794]{}DEBUG:[AbstractPosLink.java-463 ] ProcessTrans [ 1 ] {} :Timeout:
[2024-04-26 14:37:05.795]{}DEBUG:[AbstractPosLink.java-466 ] ProcessTrans [ 1 ] {} :SDK VERSION:V1.13.00_20230606; Timeout:-1
[2024-04-26 14:37:05.796]{}DEBUG:[TcpConnection.java-41 ] connect [ 1 ] {TCP} :ip:192.168.1.110 port:10009
[2024-04-26 14:37:05.801]{}DEBUG:[TcpConnection.java-71 ] send [ 1 ] {TCP} :Send Message =[02]T00[1c]1.62[1c]16[1c][1c][1c]20240426023705[1f][1f][1f]1[1c][1c][1c][1f][1f][1f][1f][1f][1f][1f][1f][1f][1f][1f][1f][1f][1f][1f][1f][1f][1f][1c][1c][1c][1c]0[1c][1c][1c][03]N
[2024-04-26 14:37:07.888]{}DEBUG:[ProcessSocket.java-459 ] recvAck [ 1 ] {TCP} :Receive Message =[06]
[2024-04-26 14:37:12.431]{}DEBUG:[ProcessSocket.java-547 ] SocketRecv [ 1 ] {TCP} :Receive Message =[02]0[1c]T01[1c]1.47[1c]000000[1c]OK[1c]57[1f]Success[1f]VTLMC1[1f]411706500074[1f][1f]24[1f]1212MCC111563**[1f]43608339[1f][1c]17[1c]100[1f]0[1f]0[1f]0[1f]0[1f]0[1f][1f][1c]1800[1f]0[1f]0726[1f][1f][1f][1f]02[1f][1f][1f][1f]0[1f][1f][1f][1f][1c]2[1f]20240426023705[1f]20240426023819[1f]43608339[1f][1f][1f][1f][1c][1f][1f][1f][1f][1c][1c][1c]EDCTYPE=CREDIT[1f]HRef=43608339[1f]SN=53509228[1f]GLOBALUID=53509228202404260238191126[1f]CARDBIN=515721[1f]PROGRAMTYPE=0[1f]ARQC=4DD7C77C2A572842[1f]TVR=0000008001[1f]AID=A0000000041010[1f]TSI=0000[1f]ATC=012B[1f]APPLAB=MASTERCARD[1f]IAD=0114A14003040000000400000000000000FF[1f]CVM=7[1c][1c][1c][1c][03]2
[2024-04-26 14:37:12.435]{}DEBUG:[TcpConnection.java-71 ] send [ 1 ] {TCP} :Send Message =[06]
[2024-04-26 14:37:12.498]{}DEBUG:[AbstractPosLink.java-903 ] unpackTrans [ 1 ] {TCP} :Payment_CREDIT_VOID Success!
[2024-04-26 14:37:12.499]{}DEBUG:[AbstractPosLink.java-543 ] ProcessTrans [ 1 ] {} :ProcessTrans End...
[2024-04-26 14:49:05.489]{}DEBUG:[AbstractPosLink.java-435 ] ProcessTrans [ 1 ] {} :ProcessTrans Start...
[2024-04-26 14:49:05.505]{}DEBUG:[AbstractPosLink.java-463 ] ProcessTrans [ 1 ] {} :Timeout:
[2024-04-26 14:49:05.507]{}DEBUG:[AbstractPosLink.java-466 ] ProcessTrans [ 1 ] {} :SDK VERSION:V1.13.00_20230606; Timeout:-1
[2024-04-26 14:49:05.514]{}DEBUG:[TcpConnection.java-41 ] connect [ 1 ] {TCP} :ip:192.168.1.110 port:10009
[2024-04-26 14:49:05.520]{}DEBUG:[TcpConnection.java-71 ] send [ 1 ] {TCP} :Send Message =[02]T00[1c]1.62[1c]01[1c]100[1f]0[1f][1f][1f]100[1f][1f]0[1c][1c]20240426024905[1f][1f][1f][1f][1f]20240426024905[1c][1c][1c][1f][1f][1f][1f][1f][1f][1f][1f][1f][1f][1f][1f][1f][1f][1f][1f][1f][1f][1c][1c][1c][1c]0[1c][1c][1c][03]~
[2024-04-26 14:49:05.674]{}DEBUG:[ProcessSocket.java-459 ] recvAck [ 1 ] {TCP} :Receive Message =[06]
[2024-04-26 14:49:15.562]{}DEBUG:[TcpConnection.java-71 ] send [ 1 ] {TCP} :Send Message =[02]A14[1c]1.62[03]@
[2024-04-26 14:49:19.062]{}DEBUG:[ProcessSocket.java-547 ] SocketRecv [ 1 ] {TCP} :Receive Message =[02]0[1c]T01[1c]1.47[1c]000000[1c]OK[1c]00[1f]Success[1f]VTLMC1[1f]411706500150[1f][1f]24[1f]1212MCC111600**[1f]43608481[1f][1c]01[1c]100[1f]0[1f]0[1f]0[1f]0[1f]0[1f][1f][1c]1800[1f]2[1f]0726[1f][1f][1f][1f]02[1f][1f][1f][1f]0[1f][1f][1f][1f][1c]3[1f]20240426024905[1f]20240426025024[1f][1f][1f][1f][1f][1c][1f][1f][1f][1f][1c][1c][1c]EDCTYPE=CREDIT[1f]HRef=43608481[1f]SN=53509228[1f]GLOBALUID=53509228202404260250243837[1f]CARDBIN=515721[1f]PROGRAMTYPE=1[1f]ARQC=58092153536515FD[1f]TVR=0000008001[1f]AID=A0000000041010[1f]TSI=0000[1f]ATC=012C[1f]APPLAB=MASTERCARD[1f]IAD=0114A14003040000000400000000000000FF[1f]CVM=7[1c][1c][1c][1c][03]K
[2024-04-26 14:49:19.065]{}DEBUG:[TcpConnection.java-71 ] send [ 1 ] {TCP} :Send Message =[06]
[2024-04-26 14:49:19.184]{}DEBUG:[AbstractPosLink.java-903 ] unpackTrans [ 1 ] {TCP} :Payment_CREDIT_SALE Success!
[2024-04-26 14:49:19.186]{}DEBUG:[AbstractPosLink.java-543 ] ProcessTrans [ 1 ] {} :ProcessTrans End...
[2024-04-26 14:49:19.194]{}DEBUG:[AbstractPosLink.java-435 ] ProcessTrans [ 1 ] {} :ProcessTrans Start...
[2024-04-26 14:49:19.196]{}DEBUG:[AbstractPosLink.java-463 ] ProcessTrans [ 1 ] {} :Timeout:
[2024-04-26 14:49:19.197]{}DEBUG:[AbstractPosLink.java-466 ] ProcessTrans [ 1 ] {} :SDK VERSION:V1.13.00_20230606; Timeout:-1
[2024-04-26 14:49:19.198]{}DEBUG:[TcpConnection.java-41 ] connect [ 1 ] {TCP} :ip:192.168.1.110 port:10009
[2024-04-26 14:49:19.203]{}DEBUG:[TcpConnection.java-71 ] send [ 1 ] {TCP} :Send Message =[02]T00[1c]1.62[1c]06[1c]0[1c][1c]20240426024919[1f][1f][1f]3[1c][1c][1c][1f][1f][1f][1f][1f][1f][1f][1f][1f][1f][1f][1f][1f][1f][1f][1f][1f][1f][1c][1c][1c][1c]0[1c][1c][1c][03]y
[2024-04-26 14:49:21.295]{}DEBUG:[ProcessSocket.java-459 ] recvAck [ 1 ] {TCP} :Receive Message =[06]
[2024-04-26 14:49:25.246]{}DEBUG:[ProcessSocket.java-547 ] SocketRecv [ 1 ] {TCP} :Receive Message =[02]0[1c]T01[1c]1.47[1c]000000[1c]OK[1c][1f]Success[1f]VTLMC1[1f]411706500150[1f][1f]24[1f]1212MCC111600**[1f]43608481[1f][1c]06[1c]100[1f]0[1f]0[1f]0[1f]0[1f]0[1f][1f][1c]1800[1f]0[1f]0726[1f][1f][1f][1f]02[1f][1f][1f][1f]0[1f][1f][1f][1f][1c]3[1f]20240426024919[1f]20240426025024[1f][1f][1f][1f][1f][1c][1f][1f][1f][1f][1c][1c][1c]ORIGTIP=0[1f]EDCTYPE=CREDIT[1f]HRef=43608481[1f]SN=53509228[1f]GLOBALUID=53509228202404260250243837[1f]CARDBIN=515721[1f]PROGRAMTYPE=1[1f]ARQC=58092153536515FD[1f]TVR=0000008001[1f]AID=A0000000041010[1f]TSI=0000[1f]ATC=012C[1f]APPLAB=MASTERCARD[1f]IAD=0114A14003040000000400000000000000FF[1f]CVM=7[1c][1c][1c][1c][03][0f]
[2024-04-26 14:49:25.250]{}DEBUG:[TcpConnection.java-71 ] send [ 1 ] {TCP} :Send Message =[06]
[2024-04-26 14:49:25.310]{}DEBUG:[AbstractPosLink.java-903 ] unpackTrans [ 1 ] {TCP} :Payment_CREDIT_ADJUST Success!
[2024-04-26 14:49:25.312]{}DEBUG:[AbstractPosLink.java-543 ] ProcessTrans [ 1 ] {} :ProcessTrans End...
[2024-04-26 14:49:25.315]{}DEBUG:[AbstractPosLink.java-435 ] ProcessTrans [ 1 ] {} :ProcessTrans Start...
[2024-04-26 14:49:25.317]{}DEBUG:[AbstractPosLink.java-463 ] ProcessTrans [ 1 ] {} :Timeout:
[2024-04-26 14:49:25.318]{}DEBUG:[AbstractPosLink.java-466 ] ProcessTrans [ 1 ] {} :SDK VERSION:V1.13.00_20230606; Timeout:-1
[2024-04-26 14:49:25.319]{}DEBUG:[TcpConnection.java-41 ] connect [ 1 ] {TCP} :ip:192.168.1.110 port:10009
[2024-04-26 14:49:25.323]{}DEBUG:[TcpConnection.java-71 ] send [ 1 ] {TCP} :Send Message =[02]T00[1c]1.62[1c]06[1c]100[1c][1c]20240426024925[1f][1f][1f]3[1c][1c][1c][1f][1f][1f][1f][1f][1f][1f][1f][1f][1f][1f][1f][1f][1f][1f][1f][1f][1f][1c][1c][1c][1c]0[1c][1c][1c][03]w
[2024-04-26 14:49:25.922]{}DEBUG:[ProcessSocket.java-459 ] recvAck [ 1 ] {TCP} :Receive Message =[06]
[2024-04-26 14:49:29.846]{}DEBUG:[ProcessSocket.java-547 ] SocketRecv [ 1 ] {TCP} :Receive Message =[02]0[1c]T01[1c]1.47[1c]000000[1c]OK[1c][1f]Success[1f]VTLMC1[1f]411706500150[1f][1f]24[1f]1212MCC111600**[1f]43608481[1f][1c]06[1c]200[1f]0[1f]100[1f]0[1f]0[1f]0[1f][1f][1c]1800[1f]0[1f]0726[1f][1f][1f][1f]02[1f][1f][1f][1f]0[1f][1f][1f][1f][1c]3[1f]20240426024925[1f]20240426025024[1f][1f][1f][1f][1f][1c][1f][1f][1f][1f][1c][1c][1c]ORIGTIP=0[1f]EDCTYPE=CREDIT[1f]HRef=43608481[1f]SN=53509228[1f]GLOBALUID=53509228202404260250243837[1f]CARDBIN=515721[1f]PROGRAMTYPE=1[1f]ARQC=58092153536515FD[1f]TVR=0000008001[1f]AID=A0000000041010[1f]TSI=0000[1f]ATC=012C[1f]APPLAB=MASTERCARD[1f]IAD=0114A14003040000000400000000000000FF[1f]CVM=7[1c][1c][1c][1c][03][02]
[2024-04-26 14:49:29.849]{}DEBUG:[TcpConnection.java-71 ] send [ 1 ] {TCP} :Send Message =[06]
[2024-04-26 14:49:29.911]{}DEBUG:[AbstractPosLink.java-903 ] unpackTrans [ 1 ] {TCP} :Payment_CREDIT_ADJUST Success!
[2024-04-26 14:49:29.912]{}DEBUG:[AbstractPosLink.java-543 ] ProcessTrans [ 1 ] {} :ProcessTrans End...
[2024-04-26 14:49:29.915]{}DEBUG:[AbstractPosLink.java-435 ] ProcessTrans [ 1 ] {} :ProcessTrans Start...
[2024-04-26 14:49:29.916]{}DEBUG:[AbstractPosLink.java-463 ] ProcessTrans [ 1 ] {} :Timeout:
[2024-04-26 14:49:29.917]{}DEBUG:[AbstractPosLink.java-466 ] ProcessTrans [ 1 ] {} :SDK VERSION:V1.13.00_20230606; Timeout:-1
[2024-04-26 14:49:29.918]{}DEBUG:[TcpConnection.java-41 ] connect [ 1 ] {TCP} :ip:192.168.1.110 port:10009
[2024-04-26 14:49:29.921]{}DEBUG:[TcpConnection.java-71 ] send [ 1 ] {TCP} :Send Message =[02]T00[1c]1.62[1c]16[1c][1c][1c]20240426024929[1f][1f][1f]3[1c][1c][1c][1f][1f][1f][1f][1f][1f][1f][1f][1f][1f][1f][1f][1f][1f][1f][1f][1f][1f][1c][1c][1c][1c]0[1c][1c][1c][03]K
[2024-04-26 14:49:30.534]{}DEBUG:[ProcessSocket.java-459 ] recvAck [ 1 ] {TCP} :Receive Message =[06]
[2024-04-26 14:49:35.059]{}DEBUG:[ProcessSocket.java-547 ] SocketRecv [ 1 ] {TCP} :Receive Message =[02]0[1c]T01[1c]1.47[1c]000000[1c]OK[1c]57[1f]Success[1f]VTLMC1[1f]411706500150[1f][1f]24[1f]1212MCC111600**[1f]43608481[1f][1c]17[1c]200[1f]0[1f]100[1f]0[1f]0[1f]0[1f][1f][1c]1800[1f]0[1f]0726[1f][1f][1f][1f]02[1f][1f][1f][1f]0[1f][1f][1f][1f][1c]4[1f]20240426024929[1f]20240426025042[1f]43608481[1f][1f][1f][1f][1c][1f][1f][1f][1f][1c][1c][1c]EDCTYPE=CREDIT[1f]HRef=43608481[1f]SN=53509228[1f]GLOBALUID=53509228202404260250426731[1f]CARDBIN=515721[1f]PROGRAMTYPE=0[1f]ARQC=58092153536515FD[1f]TVR=0000008001[1f]AID=A0000000041010[1f]TSI=0000[1f]ATC=012C[1f]APPLAB=MASTERCARD[1f]IAD=0114A14003040000000400000000000000FF[1f]CVM=7[1c][1c][1c][1c][03]N
[2024-04-26 14:49:35.063]{}DEBUG:[TcpConnection.java-71 ] send [ 1 ] {TCP} :Send Message =[06]
[2024-04-26 14:49:35.128]{}DEBUG:[AbstractPosLink.java-903 ] unpackTrans [ 1 ] {TCP} :Payment_CREDIT_VOID Success!
[2024-04-26 14:49:35.129]{}DEBUG:[AbstractPosLink.java-543 ] ProcessTrans [ 1 ] {} :ProcessTrans End...
[2024-04-26 14:49:55.140]{}DEBUG:[AbstractPosLink.java-435 ] ProcessTrans [ 1 ] {} :ProcessTrans Start...
[2024-04-26 14:49:55.154]{}DEBUG:[AbstractPosLink.java-463 ] ProcessTrans [ 1 ] {} :Timeout:
[2024-04-26 14:49:55.156]{}DEBUG:[AbstractPosLink.java-466 ] ProcessTrans [ 1 ] {} :SDK VERSION:V1.13.00_20230606; Timeout:-1
[2024-04-26 14:49:55.162]{}DEBUG:[TcpConnection.java-41 ] connect [ 1 ] {TCP} :ip:192.168.1.110 port:10009
[2024-04-26 14:49:55.170]{}DEBUG:[TcpConnection.java-71 ] send [ 1 ] {TCP} :Send Message =[02]A04[1c]1.62[1c]01[1c]UserName[1c]TA5714099[1c]UserPassword[1c]Hotsauce987![1c]MID[1c]887000001519[1c]DeviceID[1c]88700000151901[1c][1c][1c][03]+
[2024-04-26 14:49:55.300]{}DEBUG:[ProcessSocket.java-459 ] recvAck [ 1 ] {TCP} :Receive Message =[06]
[2024-04-26 14:49:55.739]{}DEBUG:[ProcessSocket.java-547 ] SocketRecv [ 1 ] {TCP} :Receive Message =[02]0[1c]A05[1c]1.47[1c]100025[1c]PLEASE SETTLE[03]\
[2024-04-26 14:49:55.743]{}DEBUG:[TcpConnection.java-71 ] send [ 1 ] {TCP} :Send Message =[06]
[2024-04-26 14:49:55.807]{}ERROR:[AbstractPosLink.java-958 ] unpackTrans [ 1 ] {TCP} :Manage_SETVAR_CREDIT Fail!,ResultTxt =PLEASE SETTLE
[2024-04-26 14:49:55.809]{}DEBUG:[AbstractPosLink.java-543 ] ProcessTrans [ 1 ] {} :ProcessTrans End...
[2024-04-26 14:50:04.573]{}DEBUG:[AbstractPosLink.java-435 ] ProcessTrans [ 1 ] {} :ProcessTrans Start...
[2024-04-26 14:50:04.588]{}DEBUG:[AbstractPosLink.java-463 ] ProcessTrans [ 1 ] {} :Timeout:
[2024-04-26 14:50:04.590]{}DEBUG:[AbstractPosLink.java-466 ] ProcessTrans [ 1 ] {} :SDK VERSION:V1.13.00_20230606; Timeout:-1
[2024-04-26 14:50:04.595]{}DEBUG:[TcpConnection.java-41 ] connect [ 1 ] {TCP} :ip:192.168.1.110 port:10009
[2024-04-26 14:50:04.605]{}DEBUG:[TcpConnection.java-71 ] send [ 1 ] {TCP} :Send Message =[02]A04[1c]1.62[1c]01[1c]UserName[1c]TA5714099[1c]UserPassword[1c]Hotsauce987![1c]MID[1c]887000001519[1c]DeviceID[1c]88700000151901[1c][1c][1c][03]+
[2024-04-26 14:50:04.735]{}DEBUG:[ProcessSocket.java-459 ] recvAck [ 1 ] {TCP} :Receive Message =[06]
[2024-04-26 14:50:05.188]{}DEBUG:[ProcessSocket.java-547 ] SocketRecv [ 1 ] {TCP} :Receive Message =[02]0[1c]A05[1c]1.47[1c]100025[1c]PLEASE SETTLE[03]\
[2024-04-26 14:50:05.193]{}DEBUG:[TcpConnection.java-71 ] send [ 1 ] {TCP} :Send Message =[06]
[2024-04-26 14:50:05.255]{}ERROR:[AbstractPosLink.java-958 ] unpackTrans [ 1 ] {TCP} :Manage_SETVAR_CREDIT Fail!,ResultTxt =PLEASE SETTLE
[2024-04-26 14:50:05.259]{}DEBUG:[AbstractPosLink.java-543 ] ProcessTrans [ 1 ] {} :ProcessTrans End...
[2024-04-26 14:50:12.635]{}DEBUG:[AbstractPosLink.java-435 ] ProcessTrans [ 1 ] {} :ProcessTrans Start...
[2024-04-26 14:50:12.650]{}DEBUG:[AbstractPosLink.java-463 ] ProcessTrans [ 1 ] {} :Timeout:
[2024-04-26 14:50:12.651]{}DEBUG:[AbstractPosLink.java-466 ] ProcessTrans [ 1 ] {} :SDK VERSION:V1.13.00_20230606; Timeout:-1
[2024-04-26 14:50:12.655]{}DEBUG:[TcpConnection.java-41 ] connect [ 1 ] {TCP} :ip:192.168.1.110 port:10009
[2024-04-26 14:50:12.664]{}DEBUG:[TcpConnection.java-71 ] send [ 1 ] {TCP} :Send Message =[02]B00[1c]1.62[1c][1c][03]F
[2024-04-26 14:50:12.785]{}DEBUG:[ProcessSocket.java-459 ] recvAck [ 1 ] {TCP} :Receive Message =[06]
[2024-04-26 14:50:16.767]{}DEBUG:[ProcessSocket.java-547 ] SocketRecv [ 1 ] {TCP} :Receive Message =[02]0[1c]B01[1c]1.47[1c]000000[1c]OK[1c]00[1f]Success[1f][1f][1f][1f]24[1c]0=0=0=0=0=0=0[1c]0=0=0=0=0=0=0[1c]20240426025127[1c][1c]887000001519[1c][1c][03]>
[2024-04-26 14:50:16.775]{}DEBUG:[TcpConnection.java-71 ] send [ 1 ] {TCP} :Send Message =[06]
[2024-04-26 14:50:16.900]{}DEBUG:[AbstractPosLink.java-991 ] unpackTrans [ 1 ] {TCP} :Batch_BATCHCLOSE_EDCType(NULL) Success!
[2024-04-26 14:50:16.902]{}DEBUG:[AbstractPosLink.java-543 ] ProcessTrans [ 1 ] {} :ProcessTrans End...
[2024-04-26 14:50:22.373]{}DEBUG:[AbstractPosLink.java-435 ] ProcessTrans [ 1 ] {} :ProcessTrans Start...
[2024-04-26 14:50:22.387]{}DEBUG:[AbstractPosLink.java-463 ] ProcessTrans [ 1 ] {} :Timeout:
[2024-04-26 14:50:22.388]{}DEBUG:[AbstractPosLink.java-466 ] ProcessTrans [ 1 ] {} :SDK VERSION:V1.13.00_20230606; Timeout:-1
[2024-04-26 14:50:22.394]{}DEBUG:[TcpConnection.java-41 ] connect [ 1 ] {TCP} :ip:192.168.1.110 port:10009
[2024-04-26 14:50:22.403]{}DEBUG:[TcpConnection.java-71 ] send [ 1 ] {TCP} :Send Message =[02]A04[1c]1.62[1c]01[1c]UserName[1c]TA5714099[1c]UserPassword[1c]Hotsauce987![1c]MID[1c]887000001519[1c]DeviceID[1c]88700000151901[1c][1c][1c][03]+
[2024-04-26 14:50:22.536]{}DEBUG:[ProcessSocket.java-459 ] recvAck [ 1 ] {TCP} :Receive Message =[06]
[2024-04-26 14:50:23.380]{}DEBUG:[ProcessSocket.java-547 ] SocketRecv [ 1 ] {TCP} :Receive Message =[02]0[1c]A05[1c]1.47[1c]000000[1c]OK[03]o
[2024-04-26 14:50:23.384]{}DEBUG:[TcpConnection.java-71 ] send [ 1 ] {TCP} :Send Message =[06]
[2024-04-26 14:50:23.446]{}DEBUG:[AbstractPosLink.java-956 ] unpackTrans [ 1 ] {TCP} :Manage_SETVAR_CREDIT Success!
[2024-04-26 14:50:23.448]{}DEBUG:[AbstractPosLink.java-543 ] ProcessTrans [ 1 ] {} :ProcessTrans End...
[2024-04-26 14:50:23.451]{}DEBUG:[AbstractPosLink.java-435 ] ProcessTrans [ 1 ] {} :ProcessTrans Start...
[2024-04-26 14:50:23.452]{}DEBUG:[AbstractPosLink.java-463 ] ProcessTrans [ 1 ] {} :Timeout:
[2024-04-26 14:50:23.453]{}DEBUG:[AbstractPosLink.java-466 ] ProcessTrans [ 1 ] {} :SDK VERSION:V1.13.00_20230606; Timeout:-1
[2024-04-26 14:50:23.457]{}DEBUG:[TcpConnection.java-41 ] connect [ 1 ] {TCP} :ip:192.168.1.110 port:10009
[2024-04-26 14:50:23.461]{}DEBUG:[TcpConnection.java-71 ] send [ 1 ] {TCP} :Send Message =[02]T00[1c]1.62[1c]03[1c]100[1c][1c]20240426025022[1c][1c][1c][1f][1f][1f][1f][1f][1f][1f][1f][1f][1f][1f][1f][1f][1f][1f][1f][1f][1f][1c][1c][1c][1c]0[1c][1c][1c][03]Q
[2024-04-26 14:50:23.642]{}DEBUG:[ProcessSocket.java-459 ] recvAck [ 1 ] {TCP} :Receive Message =[06]
[2024-04-26 14:50:32.508]{}DEBUG:[TcpConnection.java-71 ] send [ 1 ] {TCP} :Send Message =[02]A14[1c]1.62[03]@
[2024-04-26 14:50:34.832]{}DEBUG:[ProcessSocket.java-547 ] SocketRecv [ 1 ] {TCP} :Receive Message =[02]0[1c]T01[1c]1.47[1c]000000[1c]OK[1c]00[1f]Success[1f]VTLMC1[1f]411706500174[1f][1f]25[1f]1212MCC111606**[1f]43608507[1f][1c]03[1c]100[1f]0[1f]0[1f]0[1f]0[1f]0[1f][1f][1c]1800[1f]2[1f]0726[1f][1f][1f][1f]02[1f][1f][1f][1f]0[1f][1f][1f][1f][1c]1[1f]20240426025022[1f]20240426025140[1f][1f][1f][1f][1f][1c][1f][1f][1f][1f][1c][1c][1c]EDCTYPE=CREDIT[1f]HRef=43608507[1f]SN=53509228[1f]GLOBALUID=53509228202404260251405742[1f]CARDBIN=515721[1f]PROGRAMTYPE=1[1f]ARQC=D27AF1F5D327F0B4[1f]TVR=0000008001[1f]AID=A0000000041010[1f]TSI=0000[1f]ATC=012D[1f]APPLAB=MASTERCARD[1f]IAD=0114A14003040000000400000000000000FF[1f]CVM=7[1c][1c][1c][1c][03]?
[2024-04-26 14:50:34.835]{}DEBUG:[TcpConnection.java-71 ] send [ 1 ] {TCP} :Send Message =[06]
[2024-04-26 14:50:34.950]{}DEBUG:[AbstractPosLink.java-903 ] unpackTrans [ 1 ] {TCP} :Payment_CREDIT_AUTH Success!
[2024-04-26 14:50:34.952]{}DEBUG:[AbstractPosLink.java-543 ] ProcessTrans [ 1 ] {} :ProcessTrans End...
[2024-04-26 14:50:34.958]{}DEBUG:[AbstractPosLink.java-435 ] ProcessTrans [ 1 ] {} :ProcessTrans Start...
[2024-04-26 14:50:34.959]{}DEBUG:[AbstractPosLink.java-463 ] ProcessTrans [ 1 ] {} :Timeout:
[2024-04-26 14:50:34.960]{}DEBUG:[AbstractPosLink.java-466 ] ProcessTrans [ 1 ] {} :SDK VERSION:V1.13.00_20230606; Timeout:-1
[2024-04-26 14:50:34.961]{}DEBUG:[TcpConnection.java-41 ] connect [ 1 ] {TCP} :ip:192.168.1.110 port:10009
[2024-04-26 14:50:34.966]{}DEBUG:[TcpConnection.java-71 ] send [ 1 ] {TCP} :Send Message =[02]T00[1c]1.62[1c]19[1c][1c][1c]20240426025034[1f][1f][1f]1[1c][1c][1c][1f][1f][1f][1f][1f][1f][1f][1f][1f][1f][1f][1f][1f][1f][1f][1f][1f][1f][1c][1c][1c][1c]0[1c][1c][1c][03]B
[2024-04-26 14:50:37.064]{}DEBUG:[ProcessSocket.java-459 ] recvAck [ 1 ] {TCP} :Receive Message =[06]
[2024-04-26 14:50:41.633]{}DEBUG:[ProcessSocket.java-547 ] SocketRecv [ 1 ] {TCP} :Receive Message =[02]0[1c]T01[1c]1.47[1c]000000[1c]OK[1c]57[1f]Success[1f]VTLMC1[1f]411706500174[1f][1f]25[1f]1212MCC111606**[1f]43608507[1f][1c]19[1c]100[1f]0[1f]0[1f]0[1f]0[1f]0[1f][1f][1c]1800[1f]0[1f]0726[1f][1f][1f][1f]02[1f][1f][1f][1f]0[1f][1f][1f][1f][1c]2[1f]20240426025034[1f]20240426025148[1f]43608507[1f][1f][1f][1f][1c][1f][1f][1f][1f][1c][1c][1c]EDCTYPE=CREDIT[1f]HRef=43608507[1f]SN=53509228[1f]GLOBALUID=53509228202404260251481160[1f]CARDBIN=515721[1f]PROGRAMTYPE=0[1f]ARQC=D27AF1F5D327F0B4[1f]TVR=0000008001[1f]AID=A0000000041010[1f]TSI=0000[1f]ATC=012D[1f]APPLAB=MASTERCARD[1f]IAD=0114A14003040000000400000000000000FF[1f]CVM=7[1c][1c][1c][1c][03]8
[2024-04-26 14:50:41.639]{}DEBUG:[TcpConnection.java-71 ] send [ 1 ] {TCP} :Send Message =[06]
[2024-04-26 14:50:41.697]{}DEBUG:[AbstractPosLink.java-903 ] unpackTrans [ 1 ] {TCP} :Payment_CREDIT_VOID AUTH Success!
[2024-04-26 14:50:41.698]{}DEBUG:[AbstractPosLink.java-543 ] ProcessTrans [ 1 ] {} :ProcessTrans End...
[2024-04-26 14:50:50.101]{}DEBUG:[AbstractPosLink.java-435 ] ProcessTrans [ 1 ] {} :ProcessTrans Start...
[2024-04-26 14:50:50.115]{}DEBUG:[AbstractPosLink.java-463 ] ProcessTrans [ 1 ] {} :Timeout:
[2024-04-26 14:50:50.117]{}DEBUG:[AbstractPosLink.java-466 ] ProcessTrans [ 1 ] {} :SDK VERSION:V1.13.00_20230606; Timeout:-1
[2024-04-26 14:50:50.122]{}DEBUG:[TcpConnection.java-41 ] connect [ 1 ] {TCP} :ip:192.168.1.110 port:10009
[2024-04-26 14:50:50.131]{}DEBUG:[TcpConnection.java-71 ] send [ 1 ] {TCP} :Send Message =[02]A04[1c]1.62[1c]01[1c]UserName[1c]TA5714099[1c]UserPassword[1c]Hotsauce987![1c]MID[1c]887000001519[1c]DeviceID[1c]88700000151901[1c][1c][1c][03]+
[2024-04-26 14:50:50.283]{}DEBUG:[ProcessSocket.java-459 ] recvAck [ 1 ] {TCP} :Receive Message =[06]
[2024-04-26 14:50:50.724]{}DEBUG:[ProcessSocket.java-547 ] SocketRecv [ 1 ] {TCP} :Receive Message =[02]0[1c]A05[1c]1.47[1c]100025[1c]PLEASE SETTLE[03]\
[2024-04-26 14:50:50.729]{}DEBUG:[TcpConnection.java-71 ] send [ 1 ] {TCP} :Send Message =[06]
[2024-04-26 14:50:50.790]{}ERROR:[AbstractPosLink.java-958 ] unpackTrans [ 1 ] {TCP} :Manage_SETVAR_CREDIT Fail!,ResultTxt =PLEASE SETTLE
[2024-04-26 14:50:50.792]{}DEBUG:[AbstractPosLink.java-543 ] ProcessTrans [ 1 ] {} :ProcessTrans End...
[2024-04-26 14:50:59.882]{}DEBUG:[AbstractPosLink.java-435 ] ProcessTrans [ 1 ] {} :ProcessTrans Start...
[2024-04-26 14:50:59.896]{}DEBUG:[AbstractPosLink.java-463 ] ProcessTrans [ 1 ] {} :Timeout:
[2024-04-26 14:50:59.898]{}DEBUG:[AbstractPosLink.java-466 ] ProcessTrans [ 1 ] {} :SDK VERSION:V1.13.00_20230606; Timeout:-1
[2024-04-26 14:50:59.904]{}DEBUG:[TcpConnection.java-41 ] connect [ 1 ] {TCP} :ip:192.168.1.110 port:10009
[2024-04-26 14:50:59.912]{}DEBUG:[TcpConnection.java-71 ] send [ 1 ] {TCP} :Send Message =[02]A04[1c]1.62[1c]01[1c]UserName[1c]TA5714099[1c]UserPassword[1c]Hotsauce987![1c]MID[1c]887000001519[1c]DeviceID[1c]88700000151901[1c][1c][1c][03]+
[2024-04-26 14:51:00.046]{}DEBUG:[ProcessSocket.java-459 ] recvAck [ 1 ] {TCP} :Receive Message =[06]
[2024-04-26 14:51:00.493]{}DEBUG:[ProcessSocket.java-547 ] SocketRecv [ 1 ] {TCP} :Receive Message =[02]0[1c]A05[1c]1.47[1c]100025[1c]PLEASE SETTLE[03]\
[2024-04-26 14:51:00.496]{}DEBUG:[TcpConnection.java-71 ] send [ 1 ] {TCP} :Send Message =[06]
[2024-04-26 14:51:00.566]{}ERROR:[AbstractPosLink.java-958 ] unpackTrans [ 1 ] {TCP} :Manage_SETVAR_CREDIT Fail!,ResultTxt =PLEASE SETTLE
[2024-04-26 14:51:00.571]{}DEBUG:[AbstractPosLink.java-543 ] ProcessTrans [ 1 ] {} :ProcessTrans End...
