[2024-05-15 12:54:57.217]{}DEBUG:[AbstractPosLink.java-435 ] ProcessTrans [ 1 ] {} :ProcessTrans Start...
[2024-05-15 12:54:57.235]{}DEBUG:[AbstractPosLink.java-463 ] ProcessTrans [ 1 ] {} :Timeout:
[2024-05-15 12:54:57.237]{}DEBUG:[AbstractPosLink.java-466 ] ProcessTrans [ 1 ] {} :SDK VERSION:V1.13.00_20230606; Timeout:-1
[2024-05-15 12:54:57.244]{}DEBUG:[TcpConnection.java-41 ] connect [ 1 ] {TCP} :ip:192.168.1.110 port:10009
[2024-05-15 12:54:57.252]{}DEBUG:[TcpConnection.java-71 ] send [ 1 ] {TCP} :Send Message =[02]T00[1c]1.62[1c]06[1c][1c][1c]20240515125457[1c][1c][1c][1f][1f][1f][1f][1f][1f][1f][1f][1f][1f][1f][1f][1f][1f][1f][1f][1f][1f][1c][1c][1c][1c]0[1c][1c][1c][03]c
[2024-05-15 12:54:57.382]{}DEBUG:[ProcessSocket.java-459 ] recvAck [ 1 ] {TCP} :Receive Message =[06]
[2024-05-15 12:55:11.853]{}DEBUG:[ProcessSocket.java-547 ] SocketRecv [ 1 ] {TCP} :Receive Message =[02]0[1c]T01[1c]1.47[1c]100002[1c]ABORTED[03]2
[2024-05-15 12:55:11.855]{}DEBUG:[TcpConnection.java-71 ] send [ 1 ] {TCP} :Send Message =[06]
[2024-05-15 12:55:11.998]{}ERROR:[AbstractPosLink.java-905 ] unpackTrans [ 1 ] {TCP} :Payment_CREDIT_ADJUST Fail!,ResultTxt =ABORTED
[2024-05-15 12:55:12.001]{}DEBUG:[AbstractPosLink.java-543 ] ProcessTrans [ 1 ] {} :ProcessTrans End...
[2024-05-15 12:56:09.275]{}DEBUG:[AbstractPosLink.java-435 ] ProcessTrans [ 1 ] {} :ProcessTrans Start...
[2024-05-15 12:56:09.291]{}DEBUG:[AbstractPosLink.java-463 ] ProcessTrans [ 1 ] {} :Timeout:
[2024-05-15 12:56:09.292]{}DEBUG:[AbstractPosLink.java-466 ] ProcessTrans [ 1 ] {} :SDK VERSION:V1.13.00_20230606; Timeout:-1
[2024-05-15 12:56:09.299]{}DEBUG:[TcpConnection.java-41 ] connect [ 1 ] {TCP} :ip:192.168.1.110 port:10009
[2024-05-15 12:56:09.306]{}DEBUG:[TcpConnection.java-71 ] send [ 1 ] {TCP} :Send Message =[02]T00[1c]1.62[1c]32[1c][1c][1c]20240515125609[1c][1c][1c][1f][1f][1f][1f][1f][1f][1f][1f][1f][1f][1f][1f][1f][1f][1f][1f][1f][1f][1c][1c][1c][1c]0[1c][1c][1c][03]m
[2024-05-15 12:56:09.449]{}DEBUG:[ProcessSocket.java-459 ] recvAck [ 1 ] {TCP} :Receive Message =[06]
[2024-05-15 12:56:14.988]{}DEBUG:[ProcessSocket.java-547 ] SocketRecv [ 1 ] {TCP} :Receive Message =[02]0[1c]T01[1c]1.47[1c]100002[1c]ABORTED[03]2
[2024-05-15 12:56:14.990]{}DEBUG:[TcpConnection.java-71 ] send [ 1 ] {TCP} :Send Message =[06]
[2024-05-15 12:56:15.107]{}ERROR:[AbstractPosLink.java-905 ] unpackTrans [ 1 ] {TCP} :Payment_CREDIT_TOKENIZE Fail!,ResultTxt =ABORTED
[2024-05-15 12:56:15.110]{}DEBUG:[AbstractPosLink.java-543 ] ProcessTrans [ 1 ] {} :ProcessTrans End...
[2024-05-15 12:59:06.386]{}DEBUG:[AbstractPosLink.java-435 ] ProcessTrans [ 1 ] {} :ProcessTrans Start...
[2024-05-15 12:59:06.408]{}DEBUG:[AbstractPosLink.java-463 ] ProcessTrans [ 1 ] {} :Timeout:
[2024-05-15 12:59:06.410]{}DEBUG:[AbstractPosLink.java-466 ] ProcessTrans [ 1 ] {} :SDK VERSION:V1.13.00_20230606; Timeout:-1
[2024-05-15 12:59:06.426]{}DEBUG:[TcpConnection.java-41 ] connect [ 1 ] {TCP} :ip:192.168.1.110 port:10009
[2024-05-15 12:59:06.436]{}DEBUG:[TcpConnection.java-71 ] send [ 1 ] {TCP} :Send Message =[02]T00[1c]1.62[1c]32[1c][1c][1c]20240515125906[1c][1c][1c][1f][1f][1f][1f][1f][1f][1f][1f][1f][1f][1f][1f][1f][1f][1f][1f][1f][1f][1c][1c][1c][1c]0[1c][1c][1c][03]m
[2024-05-15 12:59:06.576]{}DEBUG:[ProcessSocket.java-459 ] recvAck [ 1 ] {TCP} :Receive Message =[06]
[2024-05-15 12:59:25.954]{}DEBUG:[ProcessSocket.java-547 ] SocketRecv [ 1 ] {TCP} :Receive Message =[02]0[1c]T01[1c]1.47[1c]100002[1c]ABORTED[03]2
[2024-05-15 12:59:25.956]{}DEBUG:[TcpConnection.java-71 ] send [ 1 ] {TCP} :Send Message =[06]
[2024-05-15 12:59:26.087]{}ERROR:[AbstractPosLink.java-905 ] unpackTrans [ 1 ] {TCP} :Payment_CREDIT_TOKENIZE Fail!,ResultTxt =ABORTED
[2024-05-15 12:59:26.090]{}DEBUG:[AbstractPosLink.java-543 ] ProcessTrans [ 1 ] {} :ProcessTrans End...
[2024-05-15 12:59:58.052]{}DEBUG:[AbstractPosLink.java-435 ] ProcessTrans [ 1 ] {} :ProcessTrans Start...
[2024-05-15 12:59:58.071]{}DEBUG:[AbstractPosLink.java-463 ] ProcessTrans [ 1 ] {} :Timeout:
[2024-05-15 12:59:58.073]{}DEBUG:[AbstractPosLink.java-466 ] ProcessTrans [ 1 ] {} :SDK VERSION:V1.13.00_20230606; Timeout:-1
[2024-05-15 12:59:58.085]{}DEBUG:[TcpConnection.java-41 ] connect [ 1 ] {TCP} :ip:192.168.1.110 port:10009
[2024-05-15 12:59:58.094]{}DEBUG:[TcpConnection.java-71 ] send [ 1 ] {TCP} :Send Message =[02]T00[1c]1.62[1c]32[1c][1c][1c]20240515125958[1c][1c][1c][1f][1f][1f][1f][1f][1f][1f][1f][1f][1f][1f][1f][1f][1f][1f][1f][1f][1f][1c][1c][1c][1c]0[1c][1c][1c][03]f
[2024-05-15 12:59:58.254]{}DEBUG:[ProcessSocket.java-459 ] recvAck [ 1 ] {TCP} :Receive Message =[06]
[2024-05-15 13:00:37.153]{}DEBUG:[ProcessSocket.java-547 ] SocketRecv [ 1 ] {TCP} :Receive Message =[02]0[1c]T01[1c]1.47[1c]000000[1c]OK[1c][1f]Success[1f][1f][1f][1f]69[1f][1f]44291361[1f][1c]32[1c]0[1f]0[1f]0[1f]0[1f]0[1f]0[1f][1f][1c]9805[1f]1[1f]0629[1f][1f][1f][1f]02[1f]HUANG CHIH HAO           [1f][1f][1f]0[1f][1f][1f][1f][1c]1[1f]20240515125958[1f]20240515010143[1f][1f][1f][1f][1f][1c][1f][1f][1f][1f][1c][1c][1c]EDCTYPE=CREDIT[1f]TOKEN=nZGIGMdHgY8w9805[1f]HRef=44291361[1f]SN=53509228[1f]GLOBALUID=53509228202405150101436491[1f]CARDBIN=515721[1f]PROGRAMTYPE=1[1c][1c][1c][1c][03][06]
[2024-05-15 13:00:37.155]{}DEBUG:[TcpConnection.java-71 ] send [ 1 ] {TCP} :Send Message =[06]
[2024-05-15 13:00:37.310]{}DEBUG:[AbstractPosLink.java-903 ] unpackTrans [ 1 ] {TCP} :Payment_CREDIT_TOKENIZE Success!
[2024-05-15 13:00:37.314]{}DEBUG:[AbstractPosLink.java-543 ] ProcessTrans [ 1 ] {} :ProcessTrans End...
[2024-05-15 13:24:23.030]{}DEBUG:[AbstractPosLink.java-435 ] ProcessTrans [ 1 ] {} :ProcessTrans Start...
[2024-05-15 13:24:23.046]{}DEBUG:[AbstractPosLink.java-463 ] ProcessTrans [ 1 ] {} :Timeout:
[2024-05-15 13:24:23.048]{}DEBUG:[AbstractPosLink.java-466 ] ProcessTrans [ 1 ] {} :SDK VERSION:V1.13.00_20230606; Timeout:-1
[2024-05-15 13:24:23.054]{}DEBUG:[TcpConnection.java-41 ] connect [ 1 ] {TCP} :ip:192.168.1.110 port:10009
[2024-05-15 13:24:23.060]{}DEBUG:[TcpConnection.java-71 ] send [ 1 ] {TCP} :Send Message =[02]T00[1c]1.62[1c]32[1c][1c][1c]20240515012422[1c][1c][1c][1f][1f][1f][1f][1f][1f][1f][1f][1f][1f][1f][1f][1f][1f][1f][1f][1f][1f][1c][1c][1c][1c]0[1c][1c][1c][03]c
[2024-05-15 13:24:23.198]{}DEBUG:[ProcessSocket.java-459 ] recvAck [ 1 ] {TCP} :Receive Message =[06]
[2024-05-15 13:24:36.877]{}DEBUG:[ProcessSocket.java-547 ] SocketRecv [ 1 ] {TCP} :Receive Message =[02]0[1c]T01[1c]1.47[1c]000000[1c]OK[1c][1f]Success[1f][1f][1f][1f]69[1f][1f]44292599[1f][1c]32[1c]0[1f]0[1f]0[1f]0[1f]0[1f]0[1f][1f][1c]9805[1f]1[1f]0629[1f][1f][1f][1f]02[1f]HUANG CHIH HAO           [1f][1f][1f]0[1f][1f][1f][1f][1c]2[1f]20240515012422[1f]20240515012550[1f][1f][1f][1f][1f][1c][1f][1f][1f][1f][1c][1c][1c]EDCTYPE=CREDIT[1f]TOKEN=nZGIGMdHgY8w9805[1f]HRef=44292599[1f]SN=53509228[1f]GLOBALUID=53509228202405150125500870[1f]CARDBIN=515721[1f]PROGRAMTYPE=1[1c][1c][1c][1c][03][05]
[2024-05-15 13:24:36.882]{}DEBUG:[TcpConnection.java-71 ] send [ 1 ] {TCP} :Send Message =[06]
[2024-05-15 13:24:37.004]{}DEBUG:[AbstractPosLink.java-903 ] unpackTrans [ 1 ] {TCP} :Payment_CREDIT_TOKENIZE Success!
[2024-05-15 13:24:37.006]{}DEBUG:[AbstractPosLink.java-543 ] ProcessTrans [ 1 ] {} :ProcessTrans End...
[2024-05-15 13:25:09.666]{}DEBUG:[AbstractPosLink.java-435 ] ProcessTrans [ 1 ] {} :ProcessTrans Start...
[2024-05-15 13:25:09.682]{}DEBUG:[AbstractPosLink.java-463 ] ProcessTrans [ 1 ] {} :Timeout:
[2024-05-15 13:25:09.684]{}DEBUG:[AbstractPosLink.java-466 ] ProcessTrans [ 1 ] {} :SDK VERSION:V1.13.00_20230606; Timeout:-1
[2024-05-15 13:25:09.695]{}DEBUG:[TcpConnection.java-41 ] connect [ 1 ] {TCP} :ip:192.168.1.110 port:10009
[2024-05-15 13:25:09.702]{}DEBUG:[TcpConnection.java-71 ] send [ 1 ] {TCP} :Send Message =[02]T00[1c]1.62[1c]32[1c][1c][1c]20240515012509[1c][1c][1c][1f][1f][1f][1f][1f][1f][1f][1f][1f][1f][1f][1f][1f][1f][1f][1f][1f][1f][1c][1c][1c][1c]0[1c][1c][1c][03]k
[2024-05-15 13:25:09.994]{}DEBUG:[ProcessSocket.java-459 ] recvAck [ 1 ] {TCP} :Receive Message =[06]
[2024-05-15 13:25:10.236]{}DEBUG:[ProcessSocket.java-547 ] SocketRecv [ 1 ] {TCP} :Receive Message =[02]0[1c]T01[1c]1.47[1c]100003[1c]REMOVE CARD FIRST[03]0
[2024-05-15 13:25:10.241]{}DEBUG:[TcpConnection.java-71 ] send [ 1 ] {TCP} :Send Message =[06]
[2024-05-15 13:25:10.364]{}ERROR:[AbstractPosLink.java-905 ] unpackTrans [ 1 ] {TCP} :Payment_CREDIT_TOKENIZE Fail!,ResultTxt =REMOVE CARD FIRST
[2024-05-15 13:25:10.366]{}DEBUG:[AbstractPosLink.java-543 ] ProcessTrans [ 1 ] {} :ProcessTrans End...
[2024-05-15 13:25:22.358]{}DEBUG:[AbstractPosLink.java-435 ] ProcessTrans [ 1 ] {} :ProcessTrans Start...
[2024-05-15 13:25:22.376]{}DEBUG:[AbstractPosLink.java-463 ] ProcessTrans [ 1 ] {} :Timeout:
[2024-05-15 13:25:22.378]{}DEBUG:[AbstractPosLink.java-466 ] ProcessTrans [ 1 ] {} :SDK VERSION:V1.13.00_20230606; Timeout:-1
[2024-05-15 13:25:22.388]{}DEBUG:[TcpConnection.java-41 ] connect [ 1 ] {TCP} :ip:192.168.1.110 port:10009
[2024-05-15 13:25:22.396]{}DEBUG:[TcpConnection.java-71 ] send [ 1 ] {TCP} :Send Message =[02]T00[1c]1.62[1c]32[1c][1c][1c]20240515012522[1c][1c][1c][1f][1f][1f][1f][1f][1f][1f][1f][1f][1f][1f][1f][1f][1f][1f][1f][1f][1f][1c][1c][1c][1c]0[1c][1c][1c][03]b
[2024-05-15 13:25:22.556]{}DEBUG:[ProcessSocket.java-459 ] recvAck [ 1 ] {TCP} :Receive Message =[06]
[2024-05-15 13:26:09.098]{}DEBUG:[ProcessSocket.java-547 ] SocketRecv [ 1 ] {TCP} :Receive Message =[02]0[1c]T01[1c]1.47[1c]100002[1c]ABORTED[03]2
[2024-05-15 13:26:09.108]{}DEBUG:[TcpConnection.java-71 ] send [ 1 ] {TCP} :Send Message =[06]
[2024-05-15 13:26:09.253]{}ERROR:[AbstractPosLink.java-905 ] unpackTrans [ 1 ] {TCP} :Payment_CREDIT_TOKENIZE Fail!,ResultTxt =ABORTED
[2024-05-15 13:26:09.255]{}DEBUG:[AbstractPosLink.java-543 ] ProcessTrans [ 1 ] {} :ProcessTrans End...
[2024-05-15 13:26:20.241]{}DEBUG:[AbstractPosLink.java-435 ] ProcessTrans [ 1 ] {} :ProcessTrans Start...
[2024-05-15 13:26:20.258]{}DEBUG:[AbstractPosLink.java-463 ] ProcessTrans [ 1 ] {} :Timeout:
[2024-05-15 13:26:20.260]{}DEBUG:[AbstractPosLink.java-466 ] ProcessTrans [ 1 ] {} :SDK VERSION:V1.13.00_20230606; Timeout:-1
[2024-05-15 13:26:20.271]{}DEBUG:[TcpConnection.java-41 ] connect [ 1 ] {TCP} :ip:192.168.1.110 port:10009
[2024-05-15 13:26:20.278]{}DEBUG:[TcpConnection.java-71 ] send [ 1 ] {TCP} :Send Message =[02]T00[1c]1.62[1c]32[1c][1c][1c]20240515012620[1c][1c][1c][1f][1f][1f][1f][1f][1f][1f][1f][1f][1f][1f][1f][1f][1f][1f][1f][1f][1f][1c][1c][1c][1c]0[1c][1c][1c][03]c
[2024-05-15 13:26:20.432]{}DEBUG:[ProcessSocket.java-459 ] recvAck [ 1 ] {TCP} :Receive Message =[06]
[2024-05-15 13:26:49.055]{}DEBUG:[ProcessSocket.java-547 ] SocketRecv [ 1 ] {TCP} :Receive Message =[02]0[1c]T01[1c]1.47[1c]100002[1c]ABORTED[03]2
[2024-05-15 13:26:49.057]{}DEBUG:[TcpConnection.java-71 ] send [ 1 ] {TCP} :Send Message =[06]
[2024-05-15 13:26:49.182]{}ERROR:[AbstractPosLink.java-905 ] unpackTrans [ 1 ] {TCP} :Payment_CREDIT_TOKENIZE Fail!,ResultTxt =ABORTED
[2024-05-15 13:26:49.185]{}DEBUG:[AbstractPosLink.java-543 ] ProcessTrans [ 1 ] {} :ProcessTrans End...
[2024-05-15 13:27:11.749]{}DEBUG:[AbstractPosLink.java-435 ] ProcessTrans [ 1 ] {} :ProcessTrans Start...
[2024-05-15 13:27:11.765]{}DEBUG:[AbstractPosLink.java-463 ] ProcessTrans [ 1 ] {} :Timeout:
[2024-05-15 13:27:11.767]{}DEBUG:[AbstractPosLink.java-466 ] ProcessTrans [ 1 ] {} :SDK VERSION:V1.13.00_20230606; Timeout:-1
[2024-05-15 13:27:11.771]{}DEBUG:[TcpConnection.java-41 ] connect [ 1 ] {TCP} :ip:192.168.1.110 port:10009
[2024-05-15 13:27:11.781]{}DEBUG:[TcpConnection.java-71 ] send [ 1 ] {TCP} :Send Message =[02]B00[1c]1.62[1c][1c][03]F
[2024-05-15 13:27:11.935]{}DEBUG:[ProcessSocket.java-459 ] recvAck [ 1 ] {TCP} :Receive Message =[06]
[2024-05-15 13:27:12.581]{}DEBUG:[ProcessSocket.java-547 ] SocketRecv [ 1 ] {TCP} :Receive Message =[02]0[1c]B01[1c]1.47[1c]100023[1c]NOT FOUND[03]O
[2024-05-15 13:27:12.583]{}DEBUG:[TcpConnection.java-71 ] send [ 1 ] {TCP} :Send Message =[06]
[2024-05-15 13:27:12.707]{}ERROR:[AbstractPosLink.java-993 ] unpackTrans [ 1 ] {TCP} :Batch_BATCHCLOSE_EDCType(NULL) Fail!,ResultTxt =NOT FOUND
[2024-05-15 13:27:12.709]{}DEBUG:[AbstractPosLink.java-543 ] ProcessTrans [ 1 ] {} :ProcessTrans End...
[2024-05-15 13:27:23.622]{}DEBUG:[AbstractPosLink.java-435 ] ProcessTrans [ 1 ] {} :ProcessTrans Start...
[2024-05-15 13:27:23.641]{}DEBUG:[AbstractPosLink.java-463 ] ProcessTrans [ 1 ] {} :Timeout:
[2024-05-15 13:27:23.643]{}DEBUG:[AbstractPosLink.java-466 ] ProcessTrans [ 1 ] {} :SDK VERSION:V1.13.00_20230606; Timeout:-1
[2024-05-15 13:27:23.653]{}DEBUG:[TcpConnection.java-41 ] connect [ 1 ] {TCP} :ip:192.168.1.110 port:10009
[2024-05-15 13:27:23.662]{}DEBUG:[TcpConnection.java-71 ] send [ 1 ] {TCP} :Send Message =[02]T00[1c]1.62[1c]32[1c][1c][1c]20240515012723[1c][1c][1c][1f][1f][1f][1f][1f][1f][1f][1f][1f][1f][1f][1f][1f][1f][1f][1f][1f][1f][1c][1c][1c][1c]0[1c][1c][1c][03]a
[2024-05-15 13:27:23.813]{}DEBUG:[ProcessSocket.java-459 ] recvAck [ 1 ] {TCP} :Receive Message =[06]
[2024-05-15 13:28:05.416]{}DEBUG:[ProcessSocket.java-547 ] SocketRecv [ 1 ] {TCP} :Receive Message =[02]0[1c]T01[1c]1.47[1c]000000[1c]OK[1c][1f]Success[1f][1f][1f][1f]69[1f][1f]44292753[1f][1c]32[1c]0[1f]0[1f]0[1f]0[1f]0[1f]0[1f][1f][1c]3282[1f]1[1f]1027[1f][1f][1f][1f]01[1f] /                        [1f][1f][1f]0[1f][1f][1f][1f][1c]3[1f]20240515012723[1f]20240515012917[1f][1f][1f][1f][1f][1c][1f][1f][1f][1f][1c][1c][1c]EDCTYPE=CREDIT[1f]TOKEN=yFCkU942iaWf3282[1f]HRef=44292753[1f]SN=53509228[1f]GLOBALUID=53509228202405150129174700[1f]CARDBIN=467892[1f]PROGRAMTYPE=0[1c][1c][1c][1c][03][1d]
[2024-05-15 13:28:05.428]{}DEBUG:[TcpConnection.java-71 ] send [ 1 ] {TCP} :Send Message =[06]
[2024-05-15 13:28:05.572]{}DEBUG:[AbstractPosLink.java-903 ] unpackTrans [ 1 ] {TCP} :Payment_CREDIT_TOKENIZE Success!
[2024-05-15 13:28:05.573]{}DEBUG:[AbstractPosLink.java-543 ] ProcessTrans [ 1 ] {} :ProcessTrans End...
[2024-05-15 13:30:15.941]{}DEBUG:[AbstractPosLink.java-435 ] ProcessTrans [ 1 ] {} :ProcessTrans Start...
[2024-05-15 13:30:15.956]{}DEBUG:[AbstractPosLink.java-463 ] ProcessTrans [ 1 ] {} :Timeout:
[2024-05-15 13:30:15.958]{}DEBUG:[AbstractPosLink.java-466 ] ProcessTrans [ 1 ] {} :SDK VERSION:V1.13.00_20230606; Timeout:-1
[2024-05-15 13:30:15.964]{}DEBUG:[TcpConnection.java-41 ] connect [ 1 ] {TCP} :ip:192.168.1.110 port:10009
[2024-05-15 13:30:15.969]{}DEBUG:[TcpConnection.java-71 ] send [ 1 ] {TCP} :Send Message =[02]T00[1c]1.62[1c]32[1c][1c][1c]20240515013015[1c][1c][1c][1f][1f][1f][1f][1f][1f][1f][1f][1f][1f][1f][1f][1f][1f][1f][1f][1f][1f][1c][1c][1c][1c]0[1c][1c][1c][03]b
[2024-05-15 13:30:16.294]{}DEBUG:[ProcessSocket.java-459 ] recvAck [ 1 ] {TCP} :Receive Message =[06]
[2024-05-15 13:30:16.530]{}DEBUG:[ProcessSocket.java-547 ] SocketRecv [ 1 ] {TCP} :Receive Message =[02]0[1c]T01[1c]1.47[1c]100003[1c]REMOVE CARD FIRST[03]0
[2024-05-15 13:30:16.534]{}DEBUG:[TcpConnection.java-71 ] send [ 1 ] {TCP} :Send Message =[06]
[2024-05-15 13:30:16.651]{}ERROR:[AbstractPosLink.java-905 ] unpackTrans [ 1 ] {TCP} :Payment_CREDIT_TOKENIZE Fail!,ResultTxt =REMOVE CARD FIRST
[2024-05-15 13:30:16.653]{}DEBUG:[AbstractPosLink.java-543 ] ProcessTrans [ 1 ] {} :ProcessTrans End...
[2024-05-15 13:30:25.565]{}DEBUG:[AbstractPosLink.java-435 ] ProcessTrans [ 1 ] {} :ProcessTrans Start...
[2024-05-15 13:30:25.581]{}DEBUG:[AbstractPosLink.java-463 ] ProcessTrans [ 1 ] {} :Timeout:
[2024-05-15 13:30:25.583]{}DEBUG:[AbstractPosLink.java-466 ] ProcessTrans [ 1 ] {} :SDK VERSION:V1.13.00_20230606; Timeout:-1
[2024-05-15 13:30:25.590]{}DEBUG:[TcpConnection.java-41 ] connect [ 1 ] {TCP} :ip:192.168.1.110 port:10009
[2024-05-15 13:30:25.596]{}DEBUG:[TcpConnection.java-71 ] send [ 1 ] {TCP} :Send Message =[02]T00[1c]1.62[1c]32[1c][1c][1c]20240515013025[1c][1c][1c][1f][1f][1f][1f][1f][1f][1f][1f][1f][1f][1f][1f][1f][1f][1f][1f][1f][1f][1c][1c][1c][1c]0[1c][1c][1c][03]a
[2024-05-15 13:30:25.748]{}DEBUG:[ProcessSocket.java-459 ] recvAck [ 1 ] {TCP} :Receive Message =[06]
[2024-05-15 13:30:35.747]{}DEBUG:[ProcessSocket.java-547 ] SocketRecv [ 1 ] {TCP} :Receive Message =[02]0[1c]T01[1c]1.47[1c]000000[1c]OK[1c][1f]Success[1f][1f][1f][1f]69[1f][1f]44292781[1f][1c]32[1c]0[1f]0[1f]0[1f]0[1f]0[1f]0[1f][1f][1c]3282[1f]1[1f]1027[1f][1f][1f][1f]01[1f] /                        [1f][1f][1f]0[1f][1f][1f][1f][1c]4[1f]20240515013025[1f]20240515013147[1f][1f][1f][1f][1f][1c][1f][1f][1f][1f][1c][1c][1c]EDCTYPE=CREDIT[1f]TOKEN=yFCkU942iaWf3282[1f]HRef=44292781[1f]SN=53509228[1f]GLOBALUID=53509228202405150131476404[1f]CARDBIN=467892[1f]PROGRAMTYPE=0[1c][1c][1c][1c][03][1f]
[2024-05-15 13:30:35.758]{}DEBUG:[TcpConnection.java-71 ] send [ 1 ] {TCP} :Send Message =[06]
[2024-05-15 13:30:35.892]{}DEBUG:[AbstractPosLink.java-903 ] unpackTrans [ 1 ] {TCP} :Payment_CREDIT_TOKENIZE Success!
[2024-05-15 13:30:35.895]{}DEBUG:[AbstractPosLink.java-543 ] ProcessTrans [ 1 ] {} :ProcessTrans End...
[2024-05-15 13:30:42.889]{}DEBUG:[AbstractPosLink.java-435 ] ProcessTrans [ 1 ] {} :ProcessTrans Start...
[2024-05-15 13:30:42.906]{}DEBUG:[AbstractPosLink.java-463 ] ProcessTrans [ 1 ] {} :Timeout:
[2024-05-15 13:30:42.908]{}DEBUG:[AbstractPosLink.java-466 ] ProcessTrans [ 1 ] {} :SDK VERSION:V1.13.00_20230606; Timeout:-1
[2024-05-15 13:30:42.919]{}DEBUG:[TcpConnection.java-41 ] connect [ 1 ] {TCP} :ip:192.168.1.110 port:10009
[2024-05-15 13:30:42.926]{}DEBUG:[TcpConnection.java-71 ] send [ 1 ] {TCP} :Send Message =[02]T00[1c]1.62[1c]32[1c][1c][1c]20240515013042[1c][1c][1c][1f][1f][1f][1f][1f][1f][1f][1f][1f][1f][1f][1f][1f][1f][1f][1f][1f][1f][1c][1c][1c][1c]0[1c][1c][1c][03]`
[2024-05-15 13:30:43.063]{}DEBUG:[ProcessSocket.java-459 ] recvAck [ 1 ] {TCP} :Receive Message =[06]
[2024-05-15 13:30:54.697]{}DEBUG:[ProcessSocket.java-547 ] SocketRecv [ 1 ] {TCP} :Receive Message =[02]0[1c]T01[1c]1.47[1c]000000[1c]OK[1c][1f]Success[1f][1f][1f][1f]69[1f][1f]44292793[1f][1c]32[1c]0[1f]0[1f]0[1f]0[1f]0[1f]0[1f][1f][1c]3282[1f]1[1f]1027[1f][1f][1f][1f]01[1f] /                        [1f][1f][1f]0[1f][1f][1f][1f][1c]5[1f]20240515013042[1f]20240515013207[1f][1f][1f][1f][1f][1c][1f][1f][1f][1f][1c][1c][1c]EDCTYPE=CREDIT[1f]TOKEN=yFCkU942iaWf3282[1f]HRef=44292793[1f]SN=53509228[1f]GLOBALUID=53509228202405150132078109[1f]CARDBIN=467892[1f]PROGRAMTYPE=0[1c][1c][1c][1c][03][19]
[2024-05-15 13:30:54.714]{}DEBUG:[TcpConnection.java-71 ] send [ 1 ] {TCP} :Send Message =[06]
[2024-05-15 13:30:54.840]{}DEBUG:[AbstractPosLink.java-903 ] unpackTrans [ 1 ] {TCP} :Payment_CREDIT_TOKENIZE Success!
[2024-05-15 13:30:54.843]{}DEBUG:[AbstractPosLink.java-543 ] ProcessTrans [ 1 ] {} :ProcessTrans End...
[2024-05-15 13:32:45.159]{}DEBUG:[AbstractPosLink.java-435 ] ProcessTrans [ 1 ] {} :ProcessTrans Start...
[2024-05-15 13:32:45.177]{}DEBUG:[AbstractPosLink.java-463 ] ProcessTrans [ 1 ] {} :Timeout:
[2024-05-15 13:32:45.179]{}DEBUG:[AbstractPosLink.java-466 ] ProcessTrans [ 1 ] {} :SDK VERSION:V1.13.00_20230606; Timeout:-1
[2024-05-15 13:32:45.190]{}DEBUG:[TcpConnection.java-41 ] connect [ 1 ] {TCP} :ip:192.168.1.110 port:10009
[2024-05-15 13:32:45.197]{}DEBUG:[TcpConnection.java-71 ] send [ 1 ] {TCP} :Send Message =[02]T00[1c]1.62[1c]32[1c][1c][1c]20240515013245[1c][1c][1c][1f][1f][1f][1f][1f][1f][1f][1f][1f][1f][1f][1f][1f][1f][1f][1f][1f][1f][1c][1c][1c][1c]0[1c][1c][1c][03]e
[2024-05-15 13:32:45.561]{}DEBUG:[ProcessSocket.java-459 ] recvAck [ 1 ] {TCP} :Receive Message =[06]
[2024-05-15 13:32:45.800]{}DEBUG:[ProcessSocket.java-547 ] SocketRecv [ 1 ] {TCP} :Receive Message =[02]0[1c]T01[1c]1.47[1c]100003[1c]REMOVE CARD FIRST[03]0
[2024-05-15 13:32:45.806]{}DEBUG:[TcpConnection.java-71 ] send [ 1 ] {TCP} :Send Message =[06]
[2024-05-15 13:32:45.939]{}ERROR:[AbstractPosLink.java-905 ] unpackTrans [ 1 ] {TCP} :Payment_CREDIT_TOKENIZE Fail!,ResultTxt =REMOVE CARD FIRST
[2024-05-15 13:32:45.942]{}DEBUG:[AbstractPosLink.java-543 ] ProcessTrans [ 1 ] {} :ProcessTrans End...
[2024-05-15 13:33:00.683]{}DEBUG:[AbstractPosLink.java-435 ] ProcessTrans [ 1 ] {} :ProcessTrans Start...
[2024-05-15 13:33:00.701]{}DEBUG:[AbstractPosLink.java-463 ] ProcessTrans [ 1 ] {} :Timeout:
[2024-05-15 13:33:00.703]{}DEBUG:[AbstractPosLink.java-466 ] ProcessTrans [ 1 ] {} :SDK VERSION:V1.13.00_20230606; Timeout:-1
[2024-05-15 13:33:00.713]{}DEBUG:[TcpConnection.java-41 ] connect [ 1 ] {TCP} :ip:192.168.1.110 port:10009
[2024-05-15 13:33:00.721]{}DEBUG:[TcpConnection.java-71 ] send [ 1 ] {TCP} :Send Message =[02]T00[1c]1.62[1c]32[1c][1c][1c]20240515013300[1c][1c][1c][1f][1f][1f][1f][1f][1f][1f][1f][1f][1f][1f][1f][1f][1f][1f][1f][1f][1f][1c][1c][1c][1c]0[1c][1c][1c][03]e
[2024-05-15 13:33:00.871]{}DEBUG:[ProcessSocket.java-459 ] recvAck [ 1 ] {TCP} :Receive Message =[06]
[2024-05-15 13:33:11.118]{}DEBUG:[ProcessSocket.java-547 ] SocketRecv [ 1 ] {TCP} :Receive Message =[02]0[1c]T01[1c]1.47[1c]000000[1c]OK[1c][1f]Success[1f][1f][1f][1f]69[1f][1f]44292809[1f][1c]32[1c]0[1f]0[1f]0[1f]0[1f]0[1f]0[1f][1f][1c]3282[1f]1[1f]1027[1f][1f][1f][1f]01[1f] /                        [1f][1f][1f]0[1f][1f][1f][1f][1c]6[1f]20240515013300[1f]20240515013423[1f][1f][1f][1f][1f][1c][1f][1f][1f][1f][1c][1c][1c]EDCTYPE=CREDIT[1f]TOKEN=yFCkU942iaWf3282[1f]HRef=44292809[1f]SN=53509228[1f]GLOBALUID=53509228202405150134234989[1f]CARDBIN=467892[1f]PROGRAMTYPE=0[1c][1c][1c][1c][03][13]
[2024-05-15 13:33:11.120]{}DEBUG:[TcpConnection.java-71 ] send [ 1 ] {TCP} :Send Message =[06]
[2024-05-15 13:33:11.250]{}DEBUG:[AbstractPosLink.java-903 ] unpackTrans [ 1 ] {TCP} :Payment_CREDIT_TOKENIZE Success!
[2024-05-15 13:33:11.252]{}DEBUG:[AbstractPosLink.java-543 ] ProcessTrans [ 1 ] {} :ProcessTrans End...
[2024-05-15 13:34:15.395]{}DEBUG:[AbstractPosLink.java-435 ] ProcessTrans [ 1 ] {} :ProcessTrans Start...
[2024-05-15 13:34:15.412]{}DEBUG:[AbstractPosLink.java-463 ] ProcessTrans [ 1 ] {} :Timeout:
[2024-05-15 13:34:15.415]{}DEBUG:[AbstractPosLink.java-466 ] ProcessTrans [ 1 ] {} :SDK VERSION:V1.13.00_20230606; Timeout:-1
[2024-05-15 13:34:15.422]{}DEBUG:[TcpConnection.java-41 ] connect [ 1 ] {TCP} :ip:192.168.1.110 port:10009
[2024-05-15 13:34:15.428]{}DEBUG:[TcpConnection.java-71 ] send [ 1 ] {TCP} :Send Message =[02]T00[1c]1.62[1c]32[1c][1c][1c]20240515013415[1c][1c][1c][1f][1f][1f][1f][1f][1f][1f][1f][1f][1f][1f][1f][1f][1f][1f][1f][1f][1f][1c][1c][1c][1c]0[1c][1c][1c][03]f
[2024-05-15 13:34:15.689]{}DEBUG:[ProcessSocket.java-459 ] recvAck [ 1 ] {TCP} :Receive Message =[06]
[2024-05-15 13:34:15.923]{}DEBUG:[ProcessSocket.java-547 ] SocketRecv [ 1 ] {TCP} :Receive Message =[02]0[1c]T01[1c]1.47[1c]100003[1c]REMOVE CARD FIRST[03]0
[2024-05-15 13:34:15.925]{}DEBUG:[TcpConnection.java-71 ] send [ 1 ] {TCP} :Send Message =[06]
[2024-05-15 13:34:16.050]{}ERROR:[AbstractPosLink.java-905 ] unpackTrans [ 1 ] {TCP} :Payment_CREDIT_TOKENIZE Fail!,ResultTxt =REMOVE CARD FIRST
[2024-05-15 13:34:16.052]{}DEBUG:[AbstractPosLink.java-543 ] ProcessTrans [ 1 ] {} :ProcessTrans End...
[2024-05-15 13:34:27.078]{}DEBUG:[AbstractPosLink.java-435 ] ProcessTrans [ 1 ] {} :ProcessTrans Start...
[2024-05-15 13:34:27.096]{}DEBUG:[AbstractPosLink.java-463 ] ProcessTrans [ 1 ] {} :Timeout:
[2024-05-15 13:34:27.098]{}DEBUG:[AbstractPosLink.java-466 ] ProcessTrans [ 1 ] {} :SDK VERSION:V1.13.00_20230606; Timeout:-1
[2024-05-15 13:34:27.106]{}DEBUG:[TcpConnection.java-41 ] connect [ 1 ] {TCP} :ip:192.168.1.110 port:10009
[2024-05-15 13:34:27.113]{}DEBUG:[TcpConnection.java-71 ] send [ 1 ] {TCP} :Send Message =[02]T00[1c]1.62[1c]32[1c][1c][1c]20240515013427[1c][1c][1c][1f][1f][1f][1f][1f][1f][1f][1f][1f][1f][1f][1f][1f][1f][1f][1f][1f][1f][1c][1c][1c][1c]0[1c][1c][1c][03]g
[2024-05-15 13:34:27.244]{}DEBUG:[ProcessSocket.java-459 ] recvAck [ 1 ] {TCP} :Receive Message =[06]
[2024-05-15 13:34:50.689]{}DEBUG:[ProcessSocket.java-547 ] SocketRecv [ 1 ] {TCP} :Receive Message =[02]0[1c]T01[1c]1.47[1c]000000[1c]OK[1c][1f]Success[1f][1f][1f][1f]69[1f][1f]44292817[1f][1c]32[1c]0[1f]0[1f]0[1f]0[1f]0[1f]0[1f][1f][1c]3282[1f]1[1f]1027[1f][1f][1f][1f]01[1f] /                        [1f][1f][1f]0[1f][1f][1f][1f][1c]7[1f]20240515013427[1f]20240515013602[1f][1f][1f][1f][1f][1c][1f][1f][1f][1f][1c][1c][1c]EDCTYPE=CREDIT[1f]TOKEN=yFCkU942iaWf3282[1f]HRef=44292817[1f]SN=53509228[1f]GLOBALUID=53509228202405150136029102[1f]CARDBIN=467892[1f]PROGRAMTYPE=0[1c][1c][1c][1c][03][16]
[2024-05-15 13:34:50.691]{}DEBUG:[TcpConnection.java-71 ] send [ 1 ] {TCP} :Send Message =[06]
[2024-05-15 13:34:50.823]{}DEBUG:[AbstractPosLink.java-903 ] unpackTrans [ 1 ] {TCP} :Payment_CREDIT_TOKENIZE Success!
[2024-05-15 13:34:50.824]{}DEBUG:[AbstractPosLink.java-543 ] ProcessTrans [ 1 ] {} :ProcessTrans End...
[2024-05-15 14:01:00.115]{}DEBUG:[AbstractPosLink.java-435 ] ProcessTrans [ 1 ] {} :ProcessTrans Start...
[2024-05-15 14:01:00.134]{}DEBUG:[AbstractPosLink.java-463 ] ProcessTrans [ 1 ] {} :Timeout:
[2024-05-15 14:01:00.136]{}DEBUG:[AbstractPosLink.java-466 ] ProcessTrans [ 1 ] {} :SDK VERSION:V1.13.00_20230606; Timeout:-1
[2024-05-15 14:01:00.145]{}DEBUG:[TcpConnection.java-41 ] connect [ 1 ] {TCP} :ip:192.168.1.110 port:10009
[2024-05-15 14:01:00.153]{}DEBUG:[TcpConnection.java-71 ] send [ 1 ] {TCP} :Send Message =[02]T00[1c]1.62[1c]32[1c][1c][1c]20240515020100[1c][1c][1c][1f][1f][1f][1f][1f][1f][1f][1f][1f][1f][1f][1f][1f][1f][1f][1f][1f][1f][1c][1c][1c][1c]0[1c][1c][1c][03]g
[2024-05-15 14:01:00.272]{}DEBUG:[ProcessSocket.java-459 ] recvAck [ 1 ] {TCP} :Receive Message =[06]
[2024-05-15 14:01:12.582]{}DEBUG:[ProcessSocket.java-547 ] SocketRecv [ 1 ] {TCP} :Receive Message =[02]0[1c]T01[1c]1.47[1c]000000[1c]OK[1c][1f]Success[1f][1f][1f][1f]69[1f][1f]44293137[1f][1c]32[1c]0[1f]0[1f]0[1f]0[1f]0[1f]0[1f][1f][1c]3282[1f]1[1f]1027[1f][1f][1f][1f]01[1f] /                        [1f][1f][1f]0[1f][1f][1f][1f][1c]8[1f]20240515020100[1f]20240515020224[1f][1f][1f][1f][1f][1c][1f][1f][1f][1f][1c][1c][1c]EDCTYPE=CREDIT[1f]TOKEN=yFCkU942iaWf3282[1f]HRef=44293137[1f]SN=53509228[1f]GLOBALUID=53509228202405150202249892[1f]CARDBIN=467892[1f]PROGRAMTYPE=0[1c][1c][1c][1c][03][19]
[2024-05-15 14:01:12.584]{}DEBUG:[TcpConnection.java-71 ] send [ 1 ] {TCP} :Send Message =[06]
[2024-05-15 14:01:12.717]{}DEBUG:[AbstractPosLink.java-903 ] unpackTrans [ 1 ] {TCP} :Payment_CREDIT_TOKENIZE Success!
[2024-05-15 14:01:12.720]{}DEBUG:[AbstractPosLink.java-543 ] ProcessTrans [ 1 ] {} :ProcessTrans End...
[2024-05-15 14:01:12.750]{}DEBUG:[AbstractPosLink.java-435 ] ProcessTrans [ 1 ] {} :ProcessTrans Start...
[2024-05-15 14:01:12.752]{}DEBUG:[AbstractPosLink.java-463 ] ProcessTrans [ 1 ] {} :Timeout:
[2024-05-15 14:01:12.753]{}DEBUG:[AbstractPosLink.java-466 ] ProcessTrans [ 1 ] {} :SDK VERSION:V1.13.00_20230606; Timeout:-1
[2024-05-15 14:01:12.797]{}DEBUG:[TcpConnection.java-41 ] connect [ 1 ] {TCP} :ip:192.168.1.110 port:10009
[2024-05-15 14:01:12.803]{}DEBUG:[TcpConnection.java-71 ] send [ 1 ] {TCP} :Send Message =[02]T00[1c]1.62[1c]01[1c]100[1f]0[1f][1f][1f]100[1f][1f]0[1c][1c]20240515020112[1f][1f][1f][1f][1f]20240515020112[1c][1c][1c][1f][1f][1f][1f][1f][1f][1f][1f][1f][1f][1f][1f][1f][1f][1f][1f][1f][1f][1c][1c]TOKEN=com.hotsauce.creditcard.io.sale.RequestToken@7c6908d7[1c][1c]0[1c][1c][1c][03][0b]
[2024-05-15 14:01:13.183]{}DEBUG:[ProcessSocket.java-459 ] recvAck [ 1 ] {TCP} :Receive Message =[06]
[2024-05-15 14:01:13.426]{}DEBUG:[ProcessSocket.java-547 ] SocketRecv [ 1 ] {TCP} :Receive Message =[02]0[1c]T01[1c]1.47[1c]100003[1c]REMOVE CARD FIRST[03]0
[2024-05-15 14:01:13.427]{}DEBUG:[TcpConnection.java-71 ] send [ 1 ] {TCP} :Send Message =[06]
[2024-05-15 14:01:13.491]{}ERROR:[AbstractPosLink.java-905 ] unpackTrans [ 1 ] {TCP} :Payment_CREDIT_SALE Fail!,ResultTxt =REMOVE CARD FIRST
[2024-05-15 14:01:13.493]{}DEBUG:[AbstractPosLink.java-543 ] ProcessTrans [ 1 ] {} :ProcessTrans End...
[2024-05-15 14:02:20.271]{}DEBUG:[AbstractPosLink.java-435 ] ProcessTrans [ 1 ] {} :ProcessTrans Start...
[2024-05-15 14:02:20.288]{}DEBUG:[AbstractPosLink.java-463 ] ProcessTrans [ 1 ] {} :Timeout:
[2024-05-15 14:02:20.290]{}DEBUG:[AbstractPosLink.java-466 ] ProcessTrans [ 1 ] {} :SDK VERSION:V1.13.00_20230606; Timeout:-1
[2024-05-15 14:02:20.297]{}DEBUG:[TcpConnection.java-41 ] connect [ 1 ] {TCP} :ip:192.168.1.110 port:10009
[2024-05-15 14:02:20.304]{}DEBUG:[TcpConnection.java-71 ] send [ 1 ] {TCP} :Send Message =[02]T00[1c]1.62[1c]32[1c][1c][1c]20240515020220[1c][1c][1c][1f][1f][1f][1f][1f][1f][1f][1f][1f][1f][1f][1f][1f][1f][1f][1f][1f][1f][1c][1c][1c][1c]0[1c][1c][1c][03]f
[2024-05-15 14:02:20.460]{}DEBUG:[ProcessSocket.java-459 ] recvAck [ 1 ] {TCP} :Receive Message =[06]
[2024-05-15 14:02:30.795]{}DEBUG:[ProcessSocket.java-547 ] SocketRecv [ 1 ] {TCP} :Receive Message =[02]0[1c]T01[1c]1.47[1c]000000[1c]OK[1c][1f]Success[1f][1f][1f][1f]69[1f][1f]44293155[1f][1c]32[1c]0[1f]0[1f]0[1f]0[1f]0[1f]0[1f][1f][1c]3282[1f]1[1f]1027[1f][1f][1f][1f]01[1f] /                        [1f][1f][1f]0[1f][1f][1f][1f][1c]9[1f]20240515020220[1f]20240515020343[1f][1f][1f][1f][1f][1c][1f][1f][1f][1f][1c][1c][1c]EDCTYPE=CREDIT[1f]TOKEN=yFCkU942iaWf3282[1f]HRef=44293155[1f]SN=53509228[1f]GLOBALUID=53509228202405150203438738[1f]CARDBIN=467892[1f]PROGRAMTYPE=0[1c][1c][1c][1c][03][17]
[2024-05-15 14:02:30.798]{}DEBUG:[TcpConnection.java-71 ] send [ 1 ] {TCP} :Send Message =[06]
[2024-05-15 14:02:30.927]{}DEBUG:[AbstractPosLink.java-903 ] unpackTrans [ 1 ] {TCP} :Payment_CREDIT_TOKENIZE Success!
[2024-05-15 14:02:30.929]{}DEBUG:[AbstractPosLink.java-543 ] ProcessTrans [ 1 ] {} :ProcessTrans End...
[2024-05-15 14:02:30.949]{}DEBUG:[AbstractPosLink.java-435 ] ProcessTrans [ 1 ] {} :ProcessTrans Start...
[2024-05-15 14:02:30.951]{}DEBUG:[AbstractPosLink.java-463 ] ProcessTrans [ 1 ] {} :Timeout:
[2024-05-15 14:02:30.952]{}DEBUG:[AbstractPosLink.java-466 ] ProcessTrans [ 1 ] {} :SDK VERSION:V1.13.00_20230606; Timeout:-1
[2024-05-15 14:02:30.995]{}DEBUG:[TcpConnection.java-41 ] connect [ 1 ] {TCP} :ip:192.168.1.110 port:10009
[2024-05-15 14:02:31.001]{}DEBUG:[TcpConnection.java-71 ] send [ 1 ] {TCP} :Send Message =[02]T00[1c]1.62[1c]01[1c]100[1f]0[1f][1f][1f]100[1f][1f]0[1c][1c]20240515020230[1f][1f][1f][1f][1f]20240515020230[1c][1c][1c][1f][1f][1f][1f][1f][1f][1f][1f][1f][1f][1f][1f][1f][1f][1f][1f][1f][1f][1c][1c]TOKEN=com.hotsauce.creditcard.io.sale.RequestToken@7c6908d7[1c][1c]0[1c][1c][1c][03][0b]
[2024-05-15 14:02:33.027]{}DEBUG:[ProcessSocket.java-459 ] recvAck [ 1 ] {TCP} :Receive Message =[06]
[2024-05-15 14:02:33.465]{}DEBUG:[ProcessSocket.java-547 ] SocketRecv [ 1 ] {TCP} :Receive Message =[02]0[1c]T01[1c]1.47[1c]100003[1c]EXP DATE MISSING[03]e
[2024-05-15 14:02:33.466]{}DEBUG:[TcpConnection.java-71 ] send [ 1 ] {TCP} :Send Message =[06]
[2024-05-15 14:02:33.527]{}ERROR:[AbstractPosLink.java-905 ] unpackTrans [ 1 ] {TCP} :Payment_CREDIT_SALE Fail!,ResultTxt =EXP DATE MISSING
[2024-05-15 14:02:33.529]{}DEBUG:[AbstractPosLink.java-543 ] ProcessTrans [ 1 ] {} :ProcessTrans End...
[2024-05-15 14:06:59.553]{}DEBUG:[AbstractPosLink.java-435 ] ProcessTrans [ 1 ] {} :ProcessTrans Start...
[2024-05-15 14:06:59.571]{}DEBUG:[AbstractPosLink.java-463 ] ProcessTrans [ 1 ] {} :Timeout:
[2024-05-15 14:06:59.573]{}DEBUG:[AbstractPosLink.java-466 ] ProcessTrans [ 1 ] {} :SDK VERSION:V1.13.00_20230606; Timeout:-1
[2024-05-15 14:06:59.580]{}DEBUG:[TcpConnection.java-41 ] connect [ 1 ] {TCP} :ip:192.168.1.110 port:10009
[2024-05-15 14:06:59.587]{}DEBUG:[TcpConnection.java-71 ] send [ 1 ] {TCP} :Send Message =[02]T00[1c]1.62[1c]32[1c][1c][1c]20240515020659[1c][1c][1c][1f][1f][1f][1f][1f][1f][1f][1f][1f][1f][1f][1f][1f][1f][1f][1f][1f][1f][1c][1c][1c][1c]0[1c][1c][1c][03]l
[2024-05-15 14:06:59.720]{}DEBUG:[ProcessSocket.java-459 ] recvAck [ 1 ] {TCP} :Receive Message =[06]
[2024-05-15 14:07:16.809]{}DEBUG:[AbstractPosLink.java-435 ] ProcessTrans [ 1 ] {} :ProcessTrans Start...
[2024-05-15 14:07:16.828]{}DEBUG:[AbstractPosLink.java-463 ] ProcessTrans [ 1 ] {} :Timeout:
[2024-05-15 14:07:16.830]{}DEBUG:[AbstractPosLink.java-466 ] ProcessTrans [ 1 ] {} :SDK VERSION:V1.13.00_20230606; Timeout:-1
[2024-05-15 14:07:16.838]{}DEBUG:[TcpConnection.java-41 ] connect [ 1 ] {TCP} :ip:192.168.1.110 port:10009
[2024-05-15 14:07:16.845]{}DEBUG:[TcpConnection.java-71 ] send [ 1 ] {TCP} :Send Message =[02]T00[1c]1.62[1c]32[1c][1c][1c]20240515020716[1c][1c][1c][1f][1f][1f][1f][1f][1f][1f][1f][1f][1f][1f][1f][1f][1f][1f][1f][1f][1f][1c][1c][1c][1c]0[1c][1c][1c][03]f
[2024-05-15 14:07:23.515]{}DEBUG:[AbstractPosLink.java-435 ] ProcessTrans [ 1 ] {} :ProcessTrans Start...
[2024-05-15 14:07:23.533]{}DEBUG:[AbstractPosLink.java-463 ] ProcessTrans [ 1 ] {} :Timeout:
[2024-05-15 14:07:23.535]{}DEBUG:[AbstractPosLink.java-466 ] ProcessTrans [ 1 ] {} :SDK VERSION:V1.13.00_20230606; Timeout:-1
[2024-05-15 14:07:23.542]{}DEBUG:[TcpConnection.java-41 ] connect [ 1 ] {TCP} :ip:192.168.1.110 port:10009
[2024-05-15 14:07:23.549]{}DEBUG:[TcpConnection.java-71 ] send [ 1 ] {TCP} :Send Message =[02]T00[1c]1.62[1c]32[1c][1c][1c]20240515020723[1c][1c][1c][1f][1f][1f][1f][1f][1f][1f][1f][1f][1f][1f][1f][1f][1f][1f][1f][1f][1f][1c][1c][1c][1c]0[1c][1c][1c][03]`
[2024-05-15 14:07:23.699]{}DEBUG:[ProcessSocket.java-459 ] recvAck [ 1 ] {TCP} :Receive Message =[06]
[2024-05-15 14:07:36.246]{}DEBUG:[ProcessSocket.java-547 ] SocketRecv [ 1 ] {TCP} :Receive Message =[02]0[1c]T01[1c]1.47[1c]000000[1c]OK[1c][1f]Success[1f][1f][1f][1f]69[1f][1f]44293189[1f][1c]32[1c]0[1f]0[1f]0[1f]0[1f]0[1f]0[1f][1f][1c]3282[1f]1[1f]1027[1f][1f][1f][1f]01[1f] /                        [1f][1f][1f]0[1f][1f][1f][1f][1c]10[1f]20240515020723[1f]20240515020848[1f][1f][1f][1f][1f][1c][1f][1f][1f][1f][1c][1c][1c]EDCTYPE=CREDIT[1f]TOKEN=yFCkU942iaWf3282[1f]HRef=44293189[1f]SN=53509228[1f]GLOBALUID=53509228202405150208481492[1f]CARDBIN=467892[1f]PROGRAMTYPE=0[1c][1c][1c][1c][03]#
[2024-05-15 14:07:36.249]{}DEBUG:[TcpConnection.java-71 ] send [ 1 ] {TCP} :Send Message =[06]
[2024-05-15 14:07:36.384]{}DEBUG:[AbstractPosLink.java-903 ] unpackTrans [ 1 ] {TCP} :Payment_CREDIT_TOKENIZE Success!
[2024-05-15 14:07:36.387]{}DEBUG:[AbstractPosLink.java-543 ] ProcessTrans [ 1 ] {} :ProcessTrans End...
[2024-05-15 14:07:36.419]{}DEBUG:[AbstractPosLink.java-435 ] ProcessTrans [ 1 ] {} :ProcessTrans Start...
[2024-05-15 14:07:36.421]{}DEBUG:[AbstractPosLink.java-463 ] ProcessTrans [ 1 ] {} :Timeout:
[2024-05-15 14:07:36.422]{}DEBUG:[AbstractPosLink.java-466 ] ProcessTrans [ 1 ] {} :SDK VERSION:V1.13.00_20230606; Timeout:-1
[2024-05-15 14:07:36.469]{}DEBUG:[TcpConnection.java-41 ] connect [ 1 ] {TCP} :ip:192.168.1.110 port:10009
[2024-05-15 14:07:36.476]{}DEBUG:[TcpConnection.java-71 ] send [ 1 ] {TCP} :Send Message =[02]T00[1c]1.62[1c]01[1c]100[1f]0[1f][1f][1f]100[1f][1f]0[1c][1f]1027[1c]20240515020736[1f][1f][1f][1f][1f]20240515020736[1c][1c][1c][1f][1f][1f][1f][1f][1f][1f][1f][1f][1f][1f][1f][1f][1f][1f][1f][1f][1f][1c][1c]TOKEN=yFCkU942iaWf3282[1c][1c]0[1c][1c][1c][03]L
[2024-05-15 14:07:38.477]{}DEBUG:[ProcessSocket.java-459 ] recvAck [ 1 ] {TCP} :Receive Message =[06]
[2024-05-15 14:07:46.563]{}DEBUG:[TcpConnection.java-71 ] send [ 1 ] {TCP} :Send Message =[02]A14[1c]1.62[03]@
[2024-05-15 14:07:47.012]{}DEBUG:[ProcessSocket.java-547 ] SocketRecv [ 1 ] {TCP} :Receive Message =[02]0[1c]T01[1c]1.47[1c]100002[1c]ABORTED[03]2
[2024-05-15 14:07:47.015]{}DEBUG:[TcpConnection.java-71 ] send [ 1 ] {TCP} :Send Message =[06]
[2024-05-15 14:07:47.075]{}ERROR:[AbstractPosLink.java-905 ] unpackTrans [ 1 ] {TCP} :Payment_CREDIT_SALE Fail!,ResultTxt =ABORTED
[2024-05-15 14:07:47.078]{}DEBUG:[AbstractPosLink.java-543 ] ProcessTrans [ 1 ] {} :ProcessTrans End...
[2024-05-15 14:12:25.103]{}DEBUG:[AbstractPosLink.java-435 ] ProcessTrans [ 1 ] {} :ProcessTrans Start...
[2024-05-15 14:12:25.121]{}DEBUG:[AbstractPosLink.java-463 ] ProcessTrans [ 1 ] {} :Timeout:
[2024-05-15 14:12:25.123]{}DEBUG:[AbstractPosLink.java-466 ] ProcessTrans [ 1 ] {} :SDK VERSION:V1.13.00_20230606; Timeout:-1
[2024-05-15 14:12:25.130]{}DEBUG:[TcpConnection.java-41 ] connect [ 1 ] {TCP} :ip:192.168.1.110 port:10009
[2024-05-15 14:12:25.137]{}DEBUG:[TcpConnection.java-71 ] send [ 1 ] {TCP} :Send Message =[02]T00[1c]1.62[1c]32[1c][1c][1c]20240515021225[1c][1c][1c][1f][1f][1f][1f][1f][1f][1f][1f][1f][1f][1f][1f][1f][1f][1f][1f][1f][1f][1c][1c][1c][1c]0[1c][1c][1c][03]b
[2024-05-15 14:12:25.277]{}DEBUG:[ProcessSocket.java-459 ] recvAck [ 1 ] {TCP} :Receive Message =[06]
[2024-05-15 14:12:42.168]{}DEBUG:[ProcessSocket.java-547 ] SocketRecv [ 1 ] {TCP} :Receive Message =[02]0[1c]T01[1c]1.47[1c]000000[1c]OK[1c][1f]Success[1f][1f][1f][1f]69[1f][1f]44293257[1f][1c]32[1c]0[1f]0[1f]0[1f]0[1f]0[1f]0[1f][1f][1c]3282[1f]1[1f]1027[1f][1f][1f][1f]01[1f] /                        [1f][1f][1f]0[1f][1f][1f][1f][1c]11[1f]20240515021225[1f]20240515021354[1f][1f][1f][1f][1f][1c][1f][1f][1f][1f][1c][1c][1c]EDCTYPE=CREDIT[1f]TOKEN=yFCkU942iaWf3282[1f]HRef=44293257[1f]SN=53509228[1f]GLOBALUID=53509228202405150213540027[1f]CARDBIN=467892[1f]PROGRAMTYPE=0[1c][1c][1c][1c][03]+
[2024-05-15 14:12:42.171]{}DEBUG:[TcpConnection.java-71 ] send [ 1 ] {TCP} :Send Message =[06]
[2024-05-15 14:12:42.308]{}DEBUG:[AbstractPosLink.java-903 ] unpackTrans [ 1 ] {TCP} :Payment_CREDIT_TOKENIZE Success!
[2024-05-15 14:12:42.310]{}DEBUG:[AbstractPosLink.java-543 ] ProcessTrans [ 1 ] {} :ProcessTrans End...
[2024-05-15 14:13:39.849]{}DEBUG:[AbstractPosLink.java-435 ] ProcessTrans [ 1 ] {} :ProcessTrans Start...
[2024-05-15 14:13:39.868]{}DEBUG:[AbstractPosLink.java-463 ] ProcessTrans [ 1 ] {} :Timeout:
[2024-05-15 14:13:39.870]{}DEBUG:[AbstractPosLink.java-466 ] ProcessTrans [ 1 ] {} :SDK VERSION:V1.13.00_20230606; Timeout:-1
[2024-05-15 14:13:39.877]{}DEBUG:[TcpConnection.java-41 ] connect [ 1 ] {TCP} :ip:192.168.1.110 port:10009
[2024-05-15 14:13:39.883]{}DEBUG:[TcpConnection.java-71 ] send [ 1 ] {TCP} :Send Message =[02]T00[1c]1.62[1c]32[1c][1c][1c]20240515021339[1c][1c][1c][1f][1f][1f][1f][1f][1f][1f][1f][1f][1f][1f][1f][1f][1f][1f][1f][1f][1f][1c][1c][1c][1c]0[1c][1c][1c][03]n
[2024-05-15 14:13:40.035]{}DEBUG:[ProcessSocket.java-459 ] recvAck [ 1 ] {TCP} :Receive Message =[06]
[2024-05-15 14:13:59.215]{}DEBUG:[ProcessSocket.java-547 ] SocketRecv [ 1 ] {TCP} :Receive Message =[02]0[1c]T01[1c]1.47[1c]000000[1c]OK[1c][1f]Success[1f][1f][1f][1f]69[1f][1f]44293303[1f][1c]32[1c]0[1f]0[1f]0[1f]0[1f]0[1f]0[1f][1f][1c]3282[1f]1[1f]1027[1f][1f][1f][1f]01[1f] /                        [1f][1f][1f]0[1f][1f][1f][1f][1c]12[1f]20240515021339[1f]20240515021508[1f][1f][1f][1f][1f][1c][1f][1f][1f][1f][1c][1c][1c]EDCTYPE=CREDIT[1f]TOKEN=yFCkU942iaWf3282[1f]HRef=44293303[1f]SN=53509228[1f]GLOBALUID=53509228202405150215083059[1f]CARDBIN=467892[1f]PROGRAMTYPE=0[1c][1c][1c][1c][03].
[2024-05-15 14:13:59.218]{}DEBUG:[TcpConnection.java-71 ] send [ 1 ] {TCP} :Send Message =[06]
[2024-05-15 14:13:59.349]{}DEBUG:[AbstractPosLink.java-903 ] unpackTrans [ 1 ] {TCP} :Payment_CREDIT_TOKENIZE Success!
[2024-05-15 14:13:59.352]{}DEBUG:[AbstractPosLink.java-543 ] ProcessTrans [ 1 ] {} :ProcessTrans End...
[2024-05-15 14:13:59.390]{}DEBUG:[AbstractPosLink.java-435 ] ProcessTrans [ 1 ] {} :ProcessTrans Start...
[2024-05-15 14:13:59.392]{}DEBUG:[AbstractPosLink.java-463 ] ProcessTrans [ 1 ] {} :Timeout:
[2024-05-15 14:13:59.394]{}DEBUG:[AbstractPosLink.java-466 ] ProcessTrans [ 1 ] {} :SDK VERSION:V1.13.00_20230606; Timeout:-1
[2024-05-15 14:13:59.439]{}DEBUG:[TcpConnection.java-41 ] connect [ 1 ] {TCP} :ip:192.168.1.110 port:10009
[2024-05-15 14:13:59.444]{}DEBUG:[TcpConnection.java-71 ] send [ 1 ] {TCP} :Send Message =[02]T00[1c]1.62[1c]01[1c]100[1f]0[1f][1f][1f]100[1f][1f]0[1c][1f]1027[1c]20240515021359[1f][1f][1f][1f][1f]20240515021359[1c][1c][1c][1f][1f][1f][1f][1f][1f][1f][1f][1f][1f][1f][1f][1f][1f][1f][1f][1f][1f][1c][1c]TOKEN=yFCkU942iaWf3282[1c][1c]0[1c][1c][1c][03]L
[2024-05-15 14:14:01.844]{}DEBUG:[ProcessSocket.java-459 ] recvAck [ 1 ] {TCP} :Receive Message =[06]
[2024-05-15 14:14:09.491]{}DEBUG:[TcpConnection.java-71 ] send [ 1 ] {TCP} :Send Message =[02]A14[1c]1.62[03]@
[2024-05-15 14:14:09.928]{}DEBUG:[ProcessSocket.java-547 ] SocketRecv [ 1 ] {TCP} :Receive Message =[02]0[1c]T01[1c]1.47[1c]100002[1c]ABORTED[03]2
[2024-05-15 14:14:09.931]{}DEBUG:[TcpConnection.java-71 ] send [ 1 ] {TCP} :Send Message =[06]
[2024-05-15 14:14:09.989]{}ERROR:[AbstractPosLink.java-905 ] unpackTrans [ 1 ] {TCP} :Payment_CREDIT_SALE Fail!,ResultTxt =ABORTED
[2024-05-15 14:14:09.991]{}DEBUG:[AbstractPosLink.java-543 ] ProcessTrans [ 1 ] {} :ProcessTrans End...
[2024-05-15 14:14:19.765]{}DEBUG:[AbstractPosLink.java-435 ] ProcessTrans [ 1 ] {} :ProcessTrans Start...
[2024-05-15 14:14:19.783]{}DEBUG:[AbstractPosLink.java-463 ] ProcessTrans [ 1 ] {} :Timeout:
[2024-05-15 14:14:19.785]{}DEBUG:[AbstractPosLink.java-466 ] ProcessTrans [ 1 ] {} :SDK VERSION:V1.13.00_20230606; Timeout:-1
[2024-05-15 14:14:19.793]{}DEBUG:[TcpConnection.java-41 ] connect [ 1 ] {TCP} :ip:192.168.1.110 port:10009
[2024-05-15 14:14:19.799]{}DEBUG:[TcpConnection.java-71 ] send [ 1 ] {TCP} :Send Message =[02]T00[1c]1.62[1c]32[1c][1c][1c]20240515021419[1c][1c][1c][1f][1f][1f][1f][1f][1f][1f][1f][1f][1f][1f][1f][1f][1f][1f][1f][1f][1f][1c][1c][1c][1c]0[1c][1c][1c][03]k
[2024-05-15 14:14:19.953]{}DEBUG:[ProcessSocket.java-459 ] recvAck [ 1 ] {TCP} :Receive Message =[06]
[2024-05-15 14:14:30.274]{}DEBUG:[ProcessSocket.java-547 ] SocketRecv [ 1 ] {TCP} :Receive Message =[02]0[1c]T01[1c]1.47[1c]000000[1c]OK[1c][1f]Success[1f][1f][1f][1f]69[1f][1f]44293307[1f][1c]32[1c]0[1f]0[1f]0[1f]0[1f]0[1f]0[1f][1f][1c]3282[1f]1[1f]1027[1f][1f][1f][1f]01[1f] /                        [1f][1f][1f]0[1f][1f][1f][1f][1c]13[1f]20240515021419[1f]20240515021542[1f][1f][1f][1f][1f][1c][1f][1f][1f][1f][1c][1c][1c]EDCTYPE=CREDIT[1f]TOKEN=yFCkU942iaWf3282[1f]HRef=44293307[1f]SN=53509228[1f]GLOBALUID=53509228202405150215427087[1f]CARDBIN=467892[1f]PROGRAMTYPE=0[1c][1c][1c][1c][03]-
[2024-05-15 14:14:30.277]{}DEBUG:[TcpConnection.java-71 ] send [ 1 ] {TCP} :Send Message =[06]
[2024-05-15 14:14:30.412]{}DEBUG:[AbstractPosLink.java-903 ] unpackTrans [ 1 ] {TCP} :Payment_CREDIT_TOKENIZE Success!
[2024-05-15 14:14:30.414]{}DEBUG:[AbstractPosLink.java-543 ] ProcessTrans [ 1 ] {} :ProcessTrans End...
[2024-05-15 14:14:30.437]{}DEBUG:[AbstractPosLink.java-435 ] ProcessTrans [ 1 ] {} :ProcessTrans Start...
[2024-05-15 14:14:30.439]{}DEBUG:[AbstractPosLink.java-463 ] ProcessTrans [ 1 ] {} :Timeout:
[2024-05-15 14:14:30.440]{}DEBUG:[AbstractPosLink.java-466 ] ProcessTrans [ 1 ] {} :SDK VERSION:V1.13.00_20230606; Timeout:-1
[2024-05-15 14:14:30.487]{}DEBUG:[TcpConnection.java-41 ] connect [ 1 ] {TCP} :ip:192.168.1.110 port:10009
[2024-05-15 14:14:30.492]{}DEBUG:[TcpConnection.java-71 ] send [ 1 ] {TCP} :Send Message =[02]T00[1c]1.62[1c]01[1c]100[1f]0[1f][1f][1f]100[1f][1f]0[1c][1f]1027[1c]20240515021430[1f][1f][1f][1f][1f]20240515021430[1c][1c][1c][1f][1f][1f][1f][1f][1f][1f][1f][1f][1f][1f][1f][1f][1f][1f][1f][1f][1f][1c][1c]TOKEN=yFCkU942iaWf3282[1c][1c]0[1c][1c][1c][03]L
[2024-05-15 14:14:32.553]{}DEBUG:[ProcessSocket.java-459 ] recvAck [ 1 ] {TCP} :Receive Message =[06]
[2024-05-15 14:14:40.602]{}DEBUG:[TcpConnection.java-71 ] send [ 1 ] {TCP} :Send Message =[02]A14[1c]1.62[03]@
[2024-05-15 14:14:43.098]{}DEBUG:[ProcessSocket.java-547 ] SocketRecv [ 1 ] {TCP} :Receive Message =[02]0[1c]T01[1c]1.47[1c]000000[1c]OK[1c]00[1f]Success[1f]TAS222[1f]413606501176[1f][1f]69[1f]000000000756245[1f]44293313[1f][1c]01[1c]100[1f]0[1f]0[1f]0[1f]0[1f]0[1f][1f][1c][1f]0[1f]1027[1f][1f][1f][1f]07[1f][1f][1f][1f]1[1f][1f][1f][1f][1c]14[1f]20240515021430[1f]20240515021556[1f][1f][1f][1f][1f][1c][1f][1f][1f][1f][1c][1c][1c]EDCTYPE=CREDIT[1f]TOKEN=yFCkU942iaWf3282[1f]HRef=44293313[1f]SN=53509228[1f]GLOBALUID=53509228202405150215568050[1f]PROGRAMTYPE=0[1c][1c][1c][1c][03][13]
[2024-05-15 14:14:43.100]{}DEBUG:[TcpConnection.java-71 ] send [ 1 ] {TCP} :Send Message =[06]
[2024-05-15 14:14:43.161]{}DEBUG:[AbstractPosLink.java-903 ] unpackTrans [ 1 ] {TCP} :Payment_CREDIT_SALE Success!
[2024-05-15 14:14:43.163]{}DEBUG:[AbstractPosLink.java-543 ] ProcessTrans [ 1 ] {} :ProcessTrans End...
[2024-05-15 14:16:01.286]{}DEBUG:[AbstractPosLink.java-435 ] ProcessTrans [ 1 ] {} :ProcessTrans Start...
[2024-05-15 14:16:01.303]{}DEBUG:[AbstractPosLink.java-463 ] ProcessTrans [ 1 ] {} :Timeout:
[2024-05-15 14:16:01.305]{}DEBUG:[AbstractPosLink.java-466 ] ProcessTrans [ 1 ] {} :SDK VERSION:V1.13.00_20230606; Timeout:-1
[2024-05-15 14:16:01.313]{}DEBUG:[TcpConnection.java-41 ] connect [ 1 ] {TCP} :ip:192.168.1.110 port:10009
[2024-05-15 14:16:01.319]{}DEBUG:[TcpConnection.java-71 ] send [ 1 ] {TCP} :Send Message =[02]T00[1c]1.62[1c]32[1c][1c][1c]20240515021601[1c][1c][1c][1f][1f][1f][1f][1f][1f][1f][1f][1f][1f][1f][1f][1f][1f][1f][1f][1f][1f][1c][1c][1c][1c]0[1c][1c][1c][03]`
[2024-05-15 14:16:01.472]{}DEBUG:[ProcessSocket.java-459 ] recvAck [ 1 ] {TCP} :Receive Message =[06]
[2024-05-15 14:16:12.045]{}DEBUG:[ProcessSocket.java-547 ] SocketRecv [ 1 ] {TCP} :Receive Message =[02]0[1c]T01[1c]1.47[1c]000000[1c]OK[1c][1f]Success[1f][1f][1f][1f]69[1f][1f]44293341[1f][1c]32[1c]0[1f]0[1f]0[1f]0[1f]0[1f]0[1f][1f][1c]3282[1f]1[1f]1027[1f][1f][1f][1f]01[1f] /                        [1f][1f][1f]0[1f][1f][1f][1f][1c]15[1f]20240515021601[1f]20240515021724[1f][1f][1f][1f][1f][1c][1f][1f][1f][1f][1c][1c][1c]EDCTYPE=CREDIT[1f]TOKEN=yFCkU942iaWf3282[1f]HRef=44293341[1f]SN=53509228[1f]GLOBALUID=53509228202405150217247389[1f]CARDBIN=467892[1f]PROGRAMTYPE=0[1c][1c][1c][1c][03]-
[2024-05-15 14:16:12.047]{}DEBUG:[TcpConnection.java-71 ] send [ 1 ] {TCP} :Send Message =[06]
[2024-05-15 14:16:12.175]{}DEBUG:[AbstractPosLink.java-903 ] unpackTrans [ 1 ] {TCP} :Payment_CREDIT_TOKENIZE Success!
[2024-05-15 14:16:12.177]{}DEBUG:[AbstractPosLink.java-543 ] ProcessTrans [ 1 ] {} :ProcessTrans End...
[2024-05-15 14:16:12.201]{}DEBUG:[AbstractPosLink.java-435 ] ProcessTrans [ 1 ] {} :ProcessTrans Start...
[2024-05-15 14:16:12.203]{}DEBUG:[AbstractPosLink.java-463 ] ProcessTrans [ 1 ] {} :Timeout:
[2024-05-15 14:16:12.205]{}DEBUG:[AbstractPosLink.java-466 ] ProcessTrans [ 1 ] {} :SDK VERSION:V1.13.00_20230606; Timeout:-1
[2024-05-15 14:16:12.254]{}DEBUG:[TcpConnection.java-41 ] connect [ 1 ] {TCP} :ip:192.168.1.110 port:10009
[2024-05-15 14:16:12.260]{}DEBUG:[TcpConnection.java-71 ] send [ 1 ] {TCP} :Send Message =[02]T00[1c]1.62[1c]01[1c]100[1f]0[1f][1f][1f]100[1f][1f]0[1c][1f]1027[1c]20240515021612[1f][1f][1f][1f][1f]20240515021612[1c][1c][1c][1f][1f][1f][1f][1f][1f][1f][1f][1f][1f][1f][1f][1f][1f][1f][1f][1f][1f][1c][1c]TOKEN=yFCkU942iaWf3282[1c][1c]0[1c][1c][1c][03]L
[2024-05-15 14:16:14.275]{}DEBUG:[ProcessSocket.java-459 ] recvAck [ 1 ] {TCP} :Receive Message =[06]
[2024-05-15 14:16:19.017]{}DEBUG:[ProcessSocket.java-547 ] SocketRecv [ 1 ] {TCP} :Receive Message =[02]0[1c]T01[1c]1.47[1c]100011[1c]DUP TRANSACTION[1c]00[1f]Success[1f]TAS222[1f]413606501176[1f][1f]69[1f]000000000756245[1f]44293313[1f][1c]01[1c]100[1f]0[1f]0[1f]0[1f]0[1f]0[1f][1f][1c][1f]0[1f]1027[1f][1f][1f][1f]07[1f][1f][1f][1f]1[1f][1f][1f][1f][1c]14[1f]20240515021612[1f]20240515021556[1f][1f][1f][1f][1f][1c][1f][1f][1f][1f][1c][1c][1c]EDCTYPE=CREDIT[1f]TOKEN=yFCkU942iaWf3282[1f]HRef=44293313[1f]SN=53509228[1f]GLOBALUID=53509228202405150215568050[1f]PROGRAMTYPE=0[1c][1c][1c][1c][03]1
[2024-05-15 14:16:19.019]{}DEBUG:[TcpConnection.java-71 ] send [ 1 ] {TCP} :Send Message =[06]
[2024-05-15 14:16:19.078]{}ERROR:[AbstractPosLink.java-905 ] unpackTrans [ 1 ] {TCP} :Payment_CREDIT_SALE Fail!,ResultTxt =DUP TRANSACTION
[2024-05-15 14:16:19.080]{}DEBUG:[AbstractPosLink.java-543 ] ProcessTrans [ 1 ] {} :ProcessTrans End...
[2024-05-15 14:34:08.424]{}DEBUG:[AbstractPosLink.java-435 ] ProcessTrans [ 1 ] {} :ProcessTrans Start...
[2024-05-15 14:34:08.442]{}DEBUG:[AbstractPosLink.java-463 ] ProcessTrans [ 1 ] {} :Timeout:
[2024-05-15 14:34:08.444]{}DEBUG:[AbstractPosLink.java-466 ] ProcessTrans [ 1 ] {} :SDK VERSION:V1.13.00_20230606; Timeout:-1
[2024-05-15 14:34:08.452]{}DEBUG:[TcpConnection.java-41 ] connect [ 1 ] {TCP} :ip:192.168.1.110 port:10009
[2024-05-15 14:34:08.459]{}DEBUG:[TcpConnection.java-71 ] send [ 1 ] {TCP} :Send Message =[02]T00[1c]1.62[1c]32[1c][1c][1c]20240515023408[1c][1c][1c][1f][1f][1f][1f][1f][1f][1f][1f][1f][1f][1f][1f][1f][1f][1f][1f][1f][1f][1c][1c][1c][1c]0[1c][1c][1c][03]i
[2024-05-15 14:34:08.589]{}DEBUG:[ProcessSocket.java-459 ] recvAck [ 1 ] {TCP} :Receive Message =[06]
[2024-05-15 14:34:24.469]{}DEBUG:[ProcessSocket.java-547 ] SocketRecv [ 1 ] {TCP} :Receive Message =[02]0[1c]T01[1c]1.47[1c]000000[1c]OK[1c][1f]Success[1f][1f][1f][1f]69[1f][1f]44293631[1f][1c]32[1c]0[1f]0[1f]0[1f]0[1f]0[1f]0[1f][1f][1c]9805[1f]1[1f]0629[1f][1f][1f][1f]02[1f]HUANG CHIH HAO           [1f][1f][1f]0[1f][1f][1f][1f][1c]16[1f]20240515023408[1f]20240515023539[1f][1f][1f][1f][1f][1c][1f][1f][1f][1f][1c][1c][1c]EDCTYPE=CREDIT[1f]TOKEN=nZGIGMdHgY8w9805[1f]HRef=44293631[1f]SN=53509228[1f]GLOBALUID=53509228202405150235394534[1f]CARDBIN=515721[1f]PROGRAMTYPE=1[1c][1c][1c][1c][03]3
[2024-05-15 14:34:24.471]{}DEBUG:[TcpConnection.java-71 ] send [ 1 ] {TCP} :Send Message =[06]
[2024-05-15 14:34:24.612]{}DEBUG:[AbstractPosLink.java-903 ] unpackTrans [ 1 ] {TCP} :Payment_CREDIT_TOKENIZE Success!
[2024-05-15 14:34:24.615]{}DEBUG:[AbstractPosLink.java-543 ] ProcessTrans [ 1 ] {} :ProcessTrans End...
[2024-05-15 14:34:24.648]{}DEBUG:[AbstractPosLink.java-435 ] ProcessTrans [ 1 ] {} :ProcessTrans Start...
[2024-05-15 14:34:24.650]{}DEBUG:[AbstractPosLink.java-463 ] ProcessTrans [ 1 ] {} :Timeout:
[2024-05-15 14:34:24.651]{}DEBUG:[AbstractPosLink.java-466 ] ProcessTrans [ 1 ] {} :SDK VERSION:V1.13.00_20230606; Timeout:-1
[2024-05-15 14:34:24.701]{}DEBUG:[TcpConnection.java-41 ] connect [ 1 ] {TCP} :ip:192.168.1.110 port:10009
[2024-05-15 14:34:24.705]{}DEBUG:[TcpConnection.java-71 ] send [ 1 ] {TCP} :Send Message =[02]T00[1c]1.62[1c]01[1c]100[1f][1f][1f][1f]100[1f][1f]0[1c][1f]0629[1c]20240515023424[1f][1f][1f][1f][1f]20240515023424[1c][1c][1c][1f][1f][1f][1f][1f][1f][1f][1f][1f][1f][1f][1f][1f][1f][1f][1f][1f][1f][1c][1c]TIPREQ=1[1f]TOKEN=nZGIGMdHgY8w9805[1c][1c]0[1c][1c][1c][03]K
[2024-05-15 14:34:25.062]{}DEBUG:[ProcessSocket.java-459 ] recvAck [ 1 ] {TCP} :Receive Message =[06]
[2024-05-15 14:34:25.307]{}DEBUG:[ProcessSocket.java-547 ] SocketRecv [ 1 ] {TCP} :Receive Message =[02]0[1c]T01[1c]1.47[1c]100003[1c]REMOVE CARD FIRST[03]0
[2024-05-15 14:34:25.310]{}DEBUG:[TcpConnection.java-71 ] send [ 1 ] {TCP} :Send Message =[06]
[2024-05-15 14:34:25.372]{}ERROR:[AbstractPosLink.java-905 ] unpackTrans [ 1 ] {TCP} :Payment_CREDIT_SALE Fail!,ResultTxt =REMOVE CARD FIRST
[2024-05-15 14:34:25.375]{}DEBUG:[AbstractPosLink.java-543 ] ProcessTrans [ 1 ] {} :ProcessTrans End...
[2024-05-15 14:34:31.318]{}DEBUG:[AbstractPosLink.java-435 ] ProcessTrans [ 1 ] {} :ProcessTrans Start...
[2024-05-15 14:34:31.336]{}DEBUG:[AbstractPosLink.java-463 ] ProcessTrans [ 1 ] {} :Timeout:
[2024-05-15 14:34:31.339]{}DEBUG:[AbstractPosLink.java-466 ] ProcessTrans [ 1 ] {} :SDK VERSION:V1.13.00_20230606; Timeout:-1
[2024-05-15 14:34:31.347]{}DEBUG:[TcpConnection.java-41 ] connect [ 1 ] {TCP} :ip:192.168.1.110 port:10009
[2024-05-15 14:34:31.354]{}DEBUG:[TcpConnection.java-71 ] send [ 1 ] {TCP} :Send Message =[02]T00[1c]1.62[1c]32[1c][1c][1c]20240515023431[1c][1c][1c][1f][1f][1f][1f][1f][1f][1f][1f][1f][1f][1f][1f][1f][1f][1f][1f][1f][1f][1c][1c][1c][1c]0[1c][1c][1c][03]c
[2024-05-15 14:34:31.510]{}DEBUG:[ProcessSocket.java-459 ] recvAck [ 1 ] {TCP} :Receive Message =[06]
[2024-05-15 14:34:43.547]{}DEBUG:[ProcessSocket.java-547 ] SocketRecv [ 1 ] {TCP} :Receive Message =[02]0[1c]T01[1c]1.47[1c]000000[1c]OK[1c][1f]Success[1f][1f][1f][1f]69[1f][1f]44293641[1f][1c]32[1c]0[1f]0[1f]0[1f]0[1f]0[1f]0[1f][1f][1c]3282[1f]1[1f]1027[1f][1f][1f][1f]01[1f] /                        [1f][1f][1f]0[1f][1f][1f][1f][1c]17[1f]20240515023431[1f]20240515023554[1f][1f][1f][1f][1f][1c][1f][1f][1f][1f][1c][1c][1c]EDCTYPE=CREDIT[1f]TOKEN=yFCkU942iaWf3282[1f]HRef=44293641[1f]SN=53509228[1f]GLOBALUID=53509228202405150235547676[1f]CARDBIN=467892[1f]PROGRAMTYPE=0[1c][1c][1c][1c][03])
[2024-05-15 14:34:43.550]{}DEBUG:[TcpConnection.java-71 ] send [ 1 ] {TCP} :Send Message =[06]
[2024-05-15 14:34:43.685]{}DEBUG:[AbstractPosLink.java-903 ] unpackTrans [ 1 ] {TCP} :Payment_CREDIT_TOKENIZE Success!
[2024-05-15 14:34:43.688]{}DEBUG:[AbstractPosLink.java-543 ] ProcessTrans [ 1 ] {} :ProcessTrans End...
[2024-05-15 14:34:43.711]{}DEBUG:[AbstractPosLink.java-435 ] ProcessTrans [ 1 ] {} :ProcessTrans Start...
[2024-05-15 14:34:43.713]{}DEBUG:[AbstractPosLink.java-463 ] ProcessTrans [ 1 ] {} :Timeout:
[2024-05-15 14:34:43.715]{}DEBUG:[AbstractPosLink.java-466 ] ProcessTrans [ 1 ] {} :SDK VERSION:V1.13.00_20230606; Timeout:-1
[2024-05-15 14:34:43.765]{}DEBUG:[TcpConnection.java-41 ] connect [ 1 ] {TCP} :ip:192.168.1.110 port:10009
[2024-05-15 14:34:43.769]{}DEBUG:[TcpConnection.java-71 ] send [ 1 ] {TCP} :Send Message =[02]T00[1c]1.62[1c]01[1c]100[1f][1f][1f][1f]100[1f][1f]0[1c][1f]1027[1c]20240515023443[1f][1f][1f][1f][1f]20240515023443[1c][1c][1c][1f][1f][1f][1f][1f][1f][1f][1f][1f][1f][1f][1f][1f][1f][1f][1f][1f][1f][1c][1c]TIPREQ=1[1f]TOKEN=yFCkU942iaWf3282[1c][1c]0[1c][1c][1c][03]d
[2024-05-15 14:34:45.779]{}DEBUG:[ProcessSocket.java-459 ] recvAck [ 1 ] {TCP} :Receive Message =[06]
[2024-05-15 14:34:53.828]{}DEBUG:[TcpConnection.java-71 ] send [ 1 ] {TCP} :Send Message =[02]A14[1c]1.62[03]@
[2024-05-15 14:34:54.273]{}DEBUG:[ProcessSocket.java-547 ] SocketRecv [ 1 ] {TCP} :Receive Message =[02]0[1c]T01[1c]1.47[1c]100002[1c]ABORTED[03]2
[2024-05-15 14:34:54.276]{}DEBUG:[TcpConnection.java-71 ] send [ 1 ] {TCP} :Send Message =[06]
[2024-05-15 14:34:54.335]{}ERROR:[AbstractPosLink.java-905 ] unpackTrans [ 1 ] {TCP} :Payment_CREDIT_SALE Fail!,ResultTxt =ABORTED
[2024-05-15 14:34:54.337]{}DEBUG:[AbstractPosLink.java-543 ] ProcessTrans [ 1 ] {} :ProcessTrans End...
[2024-05-15 14:35:34.801]{}DEBUG:[AbstractPosLink.java-435 ] ProcessTrans [ 1 ] {} :ProcessTrans Start...
[2024-05-15 14:35:34.820]{}DEBUG:[AbstractPosLink.java-463 ] ProcessTrans [ 1 ] {} :Timeout:
[2024-05-15 14:35:34.822]{}DEBUG:[AbstractPosLink.java-466 ] ProcessTrans [ 1 ] {} :SDK VERSION:V1.13.00_20230606; Timeout:-1
[2024-05-15 14:35:34.829]{}DEBUG:[TcpConnection.java-41 ] connect [ 1 ] {TCP} :ip:192.168.1.110 port:10009
[2024-05-15 14:35:34.835]{}DEBUG:[TcpConnection.java-71 ] send [ 1 ] {TCP} :Send Message =[02]T00[1c]1.62[1c]32[1c][1c][1c]20240515023534[1c][1c][1c][1f][1f][1f][1f][1f][1f][1f][1f][1f][1f][1f][1f][1f][1f][1f][1f][1f][1f][1c][1c][1c][1c]0[1c][1c][1c][03]g
[2024-05-15 14:35:34.993]{}DEBUG:[ProcessSocket.java-459 ] recvAck [ 1 ] {TCP} :Receive Message =[06]
[2024-05-15 14:35:50.648]{}DEBUG:[ProcessSocket.java-547 ] SocketRecv [ 1 ] {TCP} :Receive Message =[02]0[1c]T01[1c]1.47[1c]000000[1c]OK[1c][1f]Success[1f][1f][1f][1f]69[1f][1f]44293683[1f][1c]32[1c]0[1f]0[1f]0[1f]0[1f]0[1f]0[1f][1f][1c]3282[1f]1[1f]1027[1f][1f][1f][1f]01[1f] /                        [1f][1f][1f]0[1f][1f][1f][1f][1c]18[1f]20240515023534[1f]20240515023703[1f][1f][1f][1f][1f][1c][1f][1f][1f][1f][1c][1c][1c]EDCTYPE=CREDIT[1f]TOKEN=yFCkU942iaWf3282[1f]HRef=44293683[1f]SN=53509228[1f]GLOBALUID=53509228202405150237030869[1f]CARDBIN=467892[1f]PROGRAMTYPE=0[1c][1c][1c][1c][03]%
[2024-05-15 14:35:50.652]{}DEBUG:[TcpConnection.java-71 ] send [ 1 ] {TCP} :Send Message =[06]
[2024-05-15 14:35:50.784]{}DEBUG:[AbstractPosLink.java-903 ] unpackTrans [ 1 ] {TCP} :Payment_CREDIT_TOKENIZE Success!
[2024-05-15 14:35:50.786]{}DEBUG:[AbstractPosLink.java-543 ] ProcessTrans [ 1 ] {} :ProcessTrans End...
[2024-05-15 14:35:50.809]{}DEBUG:[AbstractPosLink.java-435 ] ProcessTrans [ 1 ] {} :ProcessTrans Start...
[2024-05-15 14:35:50.810]{}DEBUG:[AbstractPosLink.java-463 ] ProcessTrans [ 1 ] {} :Timeout:
[2024-05-15 14:35:50.812]{}DEBUG:[AbstractPosLink.java-466 ] ProcessTrans [ 1 ] {} :SDK VERSION:V1.13.00_20230606; Timeout:-1
[2024-05-15 14:35:50.864]{}DEBUG:[TcpConnection.java-41 ] connect [ 1 ] {TCP} :ip:192.168.1.110 port:10009
[2024-05-15 14:35:50.868]{}DEBUG:[TcpConnection.java-71 ] send [ 1 ] {TCP} :Send Message =[02]T00[1c]1.62[1c]01[1c]100[1f][1f][1f][1f]100[1f][1f]0[1c][1f]1027[1c]20240515023550[1f][1f][1f][1f][1f]20240515023550[1c][1c][1c][1f][1f][1f][1f][1f][1f][1f][1f][1f][1f][1f][1f][1f][1f][1f][1f][1f][1f][1c][1c]TIPREQ=1[1f]TOKEN=yFCkU942iaWf3282[1c][1c]0[1c][1c][1c][03]d
[2024-05-15 14:35:52.883]{}DEBUG:[ProcessSocket.java-459 ] recvAck [ 1 ] {TCP} :Receive Message =[06]
[2024-05-15 14:36:02.364]{}DEBUG:[ProcessSocket.java-547 ] SocketRecv [ 1 ] {TCP} :Receive Message =[02]0[1c]T01[1c]1.47[1c]100011[1c]DUP TRANSACTION[1c]00[1f]Success[1f]TAS222[1f]413606501176[1f][1f]69[1f]000000000756245[1f]44293313[1f][1c]01[1c]100[1f]0[1f]0[1f]0[1f]0[1f]0[1f][1f][1c][1f]0[1f]1027[1f][1f][1f][1f]07[1f][1f][1f][1f]1[1f][1f][1f][1f][1c]14[1f]20240515023550[1f]20240515021556[1f][1f][1f][1f][1f][1c][1f][1f][1f][1f][1c][1c][1c]EDCTYPE=CREDIT[1f]TOKEN=yFCkU942iaWf3282[1f]HRef=44293313[1f]SN=53509228[1f]GLOBALUID=53509228202405150215568050[1f]PROGRAMTYPE=0[1c][1c][1c][1c][03]6
[2024-05-15 14:36:02.366]{}DEBUG:[TcpConnection.java-71 ] send [ 1 ] {TCP} :Send Message =[06]
[2024-05-15 14:36:02.428]{}ERROR:[AbstractPosLink.java-905 ] unpackTrans [ 1 ] {TCP} :Payment_CREDIT_SALE Fail!,ResultTxt =DUP TRANSACTION
[2024-05-15 14:36:02.431]{}DEBUG:[AbstractPosLink.java-543 ] ProcessTrans [ 1 ] {} :ProcessTrans End...
[2024-05-15 14:37:27.294]{}DEBUG:[AbstractPosLink.java-435 ] ProcessTrans [ 1 ] {} :ProcessTrans Start...
[2024-05-15 14:37:27.313]{}DEBUG:[AbstractPosLink.java-463 ] ProcessTrans [ 1 ] {} :Timeout:
[2024-05-15 14:37:27.315]{}DEBUG:[AbstractPosLink.java-466 ] ProcessTrans [ 1 ] {} :SDK VERSION:V1.13.00_20230606; Timeout:-1
[2024-05-15 14:37:27.322]{}DEBUG:[TcpConnection.java-41 ] connect [ 1 ] {TCP} :ip:192.168.1.110 port:10009
[2024-05-15 14:37:27.329]{}DEBUG:[TcpConnection.java-71 ] send [ 1 ] {TCP} :Send Message =[02]T00[1c]1.62[1c]32[1c][1c][1c]20240515023727[1c][1c][1c][1f][1f][1f][1f][1f][1f][1f][1f][1f][1f][1f][1f][1f][1f][1f][1f][1f][1f][1c][1c][1c][1c]0[1c][1c][1c][03]g
[2024-05-15 14:37:27.479]{}DEBUG:[ProcessSocket.java-459 ] recvAck [ 1 ] {TCP} :Receive Message =[06]
[2024-05-15 14:37:38.630]{}DEBUG:[ProcessSocket.java-547 ] SocketRecv [ 1 ] {TCP} :Receive Message =[02]0[1c]T01[1c]1.47[1c]000000[1c]OK[1c][1f]Success[1f][1f][1f][1f]69[1f][1f]44293707[1f][1c]32[1c]0[1f]0[1f]0[1f]0[1f]0[1f]0[1f][1f][1c]9805[1f]1[1f]0629[1f][1f][1f][1f]02[1f]HUANG CHIH HAO           [1f][1f][1f]0[1f][1f][1f][1f][1c]19[1f]20240515023727[1f]20240515023853[1f][1f][1f][1f][1f][1c][1f][1f][1f][1f][1c][1c][1c]EDCTYPE=CREDIT[1f]TOKEN=nZGIGMdHgY8w9805[1f]HRef=44293707[1f]SN=53509228[1f]GLOBALUID=53509228202405150238536659[1f]CARDBIN=515721[1f]PROGRAMTYPE=1[1c][1c][1c][1c][03]8
[2024-05-15 14:37:38.632]{}DEBUG:[TcpConnection.java-71 ] send [ 1 ] {TCP} :Send Message =[06]
[2024-05-15 14:37:38.767]{}DEBUG:[AbstractPosLink.java-903 ] unpackTrans [ 1 ] {TCP} :Payment_CREDIT_TOKENIZE Success!
[2024-05-15 14:37:38.770]{}DEBUG:[AbstractPosLink.java-543 ] ProcessTrans [ 1 ] {} :ProcessTrans End...
[2024-05-15 14:37:38.791]{}DEBUG:[AbstractPosLink.java-435 ] ProcessTrans [ 1 ] {} :ProcessTrans Start...
[2024-05-15 14:37:38.793]{}DEBUG:[AbstractPosLink.java-463 ] ProcessTrans [ 1 ] {} :Timeout:
[2024-05-15 14:37:38.795]{}DEBUG:[AbstractPosLink.java-466 ] ProcessTrans [ 1 ] {} :SDK VERSION:V1.13.00_20230606; Timeout:-1
[2024-05-15 14:37:38.843]{}DEBUG:[TcpConnection.java-41 ] connect [ 1 ] {TCP} :ip:192.168.1.110 port:10009
[2024-05-15 14:37:38.847]{}DEBUG:[TcpConnection.java-71 ] send [ 1 ] {TCP} :Send Message =[02]T00[1c]1.62[1c]01[1c]100[1f]0[1f][1f][1f]100[1f][1f]0[1c][1f]0629[1c]20240515023738[1f][1f][1f][1f][1f]20240515023738[1c][1c][1c][1f][1f][1f][1f][1f][1f][1f][1f][1f][1f][1f][1f][1f][1f][1f][1f][1f][1f][1c][1c]TOKEN=nZGIGMdHgY8w9805[1c][1c]0[1c][1c][1c][03]c
[2024-05-15 14:37:39.236]{}DEBUG:[ProcessSocket.java-459 ] recvAck [ 1 ] {TCP} :Receive Message =[06]
[2024-05-15 14:37:39.475]{}DEBUG:[ProcessSocket.java-547 ] SocketRecv [ 1 ] {TCP} :Receive Message =[02]0[1c]T01[1c]1.47[1c]100003[1c]REMOVE CARD FIRST[03]0
[2024-05-15 14:37:39.476]{}DEBUG:[TcpConnection.java-71 ] send [ 1 ] {TCP} :Send Message =[06]
[2024-05-15 14:37:39.537]{}ERROR:[AbstractPosLink.java-905 ] unpackTrans [ 1 ] {TCP} :Payment_CREDIT_SALE Fail!,ResultTxt =REMOVE CARD FIRST
[2024-05-15 14:37:39.540]{}DEBUG:[AbstractPosLink.java-543 ] ProcessTrans [ 1 ] {} :ProcessTrans End...
[2024-05-15 14:37:47.759]{}DEBUG:[AbstractPosLink.java-435 ] ProcessTrans [ 1 ] {} :ProcessTrans Start...
[2024-05-15 14:37:47.777]{}DEBUG:[AbstractPosLink.java-463 ] ProcessTrans [ 1 ] {} :Timeout:
[2024-05-15 14:37:47.779]{}DEBUG:[AbstractPosLink.java-466 ] ProcessTrans [ 1 ] {} :SDK VERSION:V1.13.00_20230606; Timeout:-1
[2024-05-15 14:37:47.784]{}DEBUG:[TcpConnection.java-41 ] connect [ 1 ] {TCP} :ip:192.168.1.110 port:10009
[2024-05-15 14:37:47.794]{}DEBUG:[TcpConnection.java-71 ] send [ 1 ] {TCP} :Send Message =[02]B00[1c]1.62[1c][1c][03]F
[2024-05-15 14:37:47.925]{}DEBUG:[ProcessSocket.java-459 ] recvAck [ 1 ] {TCP} :Receive Message =[06]
[2024-05-15 14:37:51.859]{}DEBUG:[ProcessSocket.java-547 ] SocketRecv [ 1 ] {TCP} :Receive Message =[02]0[1c]B01[1c]1.47[1c]000000[1c]OK[1c]00[1f]Success[1f][1f][1f][1f]69[1c]1=0=0=0=0=0=0[1c]100=0=0=0=0=0=0[1c]20240515023909[1c][1c]887000001519[1c][1c][03]4
[2024-05-15 14:37:51.861]{}DEBUG:[TcpConnection.java-71 ] send [ 1 ] {TCP} :Send Message =[06]
[2024-05-15 14:37:51.990]{}DEBUG:[AbstractPosLink.java-991 ] unpackTrans [ 1 ] {TCP} :Batch_BATCHCLOSE_EDCType(NULL) Success!
[2024-05-15 14:37:51.993]{}DEBUG:[AbstractPosLink.java-543 ] ProcessTrans [ 1 ] {} :ProcessTrans End...
[2024-05-15 14:37:56.951]{}DEBUG:[AbstractPosLink.java-435 ] ProcessTrans [ 1 ] {} :ProcessTrans Start...
[2024-05-15 14:37:56.971]{}DEBUG:[AbstractPosLink.java-463 ] ProcessTrans [ 1 ] {} :Timeout:
[2024-05-15 14:37:56.974]{}DEBUG:[AbstractPosLink.java-466 ] ProcessTrans [ 1 ] {} :SDK VERSION:V1.13.00_20230606; Timeout:-1
[2024-05-15 14:37:56.982]{}DEBUG:[TcpConnection.java-41 ] connect [ 1 ] {TCP} :ip:192.168.1.110 port:10009
[2024-05-15 14:37:56.988]{}DEBUG:[TcpConnection.java-71 ] send [ 1 ] {TCP} :Send Message =[02]T00[1c]1.62[1c]32[1c][1c][1c]20240515023756[1c][1c][1c][1f][1f][1f][1f][1f][1f][1f][1f][1f][1f][1f][1f][1f][1f][1f][1f][1f][1f][1c][1c][1c][1c]0[1c][1c][1c][03]a
[2024-05-15 14:37:57.144]{}DEBUG:[ProcessSocket.java-459 ] recvAck [ 1 ] {TCP} :Receive Message =[06]
[2024-05-15 14:38:07.229]{}DEBUG:[ProcessSocket.java-547 ] SocketRecv [ 1 ] {TCP} :Receive Message =[02]0[1c]T01[1c]1.47[1c]000000[1c]OK[1c][1f]Success[1f][1f][1f][1f]70[1f][1f]44293709[1f][1c]32[1c]0[1f]0[1f]0[1f]0[1f]0[1f]0[1f][1f][1c]3282[1f]1[1f]1027[1f][1f][1f][1f]01[1f] /                        [1f][1f][1f]0[1f][1f][1f][1f][1c]1[1f]20240515023756[1f]20240515023919[1f][1f][1f][1f][1f][1c][1f][1f][1f][1f][1c][1c][1c]EDCTYPE=CREDIT[1f]TOKEN=yFCkU942iaWf3282[1f]HRef=44293709[1f]SN=53509228[1f]GLOBALUID=53509228202405150239191474[1f]CARDBIN=467892[1f]PROGRAMTYPE=0[1c][1c][1c][1c][03][12]
[2024-05-15 14:38:07.232]{}DEBUG:[TcpConnection.java-71 ] send [ 1 ] {TCP} :Send Message =[06]
[2024-05-15 14:38:07.369]{}DEBUG:[AbstractPosLink.java-903 ] unpackTrans [ 1 ] {TCP} :Payment_CREDIT_TOKENIZE Success!
[2024-05-15 14:38:07.372]{}DEBUG:[AbstractPosLink.java-543 ] ProcessTrans [ 1 ] {} :ProcessTrans End...
[2024-05-15 14:38:07.395]{}DEBUG:[AbstractPosLink.java-435 ] ProcessTrans [ 1 ] {} :ProcessTrans Start...
[2024-05-15 14:38:07.397]{}DEBUG:[AbstractPosLink.java-463 ] ProcessTrans [ 1 ] {} :Timeout:
[2024-05-15 14:38:07.399]{}DEBUG:[AbstractPosLink.java-466 ] ProcessTrans [ 1 ] {} :SDK VERSION:V1.13.00_20230606; Timeout:-1
[2024-05-15 14:38:07.447]{}DEBUG:[TcpConnection.java-41 ] connect [ 1 ] {TCP} :ip:192.168.1.110 port:10009
[2024-05-15 14:38:07.452]{}DEBUG:[TcpConnection.java-71 ] send [ 1 ] {TCP} :Send Message =[02]T00[1c]1.62[1c]01[1c]100[1f]0[1f][1f][1f]100[1f][1f]0[1c][1f]1027[1c]20240515023807[1f][1f][1f][1f][1f]20240515023807[1c][1c][1c][1f][1f][1f][1f][1f][1f][1f][1f][1f][1f][1f][1f][1f][1f][1f][1f][1f][1f][1c][1c]TOKEN=yFCkU942iaWf3282[1c][1c]0[1c][1c][1c][03]L
[2024-05-15 14:38:09.502]{}DEBUG:[ProcessSocket.java-459 ] recvAck [ 1 ] {TCP} :Receive Message =[06]
[2024-05-15 14:38:21.660]{}DEBUG:[ProcessSocket.java-547 ] SocketRecv [ 1 ] {TCP} :Receive Message =[02]0[1c]T01[1c]1.47[1c]000000[1c]OK[1c]00[1f]Success[1f]TAS393[1f]413606501271[1f][1f]70[1f]000000000756564[1f]44293713[1f][1c]01[1c]100[1f]0[1f]0[1f]0[1f]0[1f]0[1f][1f][1c][1f]0[1f]1027[1f][1f][1f][1f]01[1f][1f][1f][1f]1[1f][1f][1f][1f][1c]2[1f]20240515023807[1f]20240515023932[1f][1f][1f][1f][1f][1c][1f][1f][1f][1f][1c][1c][1c]EDCTYPE=CREDIT[1f]TOKEN=yFCkU942iaWf3282[1f]HRef=44293713[1f]SN=53509228[1f]GLOBALUID=53509228202405150239322560[1f]PROGRAMTYPE=0[1c][1c][1c][1c][03]'
[2024-05-15 14:38:21.661]{}DEBUG:[TcpConnection.java-71 ] send [ 1 ] {TCP} :Send Message =[06]
[2024-05-15 14:38:21.722]{}DEBUG:[AbstractPosLink.java-903 ] unpackTrans [ 1 ] {TCP} :Payment_CREDIT_SALE Success!
[2024-05-15 14:38:21.723]{}DEBUG:[AbstractPosLink.java-543 ] ProcessTrans [ 1 ] {} :ProcessTrans End...
