[2024-04-25 13:08:17.167]{}DEBUG:[AbstractPosLink.java-435 ] ProcessTrans [ 1 ] {} :ProcessTrans Start...
[2024-04-25 13:08:17.229]{}DEBUG:[AbstractPosLink.java-463 ] ProcessTrans [ 1 ] {} :Timeout:
[2024-04-25 13:08:17.232]{}DEBUG:[AbstractPosLink.java-466 ] ProcessTrans [ 1 ] {} :SDK VERSION:V1.13.00_20230606; Timeout:-1
[2024-04-25 13:08:17.247]{}DEBUG:[TcpConnection.java-41 ] connect [ 1 ] {TCP} :ip:192.168.1.110 port:10009
[2024-04-25 13:08:17.278]{}DEBUG:[TcpConnection.java-71 ] send [ 1 ] {TCP} :Send Message =[02]A04[1c]1.62[1c]01[1c]UserName[1c]TA5714099666[1c]UserPassword[1c]Hotsauce9![1c]MID[1c]887000001519[1c]DeviceID[1c]88700000151901[1c][1c][1c][03][12]
[2024-04-25 13:08:17.393]{}DEBUG:[ProcessSocket.java-459 ] recvAck [ 1 ] {TCP} :Receive Message =[06]
[2024-04-25 13:08:18.248]{}DEBUG:[ProcessSocket.java-547 ] SocketRecv [ 1 ] {TCP} :Receive Message =[02]0[1c]A05[1c]1.47[1c]000000[1c]OK[03]o
[2024-04-25 13:08:18.251]{}DEBUG:[TcpConnection.java-71 ] send [ 1 ] {TCP} :Send Message =[06]
[2024-04-25 13:08:18.320]{}DEBUG:[AbstractPosLink.java-956 ] unpackTrans [ 1 ] {TCP} :Manage_SETVAR_CREDIT Success!
[2024-04-25 13:08:18.324]{}DEBUG:[AbstractPosLink.java-543 ] ProcessTrans [ 1 ] {} :ProcessTrans End...
[2024-04-25 13:08:24.743]{}DEBUG:[AbstractPosLink.java-435 ] ProcessTrans [ 1 ] {} :ProcessTrans Start...
[2024-04-25 13:08:24.748]{}DEBUG:[AbstractPosLink.java-463 ] ProcessTrans [ 1 ] {} :Timeout:
[2024-04-25 13:08:24.751]{}DEBUG:[AbstractPosLink.java-466 ] ProcessTrans [ 1 ] {} :SDK VERSION:V1.13.00_20230606; Timeout:-1
[2024-04-25 13:08:24.760]{}DEBUG:[TcpConnection.java-41 ] connect [ 1 ] {TCP} :ip:192.168.1.110 port:10009
[2024-04-25 13:08:24.767]{}DEBUG:[TcpConnection.java-71 ] send [ 1 ] {TCP} :Send Message =[02]T00[1c]1.62[1c]03[1c]100[1c][1c]123[1c][1c][1c][1f][1f][1f][1f][1f][1f][1f][1f][1f][1f][1f][1f][1f][1f][1f][1f][1f][1f][1c][1c][1c][1c]0[1c][1c][1c][03]b
[2024-04-25 13:08:24.913]{}DEBUG:[ProcessSocket.java-459 ] recvAck [ 1 ] {TCP} :Receive Message =[06]
[2024-04-25 13:08:28.222]{}DEBUG:[TcpConnection.java-71 ] send [ 1 ] {TCP} :Send Message =[02]A14[1c]1.62[03]@
[2024-04-25 13:08:28.867]{}DEBUG:[ProcessSocket.java-547 ] SocketRecv [ 1 ] {TCP} :Receive Message =[02]0[1c]T01[1c]1.47[1c]100002[1c]ABORTED[03]2
[2024-04-25 13:08:28.870]{}DEBUG:[TcpConnection.java-71 ] send [ 1 ] {TCP} :Send Message =[06]
[2024-04-25 13:08:29.909]{}ERROR:[AbstractPosLink.java-905 ] unpackTrans [ 1 ] {TCP} :Payment_CREDIT_AUTH Fail!,ResultTxt =ABORTED
[2024-04-25 13:08:29.912]{}DEBUG:[AbstractPosLink.java-543 ] ProcessTrans [ 1 ] {} :ProcessTrans End...
[2024-04-25 13:08:36.760]{}DEBUG:[AbstractPosLink.java-435 ] ProcessTrans [ 1 ] {} :ProcessTrans Start...
[2024-04-25 13:08:36.779]{}DEBUG:[AbstractPosLink.java-463 ] ProcessTrans [ 1 ] {} :Timeout:
[2024-04-25 13:08:36.780]{}DEBUG:[AbstractPosLink.java-466 ] ProcessTrans [ 1 ] {} :SDK VERSION:V1.13.00_20230606; Timeout:-1
[2024-04-25 13:08:36.789]{}DEBUG:[TcpConnection.java-41 ] connect [ 1 ] {TCP} :ip:192.168.1.110 port:10009
[2024-04-25 13:08:36.800]{}DEBUG:[TcpConnection.java-71 ] send [ 1 ] {TCP} :Send Message =[02]A04[1c]1.62[1c]01[1c]UserName[1c]TA5714099666[1c]UserPassword[1c]Hotsauce9![1c]MID[1c]887000001519[1c]DeviceID[1c]88700000151901[1c][1c][1c][03][12]
[2024-04-25 13:08:36.920]{}DEBUG:[ProcessSocket.java-459 ] recvAck [ 1 ] {TCP} :Receive Message =[06]
[2024-04-25 13:08:37.790]{}DEBUG:[ProcessSocket.java-547 ] SocketRecv [ 1 ] {TCP} :Receive Message =[02]0[1c]A05[1c]1.47[1c]000000[1c]OK[03]o
[2024-04-25 13:08:37.793]{}DEBUG:[TcpConnection.java-71 ] send [ 1 ] {TCP} :Send Message =[06]
[2024-04-25 13:08:37.860]{}DEBUG:[AbstractPosLink.java-956 ] unpackTrans [ 1 ] {TCP} :Manage_SETVAR_CREDIT Success!
[2024-04-25 13:08:37.862]{}DEBUG:[AbstractPosLink.java-543 ] ProcessTrans [ 1 ] {} :ProcessTrans End...
[2024-04-25 13:08:37.866]{}DEBUG:[AbstractPosLink.java-435 ] ProcessTrans [ 1 ] {} :ProcessTrans Start...
[2024-04-25 13:08:37.868]{}DEBUG:[AbstractPosLink.java-463 ] ProcessTrans [ 1 ] {} :Timeout:
[2024-04-25 13:08:37.869]{}DEBUG:[AbstractPosLink.java-466 ] ProcessTrans [ 1 ] {} :SDK VERSION:V1.13.00_20230606; Timeout:-1
[2024-04-25 13:08:37.872]{}DEBUG:[TcpConnection.java-41 ] connect [ 1 ] {TCP} :ip:192.168.1.110 port:10009
[2024-04-25 13:08:37.876]{}DEBUG:[TcpConnection.java-71 ] send [ 1 ] {TCP} :Send Message =[02]T00[1c]1.62[1c]03[1c]100[1c][1c]123[1c][1c][1c][1f][1f][1f][1f][1f][1f][1f][1f][1f][1f][1f][1f][1f][1f][1f][1f][1f][1f][1c][1c][1c][1c]0[1c][1c][1c][03]b
[2024-04-25 13:08:38.043]{}DEBUG:[ProcessSocket.java-459 ] recvAck [ 1 ] {TCP} :Receive Message =[06]
[2024-04-25 13:08:46.287]{}DEBUG:[ProcessSocket.java-547 ] SocketRecv [ 1 ] {TCP} :Receive Message =[02]0[1c]T01[1c]1.47[1c]000100[1c]DECLINE[1c][1f]Inactive Device (Terminal)[1f][1f][1f][1f][1f][1f][1f][1c]03[1c][1f][1f]0[1f]0[1f]0[1f]0[1f][1f][1c]1800[1f]2[1f]0726[1f][1f][1f][1f]02[1f][1f][1f][1f]0[1f][1f][1f][1f][1c][1f]123[1f]20240425010953[1f][1f][1f][1f][1f][1c][1f][1f][1f][1f][1c][1c][1c]EDCTYPE=CREDIT[1f]SN=53509228[1f]CARDBIN=515721[1f]PROGRAMTYPE=1[1f]TC=2274DA36753EC557[1f]TVR=0000008001[1f]AID=A0000000041010[1f]TSI=0000[1f]IAD=0114A14003040000000400000000000000FF[1f]CVM=7[1c][1c][1c][1c][03]9
[2024-04-25 13:08:46.291]{}DEBUG:[TcpConnection.java-71 ] send [ 1 ] {TCP} :Send Message =[06]
[2024-04-25 13:08:46.414]{}ERROR:[AbstractPosLink.java-905 ] unpackTrans [ 1 ] {TCP} :Payment_CREDIT_AUTH Fail!,ResultTxt =DECLINE
[2024-04-25 13:08:46.416]{}DEBUG:[AbstractPosLink.java-543 ] ProcessTrans [ 1 ] {} :ProcessTrans End...
[2024-04-25 13:10:49.942]{}DEBUG:[AbstractPosLink.java-435 ] ProcessTrans [ 1 ] {} :ProcessTrans Start...
[2024-04-25 13:10:49.960]{}DEBUG:[AbstractPosLink.java-463 ] ProcessTrans [ 1 ] {} :Timeout:
[2024-04-25 13:10:49.961]{}DEBUG:[AbstractPosLink.java-466 ] ProcessTrans [ 1 ] {} :SDK VERSION:V1.13.00_20230606; Timeout:-1
[2024-04-25 13:10:49.967]{}DEBUG:[TcpConnection.java-41 ] connect [ 1 ] {TCP} :ip:192.168.1.110 port:10009
[2024-04-25 13:10:49.977]{}DEBUG:[TcpConnection.java-71 ] send [ 1 ] {TCP} :Send Message =[02]A04[1c]1.62[1c]01[1c]UserName[1c]TA5714099666[1c]UserPassword[1c]Hotsauce987![1c]MID[1c]887000001519[1c]DeviceID[1c]88700000151901[1c][1c][1c][03][1d]
[2024-04-25 13:10:50.099]{}DEBUG:[ProcessSocket.java-459 ] recvAck [ 1 ] {TCP} :Receive Message =[06]
[2024-04-25 13:10:50.964]{}DEBUG:[ProcessSocket.java-547 ] SocketRecv [ 1 ] {TCP} :Receive Message =[02]0[1c]A05[1c]1.47[1c]000000[1c]OK[03]o
[2024-04-25 13:10:50.968]{}DEBUG:[TcpConnection.java-71 ] send [ 1 ] {TCP} :Send Message =[06]
[2024-04-25 13:10:51.033]{}DEBUG:[AbstractPosLink.java-956 ] unpackTrans [ 1 ] {TCP} :Manage_SETVAR_CREDIT Success!
[2024-04-25 13:10:51.036]{}DEBUG:[AbstractPosLink.java-543 ] ProcessTrans [ 1 ] {} :ProcessTrans End...
[2024-04-25 13:10:51.040]{}DEBUG:[AbstractPosLink.java-435 ] ProcessTrans [ 1 ] {} :ProcessTrans Start...
[2024-04-25 13:10:51.042]{}DEBUG:[AbstractPosLink.java-463 ] ProcessTrans [ 1 ] {} :Timeout:
[2024-04-25 13:10:51.043]{}DEBUG:[AbstractPosLink.java-466 ] ProcessTrans [ 1 ] {} :SDK VERSION:V1.13.00_20230606; Timeout:-1
[2024-04-25 13:10:51.049]{}DEBUG:[TcpConnection.java-41 ] connect [ 1 ] {TCP} :ip:192.168.1.110 port:10009
[2024-04-25 13:10:51.054]{}DEBUG:[TcpConnection.java-71 ] send [ 1 ] {TCP} :Send Message =[02]T00[1c]1.62[1c]03[1c]100[1c][1c]123[1c][1c][1c][1f][1f][1f][1f][1f][1f][1f][1f][1f][1f][1f][1f][1f][1f][1f][1f][1f][1f][1c][1c][1c][1c]0[1c][1c][1c][03]b
[2024-04-25 13:10:51.219]{}DEBUG:[ProcessSocket.java-459 ] recvAck [ 1 ] {TCP} :Receive Message =[06]
[2024-04-25 13:11:01.270]{}DEBUG:[ProcessSocket.java-547 ] SocketRecv [ 1 ] {TCP} :Receive Message =[02]0[1c]T01[1c]1.47[1c]000100[1c]DECLINE[1c][1f]Inactive Device (Terminal)[1f][1f][1f][1f][1f][1f][1f][1c]03[1c][1f][1f]0[1f]0[1f]0[1f]0[1f][1f][1c]1800[1f]2[1f]0726[1f][1f][1f][1f]02[1f][1f][1f][1f]0[1f][1f][1f][1f][1c][1f]123[1f]20240425011209[1f][1f][1f][1f][1f][1c][1f][1f][1f][1f][1c][1c][1c]EDCTYPE=CREDIT[1f]SN=53509228[1f]CARDBIN=515721[1f]PROGRAMTYPE=1[1f]TC=3EA6ED595567B111[1f]TVR=0000008001[1f]AID=A0000000041010[1f]TSI=0000[1f]IAD=0114A14003040000000400000000000000FF[1f]CVM=7[1c][1c][1c][1c][03]A
[2024-04-25 13:11:01.273]{}DEBUG:[TcpConnection.java-71 ] send [ 1 ] {TCP} :Send Message =[06]
[2024-04-25 13:11:01.398]{}ERROR:[AbstractPosLink.java-905 ] unpackTrans [ 1 ] {TCP} :Payment_CREDIT_AUTH Fail!,ResultTxt =DECLINE
[2024-04-25 13:11:01.400]{}DEBUG:[AbstractPosLink.java-543 ] ProcessTrans [ 1 ] {} :ProcessTrans End...
[2024-04-25 13:11:21.728]{}DEBUG:[AbstractPosLink.java-435 ] ProcessTrans [ 1 ] {} :ProcessTrans Start...
[2024-04-25 13:11:21.746]{}DEBUG:[AbstractPosLink.java-463 ] ProcessTrans [ 1 ] {} :Timeout:
[2024-04-25 13:11:21.747]{}DEBUG:[AbstractPosLink.java-466 ] ProcessTrans [ 1 ] {} :SDK VERSION:V1.13.00_20230606; Timeout:-1
[2024-04-25 13:11:21.754]{}DEBUG:[TcpConnection.java-41 ] connect [ 1 ] {TCP} :ip:192.168.1.110 port:10009
[2024-04-25 13:11:21.763]{}DEBUG:[TcpConnection.java-71 ] send [ 1 ] {TCP} :Send Message =[02]A04[1c]1.62[1c]01[1c]UserName[1c]TA5714099[1c]UserPassword[1c]Hotsauce987![1c]MID[1c]887000001519[1c]DeviceID[1c]88700000151901[1c][1c][1c][03]+
[2024-04-25 13:11:21.884]{}DEBUG:[ProcessSocket.java-459 ] recvAck [ 1 ] {TCP} :Receive Message =[06]
[2024-04-25 13:11:22.736]{}DEBUG:[ProcessSocket.java-547 ] SocketRecv [ 1 ] {TCP} :Receive Message =[02]0[1c]A05[1c]1.47[1c]000000[1c]OK[03]o
[2024-04-25 13:11:22.744]{}DEBUG:[TcpConnection.java-71 ] send [ 1 ] {TCP} :Send Message =[06]
[2024-04-25 13:11:22.829]{}DEBUG:[AbstractPosLink.java-956 ] unpackTrans [ 1 ] {TCP} :Manage_SETVAR_CREDIT Success!
[2024-04-25 13:11:22.831]{}DEBUG:[AbstractPosLink.java-543 ] ProcessTrans [ 1 ] {} :ProcessTrans End...
[2024-04-25 13:11:22.834]{}DEBUG:[AbstractPosLink.java-435 ] ProcessTrans [ 1 ] {} :ProcessTrans Start...
[2024-04-25 13:11:22.836]{}DEBUG:[AbstractPosLink.java-463 ] ProcessTrans [ 1 ] {} :Timeout:
[2024-04-25 13:11:22.838]{}DEBUG:[AbstractPosLink.java-466 ] ProcessTrans [ 1 ] {} :SDK VERSION:V1.13.00_20230606; Timeout:-1
[2024-04-25 13:11:22.842]{}DEBUG:[TcpConnection.java-41 ] connect [ 1 ] {TCP} :ip:192.168.1.110 port:10009
[2024-04-25 13:11:22.846]{}DEBUG:[TcpConnection.java-71 ] send [ 1 ] {TCP} :Send Message =[02]T00[1c]1.62[1c]03[1c]100[1c][1c]123[1c][1c][1c][1f][1f][1f][1f][1f][1f][1f][1f][1f][1f][1f][1f][1f][1f][1f][1f][1f][1f][1c][1c][1c][1c]0[1c][1c][1c][03]b
[2024-04-25 13:11:22.998]{}DEBUG:[ProcessSocket.java-459 ] recvAck [ 1 ] {TCP} :Receive Message =[06]
[2024-04-25 13:11:36.554]{}DEBUG:[ProcessSocket.java-547 ] SocketRecv [ 1 ] {TCP} :Receive Message =[02]0[1c]T01[1c]1.47[1c]000100[1c]DECLINE[1c][1f]Inactive Device (Terminal)[1f][1f][1f][1f][1f][1f][1f][1c]03[1c][1f][1f]0[1f]0[1f]0[1f]0[1f][1f][1c]1800[1f]2[1f]0726[1f][1f][1f][1f]02[1f][1f][1f][1f]0[1f][1f][1f][1f][1c][1f]123[1f]20240425011244[1f][1f][1f][1f][1f][1c][1f][1f][1f][1f][1c][1c][1c]EDCTYPE=CREDIT[1f]SN=53509228[1f]CARDBIN=515721[1f]PROGRAMTYPE=1[1f]TC=05310A652C6F6310[1f]TVR=0000008001[1f]AID=A0000000041010[1f]TSI=0000[1f]IAD=0114A14003040000000400000000000000FF[1f]CVM=7[1c][1c][1c][1c][03]F
[2024-04-25 13:11:36.558]{}DEBUG:[TcpConnection.java-71 ] send [ 1 ] {TCP} :Send Message =[06]
[2024-04-25 13:11:36.679]{}ERROR:[AbstractPosLink.java-905 ] unpackTrans [ 1 ] {TCP} :Payment_CREDIT_AUTH Fail!,ResultTxt =DECLINE
[2024-04-25 13:11:36.680]{}DEBUG:[AbstractPosLink.java-543 ] ProcessTrans [ 1 ] {} :ProcessTrans End...
[2024-04-25 13:12:07.646]{}DEBUG:[AbstractPosLink.java-435 ] ProcessTrans [ 1 ] {} :ProcessTrans Start...
[2024-04-25 13:12:07.663]{}DEBUG:[AbstractPosLink.java-463 ] ProcessTrans [ 1 ] {} :Timeout:
[2024-04-25 13:12:07.665]{}DEBUG:[AbstractPosLink.java-466 ] ProcessTrans [ 1 ] {} :SDK VERSION:V1.13.00_20230606; Timeout:-1
[2024-04-25 13:12:07.670]{}DEBUG:[TcpConnection.java-41 ] connect [ 1 ] {TCP} :ip:192.168.1.110 port:10009
[2024-04-25 13:12:07.679]{}DEBUG:[TcpConnection.java-71 ] send [ 1 ] {TCP} :Send Message =[02]A04[1c]1.62[1c]01[1c]UserName[1c]TA5714099[1c]UserPassword[1c]Hotsauce9![1c]MID[1c]887000001519[1c]DeviceID[1c]88700000151901[1c][1c][1c][03]$
[2024-04-25 13:12:07.820]{}DEBUG:[ProcessSocket.java-459 ] recvAck [ 1 ] {TCP} :Receive Message =[06]
[2024-04-25 13:12:08.679]{}DEBUG:[ProcessSocket.java-547 ] SocketRecv [ 1 ] {TCP} :Receive Message =[02]0[1c]A05[1c]1.47[1c]000000[1c]OK[03]o
[2024-04-25 13:12:08.683]{}DEBUG:[TcpConnection.java-71 ] send [ 1 ] {TCP} :Send Message =[06]
[2024-04-25 13:12:08.747]{}DEBUG:[AbstractPosLink.java-956 ] unpackTrans [ 1 ] {TCP} :Manage_SETVAR_CREDIT Success!
[2024-04-25 13:12:08.749]{}DEBUG:[AbstractPosLink.java-543 ] ProcessTrans [ 1 ] {} :ProcessTrans End...
[2024-04-25 13:12:08.752]{}DEBUG:[AbstractPosLink.java-435 ] ProcessTrans [ 1 ] {} :ProcessTrans Start...
[2024-04-25 13:12:08.753]{}DEBUG:[AbstractPosLink.java-463 ] ProcessTrans [ 1 ] {} :Timeout:
[2024-04-25 13:12:08.754]{}DEBUG:[AbstractPosLink.java-466 ] ProcessTrans [ 1 ] {} :SDK VERSION:V1.13.00_20230606; Timeout:-1
[2024-04-25 13:12:08.758]{}DEBUG:[TcpConnection.java-41 ] connect [ 1 ] {TCP} :ip:192.168.1.110 port:10009
[2024-04-25 13:12:08.762]{}DEBUG:[TcpConnection.java-71 ] send [ 1 ] {TCP} :Send Message =[02]T00[1c]1.62[1c]03[1c]100[1c][1c]123[1c][1c][1c][1f][1f][1f][1f][1f][1f][1f][1f][1f][1f][1f][1f][1f][1f][1f][1f][1f][1f][1c][1c][1c][1c]0[1c][1c][1c][03]b
[2024-04-25 13:12:08.935]{}DEBUG:[ProcessSocket.java-459 ] recvAck [ 1 ] {TCP} :Receive Message =[06]
[2024-04-25 13:12:16.538]{}DEBUG:[ProcessSocket.java-547 ] SocketRecv [ 1 ] {TCP} :Receive Message =[02]0[1c]T01[1c]1.47[1c]000100[1c]DECLINE[1c][1f]Inactive Device (Terminal)[1f][1f][1f][1f][1f][1f][1f][1c]03[1c][1f][1f]0[1f]0[1f]0[1f]0[1f][1f][1c]1800[1f]2[1f]0726[1f][1f][1f][1f]02[1f][1f][1f][1f]0[1f][1f][1f][1f][1c][1f]123[1f]20240425011324[1f][1f][1f][1f][1f][1c][1f][1f][1f][1f][1c][1c][1c]EDCTYPE=CREDIT[1f]SN=53509228[1f]CARDBIN=515721[1f]PROGRAMTYPE=1[1f]TC=F7C86D3BE2AEA38B[1f]TVR=0000008001[1f]AID=A0000000041010[1f]TSI=0000[1f]IAD=0114A14003040000000400000000000000FF[1f]CVM=7[1c][1c][1c][1c][03]C
[2024-04-25 13:12:16.541]{}DEBUG:[TcpConnection.java-71 ] send [ 1 ] {TCP} :Send Message =[06]
[2024-04-25 13:12:16.668]{}ERROR:[AbstractPosLink.java-905 ] unpackTrans [ 1 ] {TCP} :Payment_CREDIT_AUTH Fail!,ResultTxt =DECLINE
[2024-04-25 13:12:16.669]{}DEBUG:[AbstractPosLink.java-543 ] ProcessTrans [ 1 ] {} :ProcessTrans End...
[2024-04-25 13:12:20.696]{}DEBUG:[AbstractPosLink.java-435 ] ProcessTrans [ 1 ] {} :ProcessTrans Start...
[2024-04-25 13:12:20.714]{}DEBUG:[AbstractPosLink.java-463 ] ProcessTrans [ 1 ] {} :Timeout:
[2024-04-25 13:12:20.715]{}DEBUG:[AbstractPosLink.java-466 ] ProcessTrans [ 1 ] {} :SDK VERSION:V1.13.00_20230606; Timeout:-1
[2024-04-25 13:12:20.721]{}DEBUG:[TcpConnection.java-41 ] connect [ 1 ] {TCP} :ip:192.168.1.110 port:10009
[2024-04-25 13:12:20.729]{}DEBUG:[TcpConnection.java-71 ] send [ 1 ] {TCP} :Send Message =[02]A04[1c]1.62[1c]01[1c]UserName[1c]TA5714099[1c]UserPassword[1c]Hotsauce987[1c]MID[1c]887000001519[1c]DeviceID[1c]88700000151901[1c][1c][1c][03][0a]
[2024-04-25 13:12:20.867]{}DEBUG:[ProcessSocket.java-459 ] recvAck [ 1 ] {TCP} :Receive Message =[06]
[2024-04-25 13:12:21.715]{}DEBUG:[ProcessSocket.java-547 ] SocketRecv [ 1 ] {TCP} :Receive Message =[02]0[1c]A05[1c]1.47[1c]000000[1c]OK[03]o
[2024-04-25 13:12:21.722]{}DEBUG:[TcpConnection.java-71 ] send [ 1 ] {TCP} :Send Message =[06]
[2024-04-25 13:12:21.783]{}DEBUG:[AbstractPosLink.java-956 ] unpackTrans [ 1 ] {TCP} :Manage_SETVAR_CREDIT Success!
[2024-04-25 13:12:21.785]{}DEBUG:[AbstractPosLink.java-543 ] ProcessTrans [ 1 ] {} :ProcessTrans End...
[2024-04-25 13:12:21.789]{}DEBUG:[AbstractPosLink.java-435 ] ProcessTrans [ 1 ] {} :ProcessTrans Start...
[2024-04-25 13:12:21.790]{}DEBUG:[AbstractPosLink.java-463 ] ProcessTrans [ 1 ] {} :Timeout:
[2024-04-25 13:12:21.791]{}DEBUG:[AbstractPosLink.java-466 ] ProcessTrans [ 1 ] {} :SDK VERSION:V1.13.00_20230606; Timeout:-1
[2024-04-25 13:12:21.794]{}DEBUG:[TcpConnection.java-41 ] connect [ 1 ] {TCP} :ip:192.168.1.110 port:10009
[2024-04-25 13:12:21.798]{}DEBUG:[TcpConnection.java-71 ] send [ 1 ] {TCP} :Send Message =[02]T00[1c]1.62[1c]03[1c]100[1c][1c]123[1c][1c][1c][1f][1f][1f][1f][1f][1f][1f][1f][1f][1f][1f][1f][1f][1f][1f][1f][1f][1f][1c][1c][1c][1c]0[1c][1c][1c][03]b
[2024-04-25 13:12:21.974]{}DEBUG:[ProcessSocket.java-459 ] recvAck [ 1 ] {TCP} :Receive Message =[06]
[2024-04-25 13:12:29.408]{}DEBUG:[ProcessSocket.java-547 ] SocketRecv [ 1 ] {TCP} :Receive Message =[02]0[1c]T01[1c]1.47[1c]000100[1c]DECLINE[1c][1f]Inactive Device (Terminal)[1f][1f][1f][1f][1f][1f][1f][1c]03[1c][1f][1f]0[1f]0[1f]0[1f]0[1f][1f][1c]1800[1f]2[1f]0726[1f][1f][1f][1f]02[1f][1f][1f][1f]0[1f][1f][1f][1f][1c][1f]123[1f]20240425011337[1f][1f][1f][1f][1f][1c][1f][1f][1f][1f][1c][1c][1c]EDCTYPE=CREDIT[1f]SN=53509228[1f]CARDBIN=515721[1f]PROGRAMTYPE=1[1f]TC=AD3D486213A01A33[1f]TVR=0000008001[1f]AID=A0000000041010[1f]TSI=0000[1f]IAD=0114A14003040000000400000000000000FF[1f]CVM=7[1c][1c][1c][1c][03]J
[2024-04-25 13:12:29.412]{}DEBUG:[TcpConnection.java-71 ] send [ 1 ] {TCP} :Send Message =[06]
[2024-04-25 13:12:29.538]{}ERROR:[AbstractPosLink.java-905 ] unpackTrans [ 1 ] {TCP} :Payment_CREDIT_AUTH Fail!,ResultTxt =DECLINE
[2024-04-25 13:12:29.539]{}DEBUG:[AbstractPosLink.java-543 ] ProcessTrans [ 1 ] {} :ProcessTrans End...
[2024-04-25 13:31:58.545]{}DEBUG:[AbstractPosLink.java-435 ] ProcessTrans [ 1 ] {} :ProcessTrans Start...
[2024-04-25 13:31:58.561]{}DEBUG:[AbstractPosLink.java-463 ] ProcessTrans [ 1 ] {} :Timeout:
[2024-04-25 13:31:58.562]{}DEBUG:[AbstractPosLink.java-466 ] ProcessTrans [ 1 ] {} :SDK VERSION:V1.13.00_20230606; Timeout:-1
[2024-04-25 13:31:58.571]{}DEBUG:[TcpConnection.java-41 ] connect [ 1 ] {TCP} :ip:192.168.1.110 port:10009
[2024-04-25 13:31:58.583]{}DEBUG:[TcpConnection.java-71 ] send [ 1 ] {TCP} :Send Message =[02]A04[1c]1.62[1c]01[1c]UserName[1c]TA5714099[1c]UserPassword[1c]Hotsauce987![1c]MID[1c]887000001519[1c]DeviceID[1c]88700000151901[1c][1c][1c][03]+
[2024-04-25 13:31:58.709]{}DEBUG:[ProcessSocket.java-459 ] recvAck [ 1 ] {TCP} :Receive Message =[06]
[2024-04-25 13:31:59.557]{}DEBUG:[ProcessSocket.java-547 ] SocketRecv [ 1 ] {TCP} :Receive Message =[02]0[1c]A05[1c]1.47[1c]000000[1c]OK[03]o
[2024-04-25 13:31:59.559]{}DEBUG:[TcpConnection.java-71 ] send [ 1 ] {TCP} :Send Message =[06]
[2024-04-25 13:31:59.628]{}DEBUG:[AbstractPosLink.java-956 ] unpackTrans [ 1 ] {TCP} :Manage_SETVAR_CREDIT Success!
[2024-04-25 13:31:59.630]{}DEBUG:[AbstractPosLink.java-543 ] ProcessTrans [ 1 ] {} :ProcessTrans End...
[2024-04-25 13:31:59.634]{}DEBUG:[AbstractPosLink.java-435 ] ProcessTrans [ 1 ] {} :ProcessTrans Start...
[2024-04-25 13:31:59.635]{}DEBUG:[AbstractPosLink.java-463 ] ProcessTrans [ 1 ] {} :Timeout:
[2024-04-25 13:31:59.637]{}DEBUG:[AbstractPosLink.java-466 ] ProcessTrans [ 1 ] {} :SDK VERSION:V1.13.00_20230606; Timeout:-1
[2024-04-25 13:31:59.640]{}DEBUG:[TcpConnection.java-41 ] connect [ 1 ] {TCP} :ip:192.168.1.110 port:10009
[2024-04-25 13:31:59.645]{}DEBUG:[TcpConnection.java-71 ] send [ 1 ] {TCP} :Send Message =[02]T00[1c]1.62[1c]03[1c]100[1c][1c]123[1c][1c][1c][1f][1f][1f][1f][1f][1f][1f][1f][1f][1f][1f][1f][1f][1f][1f][1f][1f][1f][1c][1c][1c][1c]0[1c][1c][1c][03]b
[2024-04-25 13:31:59.817]{}DEBUG:[ProcessSocket.java-459 ] recvAck [ 1 ] {TCP} :Receive Message =[06]
[2024-04-25 13:32:13.781]{}DEBUG:[ProcessSocket.java-547 ] SocketRecv [ 1 ] {TCP} :Receive Message =[02]0[1c]T01[1c]1.47[1c]000000[1c]OK[1c]00[1f]Success[1f]VTLMC1[1f]411605500094[1f][1f]14[1f]1212MCC111937**[1f]43552715[1f][1c]03[1c]100[1f]0[1f]0[1f]0[1f]0[1f]0[1f][1f][1c]1800[1f]2[1f]0726[1f][1f][1f][1f]02[1f][1f][1f][1f]0[1f][1f][1f][1f][1c]1[1f]123[1f]20240425013317[1f][1f][1f][1f][1f][1c][1f][1f][1f][1f][1c][1c][1c]EDCTYPE=CREDIT[1f]HRef=43552715[1f]SN=53509228[1f]GLOBALUID=53509228202404250133178128[1f]CARDBIN=515721[1f]PROGRAMTYPE=1[1f]ARQC=B864B92EBC286D27[1f]TVR=0000008001[1f]AID=A0000000041010[1f]TSI=0000[1f]ATC=0121[1f]APPLAB=MASTERCARD[1f]IAD=0114A14003040000000400000000000000FF[1f]CVM=7[1c][1c][1c][1c][03][02]
[2024-04-25 13:32:13.785]{}DEBUG:[TcpConnection.java-71 ] send [ 1 ] {TCP} :Send Message =[06]
[2024-04-25 13:32:13.907]{}DEBUG:[AbstractPosLink.java-903 ] unpackTrans [ 1 ] {TCP} :Payment_CREDIT_AUTH Success!
[2024-04-25 13:32:13.908]{}DEBUG:[AbstractPosLink.java-543 ] ProcessTrans [ 1 ] {} :ProcessTrans End...
[2024-04-25 16:37:26.478]{}DEBUG:[AbstractPosLink.java-435 ] ProcessTrans [ 1 ] {} :ProcessTrans Start...
[2024-04-25 16:37:26.497]{}DEBUG:[AbstractPosLink.java-463 ] ProcessTrans [ 1 ] {} :Timeout:
[2024-04-25 16:37:26.498]{}DEBUG:[AbstractPosLink.java-466 ] ProcessTrans [ 1 ] {} :SDK VERSION:V1.13.00_20230606; Timeout:-1
[2024-04-25 16:37:26.503]{}DEBUG:[TcpConnection.java-41 ] connect [ 1 ] {TCP} :ip:192.168.1.110 port:10009
[2024-04-25 16:37:26.512]{}DEBUG:[TcpConnection.java-71 ] send [ 1 ] {TCP} :Send Message =[02]A04[1c]1.62[1c]01[1c]UserName[1c]TA5714099[1c]UserPassword[1c]Hotsauce987![1c]MID[1c]887000001519[1c]DeviceID[1c]88700000151901[1c][1c][1c][03]+
[2024-04-25 16:37:26.661]{}DEBUG:[ProcessSocket.java-459 ] recvAck [ 1 ] {TCP} :Receive Message =[06]
[2024-04-25 16:37:27.107]{}DEBUG:[ProcessSocket.java-547 ] SocketRecv [ 1 ] {TCP} :Receive Message =[02]0[1c]A05[1c]1.47[1c]100025[1c]PLEASE SETTLE[03]\
[2024-04-25 16:37:27.110]{}DEBUG:[TcpConnection.java-71 ] send [ 1 ] {TCP} :Send Message =[06]
[2024-04-25 16:37:27.181]{}ERROR:[AbstractPosLink.java-958 ] unpackTrans [ 1 ] {TCP} :Manage_SETVAR_CREDIT Fail!,ResultTxt =PLEASE SETTLE
[2024-04-25 16:37:27.185]{}DEBUG:[AbstractPosLink.java-543 ] ProcessTrans [ 1 ] {} :ProcessTrans End...
[2024-04-25 16:37:41.871]{}DEBUG:[AbstractPosLink.java-435 ] ProcessTrans [ 1 ] {} :ProcessTrans Start...
[2024-04-25 16:37:41.891]{}DEBUG:[AbstractPosLink.java-463 ] ProcessTrans [ 1 ] {} :Timeout:
[2024-04-25 16:37:41.892]{}DEBUG:[AbstractPosLink.java-466 ] ProcessTrans [ 1 ] {} :SDK VERSION:V1.13.00_20230606; Timeout:-1
[2024-04-25 16:37:41.898]{}DEBUG:[TcpConnection.java-41 ] connect [ 1 ] {TCP} :ip:192.168.1.110 port:10009
[2024-04-25 16:37:41.907]{}DEBUG:[TcpConnection.java-71 ] send [ 1 ] {TCP} :Send Message =[02]A04[1c]1.62[1c]01[1c]UserName[1c]TA5714099[1c]UserPassword[1c]Hotsauce987![1c]MID[1c]887000001519[1c]DeviceID[1c]88700000151901[1c][1c][1c][03]+
[2024-04-25 16:37:42.033]{}DEBUG:[ProcessSocket.java-459 ] recvAck [ 1 ] {TCP} :Receive Message =[06]
[2024-04-25 16:37:42.484]{}DEBUG:[ProcessSocket.java-547 ] SocketRecv [ 1 ] {TCP} :Receive Message =[02]0[1c]A05[1c]1.47[1c]100025[1c]PLEASE SETTLE[03]\
[2024-04-25 16:37:42.487]{}DEBUG:[TcpConnection.java-71 ] send [ 1 ] {TCP} :Send Message =[06]
[2024-04-25 16:37:42.556]{}ERROR:[AbstractPosLink.java-958 ] unpackTrans [ 1 ] {TCP} :Manage_SETVAR_CREDIT Fail!,ResultTxt =PLEASE SETTLE
[2024-04-25 16:37:42.558]{}DEBUG:[AbstractPosLink.java-543 ] ProcessTrans [ 1 ] {} :ProcessTrans End...
[2024-04-25 16:38:02.151]{}DEBUG:[AbstractPosLink.java-435 ] ProcessTrans [ 1 ] {} :ProcessTrans Start...
[2024-04-25 16:38:02.171]{}DEBUG:[AbstractPosLink.java-463 ] ProcessTrans [ 1 ] {} :Timeout:
[2024-04-25 16:38:02.172]{}DEBUG:[AbstractPosLink.java-466 ] ProcessTrans [ 1 ] {} :SDK VERSION:V1.13.00_20230606; Timeout:-1
[2024-04-25 16:38:02.181]{}DEBUG:[TcpConnection.java-41 ] connect [ 1 ] {TCP} :ip:192.168.1.110 port:10009
[2024-04-25 16:38:02.193]{}DEBUG:[TcpConnection.java-71 ] send [ 1 ] {TCP} :Send Message =[02]A04[1c]1.62[1c]01[1c]UserName[1c]TA5714099[1c]UserPassword[1c]Hotsauce987![1c]MID[1c]887000001519[1c]DeviceID[1c]88700000151901[1c][1c][1c][03]+
[2024-04-25 16:38:02.312]{}DEBUG:[ProcessSocket.java-459 ] recvAck [ 1 ] {TCP} :Receive Message =[06]
[2024-04-25 16:38:02.768]{}DEBUG:[ProcessSocket.java-547 ] SocketRecv [ 1 ] {TCP} :Receive Message =[02]0[1c]A05[1c]1.47[1c]100025[1c]PLEASE SETTLE[03]\
[2024-04-25 16:38:02.770]{}DEBUG:[TcpConnection.java-71 ] send [ 1 ] {TCP} :Send Message =[06]
[2024-04-25 16:38:02.835]{}ERROR:[AbstractPosLink.java-958 ] unpackTrans [ 1 ] {TCP} :Manage_SETVAR_CREDIT Fail!,ResultTxt =PLEASE SETTLE
[2024-04-25 16:38:02.838]{}DEBUG:[AbstractPosLink.java-543 ] ProcessTrans [ 1 ] {} :ProcessTrans End...
[2024-04-25 16:38:08.506]{}DEBUG:[AbstractPosLink.java-435 ] ProcessTrans [ 1 ] {} :ProcessTrans Start...
[2024-04-25 16:38:08.524]{}DEBUG:[AbstractPosLink.java-463 ] ProcessTrans [ 1 ] {} :Timeout:
[2024-04-25 16:38:08.525]{}DEBUG:[AbstractPosLink.java-466 ] ProcessTrans [ 1 ] {} :SDK VERSION:V1.13.00_20230606; Timeout:-1
[2024-04-25 16:38:08.531]{}DEBUG:[TcpConnection.java-41 ] connect [ 1 ] {TCP} :ip:192.168.1.110 port:10009
[2024-04-25 16:38:08.539]{}DEBUG:[TcpConnection.java-71 ] send [ 1 ] {TCP} :Send Message =[02]A04[1c]1.62[1c]01[1c]UserName[1c]TA5714099[1c]UserPassword[1c]Hotsauce987![1c]MID[1c]887000001519[1c]DeviceID[1c]88700000151901[1c][1c][1c][03]+
[2024-04-25 16:38:08.686]{}DEBUG:[ProcessSocket.java-459 ] recvAck [ 1 ] {TCP} :Receive Message =[06]
[2024-04-25 16:38:09.125]{}DEBUG:[ProcessSocket.java-547 ] SocketRecv [ 1 ] {TCP} :Receive Message =[02]0[1c]A05[1c]1.47[1c]100025[1c]PLEASE SETTLE[03]\
[2024-04-25 16:38:09.130]{}DEBUG:[TcpConnection.java-71 ] send [ 1 ] {TCP} :Send Message =[06]
[2024-04-25 16:38:09.191]{}ERROR:[AbstractPosLink.java-958 ] unpackTrans [ 1 ] {TCP} :Manage_SETVAR_CREDIT Fail!,ResultTxt =PLEASE SETTLE
[2024-04-25 16:38:09.192]{}DEBUG:[AbstractPosLink.java-543 ] ProcessTrans [ 1 ] {} :ProcessTrans End...
[2024-04-25 16:38:27.527]{}DEBUG:[AbstractPosLink.java-435 ] ProcessTrans [ 1 ] {} :ProcessTrans Start...
[2024-04-25 16:38:27.546]{}DEBUG:[AbstractPosLink.java-463 ] ProcessTrans [ 1 ] {} :Timeout:
[2024-04-25 16:38:27.547]{}DEBUG:[AbstractPosLink.java-466 ] ProcessTrans [ 1 ] {} :SDK VERSION:V1.13.00_20230606; Timeout:-1
[2024-04-25 16:38:27.553]{}DEBUG:[TcpConnection.java-41 ] connect [ 1 ] {TCP} :ip:192.168.1.110 port:10009
[2024-04-25 16:38:27.562]{}DEBUG:[TcpConnection.java-71 ] send [ 1 ] {TCP} :Send Message =[02]A04[1c]1.62[1c]01[1c]UserName[1c]TA5714099[1c]UserPassword[1c]Hotsauce987![1c]MID[1c]887000001519[1c]DeviceID[1c]88700000151901[1c][1c][1c][03]+
[2024-04-25 16:38:27.695]{}DEBUG:[ProcessSocket.java-459 ] recvAck [ 1 ] {TCP} :Receive Message =[06]
[2024-04-25 16:38:28.134]{}DEBUG:[ProcessSocket.java-547 ] SocketRecv [ 1 ] {TCP} :Receive Message =[02]0[1c]A05[1c]1.47[1c]100025[1c]PLEASE SETTLE[03]\
[2024-04-25 16:38:28.138]{}DEBUG:[TcpConnection.java-71 ] send [ 1 ] {TCP} :Send Message =[06]
[2024-04-25 16:38:28.201]{}ERROR:[AbstractPosLink.java-958 ] unpackTrans [ 1 ] {TCP} :Manage_SETVAR_CREDIT Fail!,ResultTxt =PLEASE SETTLE
[2024-04-25 16:38:28.203]{}DEBUG:[AbstractPosLink.java-543 ] ProcessTrans [ 1 ] {} :ProcessTrans End...
[2024-04-25 16:38:33.440]{}DEBUG:[AbstractPosLink.java-435 ] ProcessTrans [ 1 ] {} :ProcessTrans Start...
[2024-04-25 16:38:33.462]{}DEBUG:[AbstractPosLink.java-463 ] ProcessTrans [ 1 ] {} :Timeout:
[2024-04-25 16:38:33.463]{}DEBUG:[AbstractPosLink.java-466 ] ProcessTrans [ 1 ] {} :SDK VERSION:V1.13.00_20230606; Timeout:-1
[2024-04-25 16:38:33.472]{}DEBUG:[TcpConnection.java-41 ] connect [ 1 ] {TCP} :ip:192.168.1.110 port:10009
[2024-04-25 16:38:33.482]{}DEBUG:[TcpConnection.java-71 ] send [ 1 ] {TCP} :Send Message =[02]A04[1c]1.62[1c]01[1c]UserName[1c]TA5714099[1c]UserPassword[1c]Hotsauce987![1c]MID[1c]887000001519[1c]DeviceID[1c]88700000151901[1c][1c][1c][03]+
[2024-04-25 16:38:33.617]{}DEBUG:[ProcessSocket.java-459 ] recvAck [ 1 ] {TCP} :Receive Message =[06]
[2024-04-25 16:38:34.053]{}DEBUG:[ProcessSocket.java-547 ] SocketRecv [ 1 ] {TCP} :Receive Message =[02]0[1c]A05[1c]1.47[1c]100025[1c]PLEASE SETTLE[03]\
[2024-04-25 16:38:34.057]{}DEBUG:[TcpConnection.java-71 ] send [ 1 ] {TCP} :Send Message =[06]
[2024-04-25 16:38:34.130]{}ERROR:[AbstractPosLink.java-958 ] unpackTrans [ 1 ] {TCP} :Manage_SETVAR_CREDIT Fail!,ResultTxt =PLEASE SETTLE
[2024-04-25 16:38:34.131]{}DEBUG:[AbstractPosLink.java-543 ] ProcessTrans [ 1 ] {} :ProcessTrans End...
[2024-04-25 16:39:12.950]{}DEBUG:[AbstractPosLink.java-435 ] ProcessTrans [ 1 ] {} :ProcessTrans Start...
[2024-04-25 16:39:13.013]{}DEBUG:[AbstractPosLink.java-463 ] ProcessTrans [ 1 ] {} :Timeout:
[2024-04-25 16:39:13.016]{}DEBUG:[AbstractPosLink.java-466 ] ProcessTrans [ 1 ] {} :SDK VERSION:V1.13.00_20230606; Timeout:-1
[2024-04-25 16:39:13.031]{}DEBUG:[TcpConnection.java-41 ] connect [ 1 ] {TCP} :ip:192.168.1.110 port:10009
[2024-04-25 16:39:13.055]{}DEBUG:[TcpConnection.java-71 ] send [ 1 ] {TCP} :Send Message =[02]A04[1c]1.62[1c]01[1c]UserName[1c]TA5714099[1c]UserPassword[1c]Hotsauce987![1c]MID[1c]887000001519[1c]DeviceID[1c]88700000151901[1c][1c][1c][03]+
[2024-04-25 16:39:13.170]{}DEBUG:[ProcessSocket.java-459 ] recvAck [ 1 ] {TCP} :Receive Message =[06]
[2024-04-25 16:39:13.617]{}DEBUG:[ProcessSocket.java-547 ] SocketRecv [ 1 ] {TCP} :Receive Message =[02]0[1c]A05[1c]1.47[1c]100025[1c]PLEASE SETTLE[03]\
[2024-04-25 16:39:13.622]{}DEBUG:[TcpConnection.java-71 ] send [ 1 ] {TCP} :Send Message =[06]
[2024-04-25 16:39:13.693]{}ERROR:[AbstractPosLink.java-958 ] unpackTrans [ 1 ] {TCP} :Manage_SETVAR_CREDIT Fail!,ResultTxt =PLEASE SETTLE
[2024-04-25 16:39:13.696]{}DEBUG:[AbstractPosLink.java-543 ] ProcessTrans [ 1 ] {} :ProcessTrans End...
[2024-04-25 16:39:39.092]{}DEBUG:[AbstractPosLink.java-435 ] ProcessTrans [ 1 ] {} :ProcessTrans Start...
[2024-04-25 16:39:39.112]{}DEBUG:[AbstractPosLink.java-463 ] ProcessTrans [ 1 ] {} :Timeout:
[2024-04-25 16:39:39.113]{}DEBUG:[AbstractPosLink.java-466 ] ProcessTrans [ 1 ] {} :SDK VERSION:V1.13.00_20230606; Timeout:-1
[2024-04-25 16:39:39.116]{}ERROR:[BatchPacker.java-104 ] packItems [ 1 ] {TCP} :packBatch,trans type not set
[2024-04-25 16:39:39.117]{}ERROR:[AbstractPosLink.java-776 ] packTrans [ 1 ] {TCP} :Pack BatchRequest error =TRANS TYPE NOT SET
[2024-04-25 16:39:39.119]{}ERROR:[AbstractPosLink.java-498 ] ProcessTrans [ 1 ] {TCP} :packTrans error : PACK ERROR : TRANS TYPE NOT SET
[2024-04-25 16:39:39.120]{}DEBUG:[AbstractPosLink.java-543 ] ProcessTrans [ 1 ] {TCP} :ProcessTrans End...
[2024-04-25 16:39:56.210]{}DEBUG:[AbstractPosLink.java-435 ] ProcessTrans [ 1 ] {} :ProcessTrans Start...
[2024-04-25 16:39:56.230]{}DEBUG:[AbstractPosLink.java-463 ] ProcessTrans [ 1 ] {} :Timeout:
[2024-04-25 16:39:56.231]{}DEBUG:[AbstractPosLink.java-466 ] ProcessTrans [ 1 ] {} :SDK VERSION:V1.13.00_20230606; Timeout:-1
[2024-04-25 16:39:56.240]{}DEBUG:[TcpConnection.java-41 ] connect [ 1 ] {TCP} :ip:192.168.1.110 port:10009
[2024-04-25 16:39:56.252]{}DEBUG:[TcpConnection.java-71 ] send [ 1 ] {TCP} :Send Message =[02]A04[1c]1.62[1c]01[1c]UserName[1c]TA5714099[1c]UserPassword[1c]Hotsauce987![1c]MID[1c]887000001519[1c]DeviceID[1c]88700000151901[1c][1c][1c][03]+
[2024-04-25 16:39:56.388]{}DEBUG:[ProcessSocket.java-459 ] recvAck [ 1 ] {TCP} :Receive Message =[06]
[2024-04-25 16:39:56.827]{}DEBUG:[ProcessSocket.java-547 ] SocketRecv [ 1 ] {TCP} :Receive Message =[02]0[1c]A05[1c]1.47[1c]100025[1c]PLEASE SETTLE[03]\
[2024-04-25 16:39:56.833]{}DEBUG:[TcpConnection.java-71 ] send [ 1 ] {TCP} :Send Message =[06]
[2024-04-25 16:39:56.902]{}ERROR:[AbstractPosLink.java-958 ] unpackTrans [ 1 ] {TCP} :Manage_SETVAR_CREDIT Fail!,ResultTxt =PLEASE SETTLE
[2024-04-25 16:39:56.904]{}DEBUG:[AbstractPosLink.java-543 ] ProcessTrans [ 1 ] {} :ProcessTrans End...
[2024-04-25 16:40:12.101]{}DEBUG:[AbstractPosLink.java-435 ] ProcessTrans [ 1 ] {} :ProcessTrans Start...
[2024-04-25 16:40:12.166]{}DEBUG:[AbstractPosLink.java-463 ] ProcessTrans [ 1 ] {} :Timeout:
[2024-04-25 16:40:12.168]{}DEBUG:[AbstractPosLink.java-466 ] ProcessTrans [ 1 ] {} :SDK VERSION:V1.13.00_20230606; Timeout:-1
[2024-04-25 16:40:12.174]{}ERROR:[BatchPacker.java-104 ] packItems [ 1 ] {TCP} :packBatch,trans type not set
[2024-04-25 16:40:12.177]{}ERROR:[AbstractPosLink.java-776 ] packTrans [ 1 ] {TCP} :Pack BatchRequest error =TRANS TYPE NOT SET
[2024-04-25 16:40:12.179]{}ERROR:[AbstractPosLink.java-498 ] ProcessTrans [ 1 ] {TCP} :packTrans error : PACK ERROR : TRANS TYPE NOT SET
[2024-04-25 16:40:12.183]{}DEBUG:[AbstractPosLink.java-543 ] ProcessTrans [ 1 ] {TCP} :ProcessTrans End...
[2024-04-25 16:40:30.593]{}DEBUG:[AbstractPosLink.java-435 ] ProcessTrans [ 1 ] {} :ProcessTrans Start...
[2024-04-25 16:40:30.657]{}DEBUG:[AbstractPosLink.java-463 ] ProcessTrans [ 1 ] {} :Timeout:
[2024-04-25 16:40:30.659]{}DEBUG:[AbstractPosLink.java-466 ] ProcessTrans [ 1 ] {} :SDK VERSION:V1.13.00_20230606; Timeout:-1
[2024-04-25 16:40:30.665]{}ERROR:[BatchPacker.java-104 ] packItems [ 1 ] {TCP} :packBatch,trans type not set
[2024-04-25 16:40:30.667]{}ERROR:[AbstractPosLink.java-776 ] packTrans [ 1 ] {TCP} :Pack BatchRequest error =TRANS TYPE NOT SET
[2024-04-25 16:40:30.670]{}ERROR:[AbstractPosLink.java-498 ] ProcessTrans [ 1 ] {TCP} :packTrans error : PACK ERROR : TRANS TYPE NOT SET
[2024-04-25 16:40:30.673]{}DEBUG:[AbstractPosLink.java-543 ] ProcessTrans [ 1 ] {TCP} :ProcessTrans End...
[2024-04-25 16:45:26.701]{}DEBUG:[AbstractPosLink.java-435 ] ProcessTrans [ 1 ] {} :ProcessTrans Start...
[2024-04-25 16:45:26.765]{}DEBUG:[AbstractPosLink.java-463 ] ProcessTrans [ 1 ] {} :Timeout:
[2024-04-25 16:45:26.767]{}DEBUG:[AbstractPosLink.java-466 ] ProcessTrans [ 1 ] {} :SDK VERSION:V1.13.00_20230606; Timeout:-1
[2024-04-25 16:45:26.779]{}DEBUG:[TcpConnection.java-41 ] connect [ 1 ] {TCP} :ip:192.168.1.110 port:10009
[2024-04-25 16:45:26.801]{}DEBUG:[TcpConnection.java-71 ] send [ 1 ] {TCP} :Send Message =[02]B00[1c]1.62[1c][1c][03]F
[2024-04-25 16:45:26.927]{}DEBUG:[ProcessSocket.java-459 ] recvAck [ 1 ] {TCP} :Receive Message =[06]
[2024-04-25 16:45:31.289]{}DEBUG:[ProcessSocket.java-547 ] SocketRecv [ 1 ] {TCP} :Receive Message =[02]0[1c]B01[1c]1.47[1c]000000[1c]OK[1c]00[1f]Success[1f][1f][1f][1f]14[1c]0=0=0=0=0=0=0[1c]0=0=0=0=0=0=0[1c]20240425044641[1c][1c]887000001519[1c][1c][03]>
[2024-04-25 16:45:31.292]{}DEBUG:[TcpConnection.java-71 ] send [ 1 ] {TCP} :Send Message =[06]
[2024-04-25 16:45:32.279]{}DEBUG:[AbstractPosLink.java-991 ] unpackTrans [ 1 ] {TCP} :Batch_BATCHCLOSE_EDCType(NULL) Success!
[2024-04-25 16:45:32.283]{}DEBUG:[AbstractPosLink.java-543 ] ProcessTrans [ 1 ] {} :ProcessTrans End...
[2024-04-25 16:45:57.246]{}DEBUG:[AbstractPosLink.java-435 ] ProcessTrans [ 1 ] {} :ProcessTrans Start...
[2024-04-25 16:45:57.265]{}DEBUG:[AbstractPosLink.java-463 ] ProcessTrans [ 1 ] {} :Timeout:
[2024-04-25 16:45:57.267]{}DEBUG:[AbstractPosLink.java-466 ] ProcessTrans [ 1 ] {} :SDK VERSION:V1.13.00_20230606; Timeout:-1
[2024-04-25 16:45:57.272]{}DEBUG:[TcpConnection.java-41 ] connect [ 1 ] {TCP} :ip:192.168.1.110 port:10009
[2024-04-25 16:45:57.282]{}DEBUG:[TcpConnection.java-71 ] send [ 1 ] {TCP} :Send Message =[02]A04[1c]1.62[1c]01[1c]UserName[1c]TA5714099[1c]UserPassword[1c]Hotsauce987![1c]MID[1c]887000001519[1c]DeviceID[1c]88700000151901[1c][1c][1c][03]+
[2024-04-25 16:45:57.420]{}DEBUG:[ProcessSocket.java-459 ] recvAck [ 1 ] {TCP} :Receive Message =[06]
[2024-04-25 16:45:58.273]{}DEBUG:[ProcessSocket.java-547 ] SocketRecv [ 1 ] {TCP} :Receive Message =[02]0[1c]A05[1c]1.47[1c]000000[1c]OK[03]o
[2024-04-25 16:45:58.274]{}DEBUG:[TcpConnection.java-71 ] send [ 1 ] {TCP} :Send Message =[06]
[2024-04-25 16:45:58.337]{}DEBUG:[AbstractPosLink.java-956 ] unpackTrans [ 1 ] {TCP} :Manage_SETVAR_CREDIT Success!
[2024-04-25 16:45:58.339]{}DEBUG:[AbstractPosLink.java-543 ] ProcessTrans [ 1 ] {} :ProcessTrans End...
[2024-04-25 16:45:58.343]{}DEBUG:[AbstractPosLink.java-435 ] ProcessTrans [ 1 ] {} :ProcessTrans Start...
[2024-04-25 16:45:58.344]{}DEBUG:[AbstractPosLink.java-463 ] ProcessTrans [ 1 ] {} :Timeout:
[2024-04-25 16:45:58.346]{}DEBUG:[AbstractPosLink.java-466 ] ProcessTrans [ 1 ] {} :SDK VERSION:V1.13.00_20230606; Timeout:-1
[2024-04-25 16:45:58.349]{}DEBUG:[TcpConnection.java-41 ] connect [ 1 ] {TCP} :ip:192.168.1.110 port:10009
[2024-04-25 16:45:58.353]{}DEBUG:[TcpConnection.java-71 ] send [ 1 ] {TCP} :Send Message =[02]T00[1c]1.62[1c]03[1c]100[1c][1c]123[1c][1c][1c][1f][1f][1f][1f][1f][1f][1f][1f][1f][1f][1f][1f][1f][1f][1f][1f][1f][1f][1c][1c][1c][1c]0[1c][1c][1c][03]b
[2024-04-25 16:45:58.533]{}DEBUG:[ProcessSocket.java-459 ] recvAck [ 1 ] {TCP} :Receive Message =[06]
[2024-04-25 16:46:07.348]{}DEBUG:[TcpConnection.java-71 ] send [ 1 ] {TCP} :Send Message =[02]A14[1c]1.62[03]@
[2024-04-25 16:46:08.000]{}DEBUG:[ProcessSocket.java-547 ] SocketRecv [ 1 ] {TCP} :Receive Message =[02]0[1c]T01[1c]1.47[1c]100002[1c]ABORTED[03]2
[2024-04-25 16:46:08.001]{}DEBUG:[TcpConnection.java-71 ] send [ 1 ] {TCP} :Send Message =[06]
[2024-04-25 16:46:08.123]{}ERROR:[AbstractPosLink.java-905 ] unpackTrans [ 1 ] {TCP} :Payment_CREDIT_AUTH Fail!,ResultTxt =ABORTED
[2024-04-25 16:46:08.124]{}DEBUG:[AbstractPosLink.java-543 ] ProcessTrans [ 1 ] {} :ProcessTrans End...
[2024-04-25 16:47:39.846]{}DEBUG:[AbstractPosLink.java-435 ] ProcessTrans [ 1 ] {} :ProcessTrans Start...
[2024-04-25 16:47:39.864]{}DEBUG:[AbstractPosLink.java-463 ] ProcessTrans [ 1 ] {} :Timeout:
[2024-04-25 16:47:39.865]{}DEBUG:[AbstractPosLink.java-466 ] ProcessTrans [ 1 ] {} :SDK VERSION:V1.13.00_20230606; Timeout:-1
[2024-04-25 16:47:39.875]{}DEBUG:[TcpConnection.java-41 ] connect [ 1 ] {TCP} :ip:192.168.1.110 port:10009
[2024-04-25 16:47:39.885]{}DEBUG:[TcpConnection.java-71 ] send [ 1 ] {TCP} :Send Message =[02]A04[1c]1.62[1c]01[1c]UserName[1c]TA5714099[1c]UserPassword[1c]Hotsauce987![1c]MID[1c]887000001519[1c]DeviceID[1c]88700000151901[1c][1c][1c][03]+
[2024-04-25 16:47:40.014]{}DEBUG:[ProcessSocket.java-459 ] recvAck [ 1 ] {TCP} :Receive Message =[06]
[2024-04-25 16:47:40.882]{}DEBUG:[ProcessSocket.java-547 ] SocketRecv [ 1 ] {TCP} :Receive Message =[02]0[1c]A05[1c]1.47[1c]000000[1c]OK[03]o
[2024-04-25 16:47:40.886]{}DEBUG:[TcpConnection.java-71 ] send [ 1 ] {TCP} :Send Message =[06]
[2024-04-25 16:47:40.950]{}DEBUG:[AbstractPosLink.java-956 ] unpackTrans [ 1 ] {TCP} :Manage_SETVAR_CREDIT Success!
[2024-04-25 16:47:40.952]{}DEBUG:[AbstractPosLink.java-543 ] ProcessTrans [ 1 ] {} :ProcessTrans End...
[2024-04-25 16:47:40.957]{}DEBUG:[AbstractPosLink.java-435 ] ProcessTrans [ 1 ] {} :ProcessTrans Start...
[2024-04-25 16:47:40.959]{}DEBUG:[AbstractPosLink.java-463 ] ProcessTrans [ 1 ] {} :Timeout:
[2024-04-25 16:47:40.960]{}DEBUG:[AbstractPosLink.java-466 ] ProcessTrans [ 1 ] {} :SDK VERSION:V1.13.00_20230606; Timeout:-1
[2024-04-25 16:47:40.963]{}DEBUG:[TcpConnection.java-41 ] connect [ 1 ] {TCP} :ip:192.168.1.110 port:10009
[2024-04-25 16:47:40.967]{}DEBUG:[TcpConnection.java-71 ] send [ 1 ] {TCP} :Send Message =[02]T00[1c]1.62[1c]03[1c]100[1c][1c]123[1c][1c][1c][1f][1f][1f][1f][1f][1f][1f][1f][1f][1f][1f][1f][1f][1f][1f][1f][1f][1f][1c][1c][1c][1c]0[1c][1c][1c][03]b
[2024-04-25 16:47:41.142]{}DEBUG:[ProcessSocket.java-459 ] recvAck [ 1 ] {TCP} :Receive Message =[06]
[2024-04-25 16:47:54.086]{}DEBUG:[TcpConnection.java-71 ] send [ 1 ] {TCP} :Send Message =[02]A14[1c]1.62[03]@
[2024-04-25 16:47:54.752]{}DEBUG:[ProcessSocket.java-547 ] SocketRecv [ 1 ] {TCP} :Receive Message =[02]0[1c]T01[1c]1.47[1c]100002[1c]ABORTED[03]2
[2024-04-25 16:47:54.757]{}DEBUG:[TcpConnection.java-71 ] send [ 1 ] {TCP} :Send Message =[06]
[2024-04-25 16:47:54.907]{}ERROR:[AbstractPosLink.java-905 ] unpackTrans [ 1 ] {TCP} :Payment_CREDIT_AUTH Fail!,ResultTxt =ABORTED
[2024-04-25 16:47:54.908]{}DEBUG:[AbstractPosLink.java-543 ] ProcessTrans [ 1 ] {} :ProcessTrans End...
[2024-04-25 16:48:06.434]{}DEBUG:[AbstractPosLink.java-435 ] ProcessTrans [ 1 ] {} :ProcessTrans Start...
[2024-04-25 16:48:06.452]{}DEBUG:[AbstractPosLink.java-463 ] ProcessTrans [ 1 ] {} :Timeout:
[2024-04-25 16:48:06.453]{}DEBUG:[AbstractPosLink.java-466 ] ProcessTrans [ 1 ] {} :SDK VERSION:V1.13.00_20230606; Timeout:-1
[2024-04-25 16:48:06.459]{}DEBUG:[TcpConnection.java-41 ] connect [ 1 ] {TCP} :ip:192.168.1.110 port:10009
[2024-04-25 16:48:06.469]{}DEBUG:[TcpConnection.java-71 ] send [ 1 ] {TCP} :Send Message =[02]A04[1c]1.62[1c]01[1c]UserName[1c]TA5714099[1c]UserPassword[1c]Hotsauce987![1c]MID[1c]887000001519[1c]DeviceID[1c]88700000151901[1c][1c][1c][03]+
[2024-04-25 16:48:06.600]{}DEBUG:[ProcessSocket.java-459 ] recvAck [ 1 ] {TCP} :Receive Message =[06]
[2024-04-25 16:48:07.447]{}DEBUG:[ProcessSocket.java-547 ] SocketRecv [ 1 ] {TCP} :Receive Message =[02]0[1c]A05[1c]1.47[1c]000000[1c]OK[03]o
[2024-04-25 16:48:07.449]{}DEBUG:[TcpConnection.java-71 ] send [ 1 ] {TCP} :Send Message =[06]
[2024-04-25 16:48:07.515]{}DEBUG:[AbstractPosLink.java-956 ] unpackTrans [ 1 ] {TCP} :Manage_SETVAR_CREDIT Success!
[2024-04-25 16:48:07.518]{}DEBUG:[AbstractPosLink.java-543 ] ProcessTrans [ 1 ] {} :ProcessTrans End...
[2024-04-25 16:48:07.522]{}DEBUG:[AbstractPosLink.java-435 ] ProcessTrans [ 1 ] {} :ProcessTrans Start...
[2024-04-25 16:48:07.524]{}DEBUG:[AbstractPosLink.java-463 ] ProcessTrans [ 1 ] {} :Timeout:
[2024-04-25 16:48:07.525]{}DEBUG:[AbstractPosLink.java-466 ] ProcessTrans [ 1 ] {} :SDK VERSION:V1.13.00_20230606; Timeout:-1
[2024-04-25 16:48:07.529]{}DEBUG:[TcpConnection.java-41 ] connect [ 1 ] {TCP} :ip:192.168.1.110 port:10009
[2024-04-25 16:48:07.532]{}DEBUG:[TcpConnection.java-71 ] send [ 1 ] {TCP} :Send Message =[02]T00[1c]1.62[1c]03[1c]100[1c][1c]123[1c][1c][1c][1f][1f][1f][1f][1f][1f][1f][1f][1f][1f][1f][1f][1f][1f][1f][1f][1f][1f][1c][1c][1c][1c]0[1c][1c][1c][03]b
[2024-04-25 16:48:07.706]{}DEBUG:[ProcessSocket.java-459 ] recvAck [ 1 ] {TCP} :Receive Message =[06]
[2024-04-25 16:48:16.480]{}DEBUG:[TcpConnection.java-71 ] send [ 1 ] {TCP} :Send Message =[02]A14[1c]1.62[03]@
[2024-04-25 16:48:17.130]{}DEBUG:[ProcessSocket.java-547 ] SocketRecv [ 1 ] {TCP} :Receive Message =[02]0[1c]T01[1c]1.47[1c]100002[1c]ABORTED[03]2
[2024-04-25 16:48:17.134]{}DEBUG:[TcpConnection.java-71 ] send [ 1 ] {TCP} :Send Message =[06]
[2024-04-25 16:48:17.255]{}ERROR:[AbstractPosLink.java-905 ] unpackTrans [ 1 ] {TCP} :Payment_CREDIT_AUTH Fail!,ResultTxt =ABORTED
[2024-04-25 16:48:17.256]{}DEBUG:[AbstractPosLink.java-543 ] ProcessTrans [ 1 ] {} :ProcessTrans End...
[2024-04-25 16:48:55.251]{}DEBUG:[AbstractPosLink.java-435 ] ProcessTrans [ 1 ] {} :ProcessTrans Start...
[2024-04-25 16:48:55.268]{}DEBUG:[AbstractPosLink.java-463 ] ProcessTrans [ 1 ] {} :Timeout:
[2024-04-25 16:48:55.269]{}DEBUG:[AbstractPosLink.java-466 ] ProcessTrans [ 1 ] {} :SDK VERSION:V1.13.00_20230606; Timeout:-1
[2024-04-25 16:48:55.278]{}DEBUG:[TcpConnection.java-41 ] connect [ 1 ] {TCP} :ip:192.168.1.110 port:10009
[2024-04-25 16:48:55.289]{}DEBUG:[TcpConnection.java-71 ] send [ 1 ] {TCP} :Send Message =[02]A04[1c]1.62[1c]01[1c]UserName[1c]TA5714099[1c]UserPassword[1c]Hotsauce987![1c]MID[1c]887000001519[1c]DeviceID[1c]88700000151901[1c][1c][1c][03]+
[2024-04-25 16:48:55.437]{}DEBUG:[ProcessSocket.java-459 ] recvAck [ 1 ] {TCP} :Receive Message =[06]
[2024-04-25 16:48:56.284]{}DEBUG:[ProcessSocket.java-547 ] SocketRecv [ 1 ] {TCP} :Receive Message =[02]0[1c]A05[1c]1.47[1c]000000[1c]OK[03]o
[2024-04-25 16:48:56.286]{}DEBUG:[TcpConnection.java-71 ] send [ 1 ] {TCP} :Send Message =[06]
[2024-04-25 16:48:56.354]{}DEBUG:[AbstractPosLink.java-956 ] unpackTrans [ 1 ] {TCP} :Manage_SETVAR_CREDIT Success!
[2024-04-25 16:48:56.356]{}DEBUG:[AbstractPosLink.java-543 ] ProcessTrans [ 1 ] {} :ProcessTrans End...
[2024-04-25 16:48:56.360]{}DEBUG:[AbstractPosLink.java-435 ] ProcessTrans [ 1 ] {} :ProcessTrans Start...
[2024-04-25 16:48:56.361]{}DEBUG:[AbstractPosLink.java-463 ] ProcessTrans [ 1 ] {} :Timeout:
[2024-04-25 16:48:56.362]{}DEBUG:[AbstractPosLink.java-466 ] ProcessTrans [ 1 ] {} :SDK VERSION:V1.13.00_20230606; Timeout:-1
[2024-04-25 16:48:56.365]{}DEBUG:[TcpConnection.java-41 ] connect [ 1 ] {TCP} :ip:192.168.1.110 port:10009
[2024-04-25 16:48:56.369]{}DEBUG:[TcpConnection.java-71 ] send [ 1 ] {TCP} :Send Message =[02]T00[1c]1.62[1c]03[1c]100[1c][1c]123[1c][1c][1c][1f][1f][1f][1f][1f][1f][1f][1f][1f][1f][1f][1f][1f][1f][1f][1f][1f][1f][1c][1c][1c][1c]0[1c][1c][1c][03]b
[2024-04-25 16:48:56.545]{}DEBUG:[ProcessSocket.java-459 ] recvAck [ 1 ] {TCP} :Receive Message =[06]
[2024-04-25 16:49:05.355]{}DEBUG:[TcpConnection.java-71 ] send [ 1 ] {TCP} :Send Message =[02]A14[1c]1.62[03]@
[2024-04-25 16:49:06.007]{}DEBUG:[ProcessSocket.java-547 ] SocketRecv [ 1 ] {TCP} :Receive Message =[02]0[1c]T01[1c]1.47[1c]100002[1c]ABORTED[03]2
[2024-04-25 16:49:06.010]{}DEBUG:[TcpConnection.java-71 ] send [ 1 ] {TCP} :Send Message =[06]
[2024-04-25 16:49:06.128]{}ERROR:[AbstractPosLink.java-905 ] unpackTrans [ 1 ] {TCP} :Payment_CREDIT_AUTH Fail!,ResultTxt =ABORTED
[2024-04-25 16:49:06.129]{}DEBUG:[AbstractPosLink.java-543 ] ProcessTrans [ 1 ] {} :ProcessTrans End...
[2024-04-25 17:24:33.502]{}DEBUG:[AbstractPosLink.java-435 ] ProcessTrans [ 1 ] {} :ProcessTrans Start...
[2024-04-25 17:24:33.515]{}DEBUG:[AbstractPosLink.java-463 ] ProcessTrans [ 1 ] {} :Timeout:
[2024-04-25 17:24:33.517]{}DEBUG:[AbstractPosLink.java-466 ] ProcessTrans [ 1 ] {} :SDK VERSION:V1.13.00_20230606; Timeout:-1
[2024-04-25 17:24:33.522]{}DEBUG:[TcpConnection.java-41 ] connect [ 1 ] {TCP} :ip:192.168.1.110 port:10009
[2024-04-25 17:24:33.532]{}DEBUG:[TcpConnection.java-71 ] send [ 1 ] {TCP} :Send Message =[02]A04[1c]1.62[1c]01[1c]UserName[1c]TA5714099[1c]UserPassword[1c]Hotsauce987![1c]MID[1c]887000001519[1c]DeviceID[1c]88700000151901[1c][1c][1c][03]+
[2024-04-25 17:24:33.654]{}DEBUG:[ProcessSocket.java-459 ] recvAck [ 1 ] {TCP} :Receive Message =[06]
[2024-04-25 17:24:34.714]{}DEBUG:[ProcessSocket.java-547 ] SocketRecv [ 1 ] {TCP} :Receive Message =[02]0[1c]A05[1c]1.47[1c]000000[1c]OK[03]o
[2024-04-25 17:24:34.717]{}DEBUG:[TcpConnection.java-71 ] send [ 1 ] {TCP} :Send Message =[06]
[2024-04-25 17:24:34.787]{}DEBUG:[AbstractPosLink.java-956 ] unpackTrans [ 1 ] {TCP} :Manage_SETVAR_CREDIT Success!
[2024-04-25 17:24:34.789]{}DEBUG:[AbstractPosLink.java-543 ] ProcessTrans [ 1 ] {} :ProcessTrans End...
[2024-04-25 17:24:34.793]{}DEBUG:[AbstractPosLink.java-435 ] ProcessTrans [ 1 ] {} :ProcessTrans Start...
[2024-04-25 17:24:34.794]{}DEBUG:[AbstractPosLink.java-463 ] ProcessTrans [ 1 ] {} :Timeout:
[2024-04-25 17:24:34.795]{}DEBUG:[AbstractPosLink.java-466 ] ProcessTrans [ 1 ] {} :SDK VERSION:V1.13.00_20230606; Timeout:-1
[2024-04-25 17:24:34.803]{}DEBUG:[TcpConnection.java-41 ] connect [ 1 ] {TCP} :ip:192.168.1.110 port:10009
[2024-04-25 17:24:34.808]{}DEBUG:[TcpConnection.java-71 ] send [ 1 ] {TCP} :Send Message =[02]T00[1c]1.62[1c]03[1c]100[1c][1c]202404250524330[1c][1c][1c][1f][1f][1f][1f][1f][1f][1f][1f][1f][1f][1f][1f][1f][1f][1f][1f][1f][1f][1c][1c][1c][1c]0[1c][1c][1c][03]f
[2024-04-25 17:24:34.975]{}DEBUG:[ProcessSocket.java-459 ] recvAck [ 1 ] {TCP} :Receive Message =[06]
[2024-04-25 17:24:41.182]{}DEBUG:[ProcessSocket.java-547 ] SocketRecv [ 1 ] {TCP} :Receive Message =[02]0[1c]T01[1c]1.47[1c]100002[1c]ABORTED[03]2
[2024-04-25 17:24:41.187]{}DEBUG:[TcpConnection.java-71 ] send [ 1 ] {TCP} :Send Message =[06]
[2024-04-25 17:24:41.312]{}ERROR:[AbstractPosLink.java-905 ] unpackTrans [ 1 ] {TCP} :Payment_CREDIT_AUTH Fail!,ResultTxt =ABORTED
[2024-04-25 17:24:41.313]{}DEBUG:[AbstractPosLink.java-543 ] ProcessTrans [ 1 ] {} :ProcessTrans End...
[2024-04-25 17:24:58.542]{}DEBUG:[AbstractPosLink.java-435 ] ProcessTrans [ 1 ] {} :ProcessTrans Start...
[2024-04-25 17:24:58.559]{}DEBUG:[AbstractPosLink.java-463 ] ProcessTrans [ 1 ] {} :Timeout:
[2024-04-25 17:24:58.560]{}DEBUG:[AbstractPosLink.java-466 ] ProcessTrans [ 1 ] {} :SDK VERSION:V1.13.00_20230606; Timeout:-1
[2024-04-25 17:24:58.566]{}DEBUG:[TcpConnection.java-41 ] connect [ 1 ] {TCP} :ip:192.168.1.110 port:10009
[2024-04-25 17:24:58.574]{}DEBUG:[TcpConnection.java-71 ] send [ 1 ] {TCP} :Send Message =[02]A04[1c]1.62[1c]01[1c]UserName[1c]TA5714099[1c]UserPassword[1c]Hotsauce987![1c]MID[1c]887000001519[1c]DeviceID[1c]88700000151901[1c][1c][1c][03]+
[2024-04-25 17:24:58.709]{}DEBUG:[ProcessSocket.java-459 ] recvAck [ 1 ] {TCP} :Receive Message =[06]
[2024-04-25 17:24:59.554]{}DEBUG:[ProcessSocket.java-547 ] SocketRecv [ 1 ] {TCP} :Receive Message =[02]0[1c]A05[1c]1.47[1c]000000[1c]OK[03]o
[2024-04-25 17:24:59.558]{}DEBUG:[TcpConnection.java-71 ] send [ 1 ] {TCP} :Send Message =[06]
[2024-04-25 17:24:59.621]{}DEBUG:[AbstractPosLink.java-956 ] unpackTrans [ 1 ] {TCP} :Manage_SETVAR_CREDIT Success!
[2024-04-25 17:24:59.626]{}DEBUG:[AbstractPosLink.java-543 ] ProcessTrans [ 1 ] {} :ProcessTrans End...
[2024-04-25 17:24:59.632]{}DEBUG:[AbstractPosLink.java-435 ] ProcessTrans [ 1 ] {} :ProcessTrans Start...
[2024-04-25 17:24:59.633]{}DEBUG:[AbstractPosLink.java-463 ] ProcessTrans [ 1 ] {} :Timeout:
[2024-04-25 17:24:59.634]{}DEBUG:[AbstractPosLink.java-466 ] ProcessTrans [ 1 ] {} :SDK VERSION:V1.13.00_20230606; Timeout:-1
[2024-04-25 17:24:59.638]{}DEBUG:[TcpConnection.java-41 ] connect [ 1 ] {TCP} :ip:192.168.1.110 port:10009
[2024-04-25 17:24:59.642]{}DEBUG:[TcpConnection.java-71 ] send [ 1 ] {TCP} :Send Message =[02]T00[1c]1.62[1c]03[1c]100[1c][1c]202404250524580[1c][1c][1c][1f][1f][1f][1f][1f][1f][1f][1f][1f][1f][1f][1f][1f][1f][1f][1f][1f][1f][1c][1c][1c][1c]0[1c][1c][1c][03]k
[2024-04-25 17:24:59.815]{}DEBUG:[ProcessSocket.java-459 ] recvAck [ 1 ] {TCP} :Receive Message =[06]
[2024-04-25 17:25:08.647]{}DEBUG:[TcpConnection.java-71 ] send [ 1 ] {TCP} :Send Message =[02]A14[1c]1.62[03]@
[2024-04-25 17:25:09.098]{}DEBUG:[ProcessSocket.java-547 ] SocketRecv [ 1 ] {TCP} :Receive Message =[02]0[1c]T01[1c]1.47[1c]000000[1c]OK[1c]00[1f]Success[1f]VTLMC1[1f]411609502354[1f][1f]15[1f]1212MCC111955**[1f]43563657[1f][1c]03[1c]100[1f]0[1f]0[1f]0[1f]0[1f]0[1f][1f][1c]1800[1f]2[1f]0726[1f][1f][1f][1f]02[1f][1f][1f][1f]0[1f][1f][1f][1f][1c]1[1f]202404250524580[1f]20240425052615[1f][1f][1f][1f][1f][1c][1f][1f][1f][1f][1c][1c][1c]EDCTYPE=CREDIT[1f]HRef=43563657[1f]SN=53509228[1f]GLOBALUID=53509228202404250526155759[1f]CARDBIN=515721[1f]PROGRAMTYPE=1[1f]ARQC=1D1A30AFE90305F5[1f]TVR=0000008001[1f]AID=A0000000041010[1f]TSI=0000[1f]ATC=0122[1f]APPLAB=MASTERCARD[1f]IAD=0114A14003040000000400000000000000FF[1f]CVM=7[1c][1c][1c][1c][03][01]
[2024-04-25 17:25:09.101]{}DEBUG:[TcpConnection.java-71 ] send [ 1 ] {TCP} :Send Message =[06]
[2024-04-25 17:25:09.220]{}DEBUG:[AbstractPosLink.java-903 ] unpackTrans [ 1 ] {TCP} :Payment_CREDIT_AUTH Success!
[2024-04-25 17:25:09.221]{}DEBUG:[AbstractPosLink.java-543 ] ProcessTrans [ 1 ] {} :ProcessTrans End...
[2024-04-25 17:25:09.235]{}DEBUG:[AbstractPosLink.java-435 ] ProcessTrans [ 1 ] {} :ProcessTrans Start...
[2024-04-25 17:25:09.237]{}DEBUG:[AbstractPosLink.java-463 ] ProcessTrans [ 1 ] {} :Timeout:
[2024-04-25 17:25:09.238]{}DEBUG:[AbstractPosLink.java-466 ] ProcessTrans [ 1 ] {} :SDK VERSION:V1.13.00_20230606; Timeout:-1
[2024-04-25 17:25:09.239]{}DEBUG:[TcpConnection.java-41 ] connect [ 1 ] {TCP} :ip:192.168.1.110 port:10009
[2024-04-25 17:25:09.243]{}DEBUG:[TcpConnection.java-71 ] send [ 1 ] {TCP} :Send Message =[02]A04[1c]1.62[1c]01[1c]UserName[1c]TA5714099[1c]UserPassword[1c]Hotsauce987![1c]MID[1c]887000001519[1c]DeviceID[1c]88700000151901[1c][1c][1c][03]+
[2024-04-25 17:25:11.331]{}DEBUG:[ProcessSocket.java-459 ] recvAck [ 1 ] {TCP} :Receive Message =[06]
[2024-04-25 17:25:11.779]{}DEBUG:[ProcessSocket.java-547 ] SocketRecv [ 1 ] {TCP} :Receive Message =[02]0[1c]A05[1c]1.47[1c]100025[1c]PLEASE SETTLE[03]\
[2024-04-25 17:25:11.784]{}DEBUG:[TcpConnection.java-71 ] send [ 1 ] {TCP} :Send Message =[06]
[2024-04-25 17:25:11.843]{}ERROR:[AbstractPosLink.java-958 ] unpackTrans [ 1 ] {TCP} :Manage_SETVAR_CREDIT Fail!,ResultTxt =PLEASE SETTLE
[2024-04-25 17:25:11.847]{}DEBUG:[AbstractPosLink.java-543 ] ProcessTrans [ 1 ] {} :ProcessTrans End...
[2024-04-25 17:25:27.934]{}DEBUG:[AbstractPosLink.java-435 ] ProcessTrans [ 1 ] {} :ProcessTrans Start...
[2024-04-25 17:25:27.947]{}DEBUG:[AbstractPosLink.java-463 ] ProcessTrans [ 1 ] {} :Timeout:
[2024-04-25 17:25:27.948]{}DEBUG:[AbstractPosLink.java-466 ] ProcessTrans [ 1 ] {} :SDK VERSION:V1.13.00_20230606; Timeout:-1
[2024-04-25 17:25:27.954]{}DEBUG:[TcpConnection.java-41 ] connect [ 1 ] {TCP} :ip:192.168.1.110 port:10009
[2024-04-25 17:25:27.963]{}DEBUG:[TcpConnection.java-71 ] send [ 1 ] {TCP} :Send Message =[02]A04[1c]1.62[1c]01[1c]UserName[1c]TA5714099[1c]UserPassword[1c]Hotsauce987![1c]MID[1c]887000001519[1c]DeviceID[1c]88700000151901[1c][1c][1c][03]+
[2024-04-25 17:25:28.109]{}DEBUG:[ProcessSocket.java-459 ] recvAck [ 1 ] {TCP} :Receive Message =[06]
[2024-04-25 17:25:28.560]{}DEBUG:[ProcessSocket.java-547 ] SocketRecv [ 1 ] {TCP} :Receive Message =[02]0[1c]A05[1c]1.47[1c]100025[1c]PLEASE SETTLE[03]\
[2024-04-25 17:25:28.564]{}DEBUG:[TcpConnection.java-71 ] send [ 1 ] {TCP} :Send Message =[06]
[2024-04-25 17:25:28.627]{}ERROR:[AbstractPosLink.java-958 ] unpackTrans [ 1 ] {TCP} :Manage_SETVAR_CREDIT Fail!,ResultTxt =PLEASE SETTLE
[2024-04-25 17:25:28.628]{}DEBUG:[AbstractPosLink.java-543 ] ProcessTrans [ 1 ] {} :ProcessTrans End...
[2024-04-25 17:26:28.937]{}DEBUG:[AbstractPosLink.java-435 ] ProcessTrans [ 1 ] {} :ProcessTrans Start...
[2024-04-25 17:26:28.952]{}DEBUG:[AbstractPosLink.java-463 ] ProcessTrans [ 1 ] {} :Timeout:
[2024-04-25 17:26:28.953]{}DEBUG:[AbstractPosLink.java-466 ] ProcessTrans [ 1 ] {} :SDK VERSION:V1.13.00_20230606; Timeout:-1
[2024-04-25 17:26:28.956]{}DEBUG:[TcpConnection.java-41 ] connect [ 1 ] {TCP} :ip:192.168.1.110 port:10009
[2024-04-25 17:26:28.966]{}DEBUG:[TcpConnection.java-71 ] send [ 1 ] {TCP} :Send Message =[02]B00[1c]1.62[1c][1c][03]F
[2024-04-25 17:26:29.099]{}DEBUG:[ProcessSocket.java-459 ] recvAck [ 1 ] {TCP} :Receive Message =[06]
[2024-04-25 17:26:32.992]{}DEBUG:[ProcessSocket.java-547 ] SocketRecv [ 1 ] {TCP} :Receive Message =[02]0[1c]B01[1c]1.47[1c]000000[1c]OK[1c]00[1f]Success[1f][1f][1f][1f]15[1c]0=0=0=0=0=0=0[1c]0=0=0=0=0=0=0[1c]20240425052743[1c][1c]887000001519[1c][1c][03];
[2024-04-25 17:26:32.995]{}DEBUG:[TcpConnection.java-71 ] send [ 1 ] {TCP} :Send Message =[06]
[2024-04-25 17:26:33.121]{}DEBUG:[AbstractPosLink.java-991 ] unpackTrans [ 1 ] {TCP} :Batch_BATCHCLOSE_EDCType(NULL) Success!
[2024-04-25 17:26:33.122]{}DEBUG:[AbstractPosLink.java-543 ] ProcessTrans [ 1 ] {} :ProcessTrans End...
[2024-04-25 17:26:38.638]{}DEBUG:[AbstractPosLink.java-435 ] ProcessTrans [ 1 ] {} :ProcessTrans Start...
[2024-04-25 17:26:38.651]{}DEBUG:[AbstractPosLink.java-463 ] ProcessTrans [ 1 ] {} :Timeout:
[2024-04-25 17:26:38.653]{}DEBUG:[AbstractPosLink.java-466 ] ProcessTrans [ 1 ] {} :SDK VERSION:V1.13.00_20230606; Timeout:-1
[2024-04-25 17:26:38.658]{}DEBUG:[TcpConnection.java-41 ] connect [ 1 ] {TCP} :ip:192.168.1.110 port:10009
[2024-04-25 17:26:38.668]{}DEBUG:[TcpConnection.java-71 ] send [ 1 ] {TCP} :Send Message =[02]A04[1c]1.62[1c]01[1c]UserName[1c]TA5714099[1c]UserPassword[1c]Hotsauce987![1c]MID[1c]887000001519[1c]DeviceID[1c]88700000151901[1c][1c][1c][03]+
[2024-04-25 17:26:38.791]{}DEBUG:[ProcessSocket.java-459 ] recvAck [ 1 ] {TCP} :Receive Message =[06]
[2024-04-25 17:26:39.645]{}DEBUG:[ProcessSocket.java-547 ] SocketRecv [ 1 ] {TCP} :Receive Message =[02]0[1c]A05[1c]1.47[1c]000000[1c]OK[03]o
[2024-04-25 17:26:39.649]{}DEBUG:[TcpConnection.java-71 ] send [ 1 ] {TCP} :Send Message =[06]
[2024-04-25 17:26:39.715]{}DEBUG:[AbstractPosLink.java-956 ] unpackTrans [ 1 ] {TCP} :Manage_SETVAR_CREDIT Success!
[2024-04-25 17:26:39.717]{}DEBUG:[AbstractPosLink.java-543 ] ProcessTrans [ 1 ] {} :ProcessTrans End...
[2024-04-25 17:26:39.721]{}DEBUG:[AbstractPosLink.java-435 ] ProcessTrans [ 1 ] {} :ProcessTrans Start...
[2024-04-25 17:26:39.722]{}DEBUG:[AbstractPosLink.java-463 ] ProcessTrans [ 1 ] {} :Timeout:
[2024-04-25 17:26:39.723]{}DEBUG:[AbstractPosLink.java-466 ] ProcessTrans [ 1 ] {} :SDK VERSION:V1.13.00_20230606; Timeout:-1
[2024-04-25 17:26:39.726]{}DEBUG:[TcpConnection.java-41 ] connect [ 1 ] {TCP} :ip:192.168.1.110 port:10009
[2024-04-25 17:26:39.731]{}DEBUG:[TcpConnection.java-71 ] send [ 1 ] {TCP} :Send Message =[02]T00[1c]1.62[1c]03[1c]100[1c][1c]202404250526380[1c][1c][1c][1f][1f][1f][1f][1f][1f][1f][1f][1f][1f][1f][1f][1f][1f][1f][1f][1f][1f][1c][1c][1c][1c]0[1c][1c][1c][03]o
[2024-04-25 17:26:39.908]{}DEBUG:[ProcessSocket.java-459 ] recvAck [ 1 ] {TCP} :Receive Message =[06]
[2024-04-25 17:26:48.746]{}DEBUG:[TcpConnection.java-71 ] send [ 1 ] {TCP} :Send Message =[02]A14[1c]1.62[03]@
[2024-04-25 17:26:56.562]{}DEBUG:[ProcessSocket.java-547 ] SocketRecv [ 1 ] {TCP} :Receive Message =[02]0[1c]T01[1c]1.47[1c]000000[1c]OK[1c]00[1f]Success[1f]VTLMC1[1f]411609502408[1f][1f]16[1f]1212MCC111968**[1f]43563819[1f][1c]03[1c]100[1f]0[1f]0[1f]0[1f]0[1f]0[1f][1f][1c]1800[1f]2[1f]0726[1f][1f][1f][1f]02[1f][1f][1f][1f]0[1f][1f][1f][1f][1c]1[1f]202404250526380[1f]20240425052758[1f][1f][1f][1f][1f][1c][1f][1f][1f][1f][1c][1c][1c]EDCTYPE=CREDIT[1f]HRef=43563819[1f]SN=53509228[1f]GLOBALUID=53509228202404250527580053[1f]CARDBIN=515721[1f]PROGRAMTYPE=1[1f]ARQC=775BE1F3FB1565F4[1f]TVR=0000008001[1f]AID=A0000000041010[1f]TSI=0000[1f]ATC=0123[1f]APPLAB=MASTERCARD[1f]IAD=0114A14003040000000400000000000000FF[1f]CVM=7[1c][1c][1c][1c][03][00]
[2024-04-25 17:26:56.566]{}DEBUG:[TcpConnection.java-71 ] send [ 1 ] {TCP} :Send Message =[06]
[2024-04-25 17:26:56.691]{}DEBUG:[AbstractPosLink.java-903 ] unpackTrans [ 1 ] {TCP} :Payment_CREDIT_AUTH Success!
[2024-04-25 17:26:56.692]{}DEBUG:[AbstractPosLink.java-543 ] ProcessTrans [ 1 ] {} :ProcessTrans End...
[2024-04-25 17:26:56.697]{}DEBUG:[AbstractPosLink.java-435 ] ProcessTrans [ 1 ] {} :ProcessTrans Start...
[2024-04-25 17:26:56.698]{}DEBUG:[AbstractPosLink.java-463 ] ProcessTrans [ 1 ] {} :Timeout:
[2024-04-25 17:26:56.699]{}DEBUG:[AbstractPosLink.java-466 ] ProcessTrans [ 1 ] {} :SDK VERSION:V1.13.00_20230606; Timeout:-1
[2024-04-25 17:26:56.700]{}DEBUG:[TcpConnection.java-41 ] connect [ 1 ] {TCP} :ip:192.168.1.110 port:10009
[2024-04-25 17:26:56.705]{}DEBUG:[TcpConnection.java-71 ] send [ 1 ] {TCP} :Send Message =[02]A04[1c]1.62[1c]01[1c]UserName[1c]TA5714099[1c]UserPassword[1c]Hotsauce987![1c]MID[1c]887000001519[1c]DeviceID[1c]88700000151901[1c][1c][1c][03]+
[2024-04-25 17:26:58.797]{}DEBUG:[ProcessSocket.java-459 ] recvAck [ 1 ] {TCP} :Receive Message =[06]
[2024-04-25 17:26:59.237]{}DEBUG:[ProcessSocket.java-547 ] SocketRecv [ 1 ] {TCP} :Receive Message =[02]0[1c]A05[1c]1.47[1c]100025[1c]PLEASE SETTLE[03]\
[2024-04-25 17:26:59.239]{}DEBUG:[TcpConnection.java-71 ] send [ 1 ] {TCP} :Send Message =[06]
[2024-04-25 17:26:59.299]{}ERROR:[AbstractPosLink.java-958 ] unpackTrans [ 1 ] {TCP} :Manage_SETVAR_CREDIT Fail!,ResultTxt =PLEASE SETTLE
[2024-04-25 17:26:59.303]{}DEBUG:[AbstractPosLink.java-543 ] ProcessTrans [ 1 ] {} :ProcessTrans End...
[2024-04-25 17:27:26.272]{}DEBUG:[AbstractPosLink.java-435 ] ProcessTrans [ 1 ] {} :ProcessTrans Start...
[2024-04-25 17:27:26.286]{}DEBUG:[AbstractPosLink.java-463 ] ProcessTrans [ 1 ] {} :Timeout:
[2024-04-25 17:27:26.287]{}DEBUG:[AbstractPosLink.java-466 ] ProcessTrans [ 1 ] {} :SDK VERSION:V1.13.00_20230606; Timeout:-1
[2024-04-25 17:27:26.290]{}DEBUG:[TcpConnection.java-41 ] connect [ 1 ] {TCP} :ip:192.168.1.110 port:10009
[2024-04-25 17:27:26.299]{}DEBUG:[TcpConnection.java-71 ] send [ 1 ] {TCP} :Send Message =[02]B00[1c]1.62[1c][1c][03]F
[2024-04-25 17:27:26.439]{}DEBUG:[ProcessSocket.java-459 ] recvAck [ 1 ] {TCP} :Receive Message =[06]
[2024-04-25 17:27:30.151]{}DEBUG:[ProcessSocket.java-547 ] SocketRecv [ 1 ] {TCP} :Receive Message =[02]0[1c]B01[1c]1.47[1c]000000[1c]OK[1c]00[1f]Success[1f][1f][1f][1f]16[1c]0=0=0=0=0=0=0[1c]0=0=0=0=0=0=0[1c]20240425052840[1c][1c]887000001519[1c][1c][03]4
[2024-04-25 17:27:30.154]{}DEBUG:[TcpConnection.java-71 ] send [ 1 ] {TCP} :Send Message =[06]
[2024-04-25 17:27:30.271]{}DEBUG:[AbstractPosLink.java-991 ] unpackTrans [ 1 ] {TCP} :Batch_BATCHCLOSE_EDCType(NULL) Success!
[2024-04-25 17:27:30.273]{}DEBUG:[AbstractPosLink.java-543 ] ProcessTrans [ 1 ] {} :ProcessTrans End...
[2024-04-25 17:27:50.432]{}DEBUG:[AbstractPosLink.java-435 ] ProcessTrans [ 1 ] {} :ProcessTrans Start...
[2024-04-25 17:27:50.444]{}DEBUG:[AbstractPosLink.java-463 ] ProcessTrans [ 1 ] {} :Timeout:
[2024-04-25 17:27:50.445]{}DEBUG:[AbstractPosLink.java-466 ] ProcessTrans [ 1 ] {} :SDK VERSION:V1.13.00_20230606; Timeout:-1
[2024-04-25 17:27:50.452]{}DEBUG:[TcpConnection.java-41 ] connect [ 1 ] {TCP} :ip:192.168.1.110 port:10009
[2024-04-25 17:27:50.463]{}DEBUG:[TcpConnection.java-71 ] send [ 1 ] {TCP} :Send Message =[02]B00[1c]1.62[1c][1c][03]F
[2024-04-25 17:27:50.593]{}DEBUG:[ProcessSocket.java-459 ] recvAck [ 1 ] {TCP} :Receive Message =[06]
[2024-04-25 17:27:51.232]{}DEBUG:[ProcessSocket.java-547 ] SocketRecv [ 1 ] {TCP} :Receive Message =[02]0[1c]B01[1c]1.47[1c]100023[1c]NOT FOUND[03]O
[2024-04-25 17:27:51.236]{}DEBUG:[TcpConnection.java-71 ] send [ 1 ] {TCP} :Send Message =[06]
[2024-04-25 17:27:51.352]{}ERROR:[AbstractPosLink.java-993 ] unpackTrans [ 1 ] {TCP} :Batch_BATCHCLOSE_EDCType(NULL) Fail!,ResultTxt =NOT FOUND
[2024-04-25 17:27:51.354]{}DEBUG:[AbstractPosLink.java-543 ] ProcessTrans [ 1 ] {} :ProcessTrans End...
[2024-04-25 17:28:04.837]{}DEBUG:[AbstractPosLink.java-435 ] ProcessTrans [ 1 ] {} :ProcessTrans Start...
[2024-04-25 17:28:04.853]{}DEBUG:[AbstractPosLink.java-463 ] ProcessTrans [ 1 ] {} :Timeout:
[2024-04-25 17:28:04.854]{}DEBUG:[AbstractPosLink.java-466 ] ProcessTrans [ 1 ] {} :SDK VERSION:V1.13.00_20230606; Timeout:-1
[2024-04-25 17:28:04.860]{}DEBUG:[TcpConnection.java-41 ] connect [ 1 ] {TCP} :ip:192.168.1.110 port:10009
[2024-04-25 17:28:04.868]{}DEBUG:[TcpConnection.java-71 ] send [ 1 ] {TCP} :Send Message =[02]A04[1c]1.62[1c]01[1c]UserName[1c]TA5714099[1c]UserPassword[1c]Hotsauce987![1c]MID[1c]887000001519[1c]DeviceID[1c]88700000151901[1c][1c][1c][03]+
[2024-04-25 17:28:04.989]{}DEBUG:[ProcessSocket.java-459 ] recvAck [ 1 ] {TCP} :Receive Message =[06]
[2024-04-25 17:28:05.844]{}DEBUG:[ProcessSocket.java-547 ] SocketRecv [ 1 ] {TCP} :Receive Message =[02]0[1c]A05[1c]1.47[1c]000000[1c]OK[03]o
[2024-04-25 17:28:05.849]{}DEBUG:[TcpConnection.java-71 ] send [ 1 ] {TCP} :Send Message =[06]
[2024-04-25 17:28:05.911]{}DEBUG:[AbstractPosLink.java-956 ] unpackTrans [ 1 ] {TCP} :Manage_SETVAR_CREDIT Success!
[2024-04-25 17:28:05.914]{}DEBUG:[AbstractPosLink.java-543 ] ProcessTrans [ 1 ] {} :ProcessTrans End...
[2024-04-25 17:28:05.917]{}DEBUG:[AbstractPosLink.java-435 ] ProcessTrans [ 1 ] {} :ProcessTrans Start...
[2024-04-25 17:28:05.919]{}DEBUG:[AbstractPosLink.java-463 ] ProcessTrans [ 1 ] {} :Timeout:
[2024-04-25 17:28:05.920]{}DEBUG:[AbstractPosLink.java-466 ] ProcessTrans [ 1 ] {} :SDK VERSION:V1.13.00_20230606; Timeout:-1
[2024-04-25 17:28:05.925]{}DEBUG:[TcpConnection.java-41 ] connect [ 1 ] {TCP} :ip:192.168.1.110 port:10009
[2024-04-25 17:28:05.930]{}DEBUG:[TcpConnection.java-71 ] send [ 1 ] {TCP} :Send Message =[02]T00[1c]1.62[1c]03[1c]100[1c][1c]202404250528040[1c][1c][1c][1f][1f][1f][1f][1f][1f][1f][1f][1f][1f][1f][1f][1f][1f][1f][1f][1f][1f][1c][1c][1c][1c]0[1c][1c][1c][03]n
[2024-04-25 17:28:06.112]{}DEBUG:[ProcessSocket.java-459 ] recvAck [ 1 ] {TCP} :Receive Message =[06]
[2024-04-25 17:28:12.549]{}DEBUG:[AbstractPosLink.java-435 ] ProcessTrans [ 1 ] {} :ProcessTrans Start...
[2024-04-25 17:28:12.565]{}DEBUG:[AbstractPosLink.java-463 ] ProcessTrans [ 1 ] {} :Timeout:
[2024-04-25 17:28:12.567]{}DEBUG:[AbstractPosLink.java-466 ] ProcessTrans [ 1 ] {} :SDK VERSION:V1.13.00_20230606; Timeout:-1
[2024-04-25 17:28:12.577]{}DEBUG:[TcpConnection.java-41 ] connect [ 1 ] {TCP} :ip:192.168.1.110 port:10009
[2024-04-25 17:28:12.588]{}DEBUG:[TcpConnection.java-71 ] send [ 1 ] {TCP} :Send Message =[02]A04[1c]1.62[1c]01[1c]UserName[1c]TA5714099[1c]UserPassword[1c]Hotsauce987![1c]MID[1c]887000001519[1c]DeviceID[1c]88700000151901[1c][1c][1c][03]+
[2024-04-25 17:28:22.512]{}DEBUG:[ProcessSocket.java-459 ] recvAck [ 1 ] {TCP} :Receive Message =
[2024-04-25 17:28:22.513]{}ERROR:[ProcessSocket.java-109 ] traditionalProcess [ 1 ] {TCP} :POSLINK TRANSACTION ERROR: SEND DATA RECV ACK ERROR-1
[2024-04-25 17:28:22.515]{}DEBUG:[AbstractPosLink.java-543 ] ProcessTrans [ 1 ] {} :ProcessTrans End...
[2024-04-25 17:28:57.641]{}DEBUG:[AbstractPosLink.java-435 ] ProcessTrans [ 1 ] {} :ProcessTrans Start...
[2024-04-25 17:28:57.656]{}DEBUG:[AbstractPosLink.java-463 ] ProcessTrans [ 1 ] {} :Timeout:
[2024-04-25 17:28:57.657]{}DEBUG:[AbstractPosLink.java-466 ] ProcessTrans [ 1 ] {} :SDK VERSION:V1.13.00_20230606; Timeout:-1
[2024-04-25 17:28:57.666]{}DEBUG:[TcpConnection.java-41 ] connect [ 1 ] {TCP} :ip:192.168.1.110 port:10009
[2024-04-25 17:28:57.678]{}DEBUG:[TcpConnection.java-71 ] send [ 1 ] {TCP} :Send Message =[02]A04[1c]1.62[1c]01[1c]UserName[1c]TA5714099[1c]UserPassword[1c]Hotsauce987![1c]MID[1c]887000001519[1c]DeviceID[1c]88700000151901[1c][1c][1c][03]+
[2024-04-25 17:28:57.802]{}DEBUG:[ProcessSocket.java-459 ] recvAck [ 1 ] {TCP} :Receive Message =[06]
[2024-04-25 17:28:58.243]{}DEBUG:[ProcessSocket.java-547 ] SocketRecv [ 1 ] {TCP} :Receive Message =[02]0[1c]A05[1c]1.47[1c]100025[1c]PLEASE SETTLE[03]\
[2024-04-25 17:28:58.247]{}DEBUG:[TcpConnection.java-71 ] send [ 1 ] {TCP} :Send Message =[06]
[2024-04-25 17:28:58.315]{}ERROR:[AbstractPosLink.java-958 ] unpackTrans [ 1 ] {TCP} :Manage_SETVAR_CREDIT Fail!,ResultTxt =PLEASE SETTLE
[2024-04-25 17:28:58.316]{}DEBUG:[AbstractPosLink.java-543 ] ProcessTrans [ 1 ] {} :ProcessTrans End...
[2024-04-25 17:30:18.400]{}DEBUG:[AbstractPosLink.java-435 ] ProcessTrans [ 1 ] {} :ProcessTrans Start...
[2024-04-25 17:30:18.447]{}DEBUG:[AbstractPosLink.java-463 ] ProcessTrans [ 1 ] {} :Timeout:
[2024-04-25 17:30:18.450]{}DEBUG:[AbstractPosLink.java-466 ] ProcessTrans [ 1 ] {} :SDK VERSION:V1.13.00_20230606; Timeout:-1
[2024-04-25 17:30:18.465]{}DEBUG:[TcpConnection.java-41 ] connect [ 1 ] {TCP} :ip:192.168.1.110 port:10009
[2024-04-25 17:30:18.489]{}DEBUG:[TcpConnection.java-71 ] send [ 1 ] {TCP} :Send Message =[02]A04[1c]1.62[1c]01[1c]UserName[1c]TA5714099[1c]UserPassword[1c]Hotsauce987![1c]MID[1c]887000001519[1c]DeviceID[1c]88700000151901[1c][1c][1c][03]+
[2024-04-25 17:30:18.628]{}DEBUG:[ProcessSocket.java-459 ] recvAck [ 1 ] {TCP} :Receive Message =[06]
[2024-04-25 17:30:19.077]{}DEBUG:[ProcessSocket.java-547 ] SocketRecv [ 1 ] {TCP} :Receive Message =[02]0[1c]A05[1c]1.47[1c]100025[1c]PLEASE SETTLE[03]\
[2024-04-25 17:30:19.084]{}DEBUG:[TcpConnection.java-71 ] send [ 1 ] {TCP} :Send Message =[06]
[2024-04-25 17:30:19.159]{}ERROR:[AbstractPosLink.java-958 ] unpackTrans [ 1 ] {TCP} :Manage_SETVAR_CREDIT Fail!,ResultTxt =PLEASE SETTLE
[2024-04-25 17:30:19.163]{}DEBUG:[AbstractPosLink.java-543 ] ProcessTrans [ 1 ] {} :ProcessTrans End...
[2024-04-25 17:44:56.945]{}DEBUG:[AbstractPosLink.java-435 ] ProcessTrans [ 1 ] {} :ProcessTrans Start...
[2024-04-25 17:44:56.959]{}DEBUG:[AbstractPosLink.java-463 ] ProcessTrans [ 1 ] {} :Timeout:
[2024-04-25 17:44:56.960]{}DEBUG:[AbstractPosLink.java-466 ] ProcessTrans [ 1 ] {} :SDK VERSION:V1.13.00_20230606; Timeout:-1
[2024-04-25 17:44:56.965]{}DEBUG:[TcpConnection.java-41 ] connect [ 1 ] {TCP} :ip:192.168.1.110 port:10009
[2024-04-25 17:44:56.973]{}DEBUG:[TcpConnection.java-71 ] send [ 1 ] {TCP} :Send Message =[02]A04[1c]1.62[1c]01[1c]UserName[1c]TA5714099[1c]UserPassword[1c]Hotsauce987![1c]MID[1c]887000001519[1c]DeviceID[1c]88700000151901[1c][1c][1c][03]+
[2024-04-25 17:44:57.105]{}DEBUG:[ProcessSocket.java-459 ] recvAck [ 1 ] {TCP} :Receive Message =[06]
[2024-04-25 17:44:57.554]{}DEBUG:[ProcessSocket.java-547 ] SocketRecv [ 1 ] {TCP} :Receive Message =[02]0[1c]A05[1c]1.47[1c]100025[1c]PLEASE SETTLE[03]\
[2024-04-25 17:44:57.558]{}DEBUG:[TcpConnection.java-71 ] send [ 1 ] {TCP} :Send Message =[06]
[2024-04-25 17:44:57.635]{}ERROR:[AbstractPosLink.java-958 ] unpackTrans [ 1 ] {TCP} :Manage_SETVAR_CREDIT Fail!,ResultTxt =PLEASE SETTLE
[2024-04-25 17:44:57.641]{}DEBUG:[AbstractPosLink.java-543 ] ProcessTrans [ 1 ] {} :ProcessTrans End...
[2024-04-25 17:48:20.179]{}DEBUG:[AbstractPosLink.java-435 ] ProcessTrans [ 1 ] {} :ProcessTrans Start...
[2024-04-25 17:48:20.193]{}DEBUG:[AbstractPosLink.java-463 ] ProcessTrans [ 1 ] {} :Timeout:
[2024-04-25 17:48:20.194]{}DEBUG:[AbstractPosLink.java-466 ] ProcessTrans [ 1 ] {} :SDK VERSION:V1.13.00_20230606; Timeout:-1
[2024-04-25 17:48:20.197]{}DEBUG:[TcpConnection.java-41 ] connect [ 1 ] {TCP} :ip:192.168.1.110 port:10009
[2024-04-25 17:48:20.207]{}DEBUG:[TcpConnection.java-71 ] send [ 1 ] {TCP} :Send Message =[02]B00[1c]1.62[1c][1c][03]F
[2024-04-25 17:48:20.350]{}DEBUG:[ProcessSocket.java-459 ] recvAck [ 1 ] {TCP} :Receive Message =[06]
[2024-04-25 17:48:24.310]{}DEBUG:[ProcessSocket.java-547 ] SocketRecv [ 1 ] {TCP} :Receive Message =[02]0[1c]B01[1c]1.47[1c]000000[1c]OK[1c]00[1f]Success[1f][1f][1f][1f]17[1c]0=0=0=0=0=0=0[1c]0=0=0=0=0=0=0[1c]20240425054934[1c][1c]887000001519[1c][1c][03]1
[2024-04-25 17:48:24.314]{}DEBUG:[TcpConnection.java-71 ] send [ 1 ] {TCP} :Send Message =[06]
[2024-04-25 17:48:24.431]{}DEBUG:[AbstractPosLink.java-991 ] unpackTrans [ 1 ] {TCP} :Batch_BATCHCLOSE_EDCType(NULL) Success!
[2024-04-25 17:48:24.433]{}DEBUG:[AbstractPosLink.java-543 ] ProcessTrans [ 1 ] {} :ProcessTrans End...
[2024-04-25 17:54:34.122]{}DEBUG:[AbstractPosLink.java-435 ] ProcessTrans [ 1 ] {} :ProcessTrans Start...
[2024-04-25 17:54:34.136]{}DEBUG:[AbstractPosLink.java-463 ] ProcessTrans [ 1 ] {} :Timeout:
[2024-04-25 17:54:34.137]{}DEBUG:[AbstractPosLink.java-466 ] ProcessTrans [ 1 ] {} :SDK VERSION:V1.13.00_20230606; Timeout:-1
[2024-04-25 17:54:34.143]{}DEBUG:[TcpConnection.java-41 ] connect [ 1 ] {TCP} :ip:192.168.1.110 port:10009
[2024-04-25 17:54:34.151]{}DEBUG:[TcpConnection.java-71 ] send [ 1 ] {TCP} :Send Message =[02]A04[1c]1.62[1c]01[1c]UserName[1c]TA5714099[1c]UserPassword[1c]Hotsauce987![1c]MID[1c]887000001519[1c]DeviceID[1c]88700000151901[1c][1c][1c][03]+
[2024-04-25 17:54:34.297]{}DEBUG:[ProcessSocket.java-459 ] recvAck [ 1 ] {TCP} :Receive Message =[06]
[2024-04-25 17:54:35.152]{}DEBUG:[ProcessSocket.java-547 ] SocketRecv [ 1 ] {TCP} :Receive Message =[02]0[1c]A05[1c]1.47[1c]000000[1c]OK[03]o
[2024-04-25 17:54:35.156]{}DEBUG:[TcpConnection.java-71 ] send [ 1 ] {TCP} :Send Message =[06]
[2024-04-25 17:54:35.224]{}DEBUG:[AbstractPosLink.java-956 ] unpackTrans [ 1 ] {TCP} :Manage_SETVAR_CREDIT Success!
[2024-04-25 17:54:35.226]{}DEBUG:[AbstractPosLink.java-543 ] ProcessTrans [ 1 ] {} :ProcessTrans End...
[2024-04-25 17:54:35.230]{}DEBUG:[AbstractPosLink.java-435 ] ProcessTrans [ 1 ] {} :ProcessTrans Start...
[2024-04-25 17:54:35.231]{}DEBUG:[AbstractPosLink.java-463 ] ProcessTrans [ 1 ] {} :Timeout:
[2024-04-25 17:54:35.232]{}DEBUG:[AbstractPosLink.java-466 ] ProcessTrans [ 1 ] {} :SDK VERSION:V1.13.00_20230606; Timeout:-1
[2024-04-25 17:54:35.235]{}DEBUG:[TcpConnection.java-41 ] connect [ 1 ] {TCP} :ip:192.168.1.110 port:10009
[2024-04-25 17:54:35.239]{}DEBUG:[TcpConnection.java-71 ] send [ 1 ] {TCP} :Send Message =[02]T00[1c]1.62[1c]03[1c]100[1c][1c]202404250554340[1c][1c][1c][1f][1f][1f][1f][1f][1f][1f][1f][1f][1f][1f][1f][1f][1f][1f][1f][1f][1f][1c][1c][1c][1c]0[1c][1c][1c][03]f
[2024-04-25 17:54:35.414]{}DEBUG:[ProcessSocket.java-459 ] recvAck [ 1 ] {TCP} :Receive Message =[06]
[2024-04-25 17:54:44.200]{}DEBUG:[TcpConnection.java-71 ] send [ 1 ] {TCP} :Send Message =[02]A14[1c]1.62[03]@
[2024-04-25 17:54:45.693]{}DEBUG:[ProcessSocket.java-547 ] SocketRecv [ 1 ] {TCP} :Receive Message =[02]0[1c]T01[1c]1.47[1c]000000[1c]OK[1c]00[1f]Success[1f]VTLMC1[1f]411609502915[1f][1f]18[1f]1212MCC111088**[1f]43565015[1f][1c]03[1c]100[1f]0[1f]0[1f]0[1f]0[1f]0[1f][1f][1c]1800[1f]2[1f]0726[1f][1f][1f][1f]02[1f][1f][1f][1f]0[1f][1f][1f][1f][1c]1[1f]202404250554340[1f]20240425055552[1f][1f][1f][1f][1f][1c][1f][1f][1f][1f][1c][1c][1c]EDCTYPE=CREDIT[1f]HRef=43565015[1f]SN=53509228[1f]GLOBALUID=53509228202404250555520621[1f]CARDBIN=515721[1f]PROGRAMTYPE=1[1f]ARQC=A6EF8B6FEA8CAF1C[1f]TVR=0000008001[1f]AID=A0000000041010[1f]TSI=0000[1f]ATC=0125[1f]APPLAB=MASTERCARD[1f]IAD=0114A14003040000000400000000000000FF[1f]CVM=7[1c][1c][1c][1c][03]w
[2024-04-25 17:54:45.696]{}DEBUG:[TcpConnection.java-71 ] send [ 1 ] {TCP} :Send Message =[06]
[2024-04-25 17:54:45.818]{}DEBUG:[AbstractPosLink.java-903 ] unpackTrans [ 1 ] {TCP} :Payment_CREDIT_AUTH Success!
[2024-04-25 17:54:45.820]{}DEBUG:[AbstractPosLink.java-543 ] ProcessTrans [ 1 ] {} :ProcessTrans End...
[2024-04-25 17:54:45.824]{}DEBUG:[AbstractPosLink.java-435 ] ProcessTrans [ 1 ] {} :ProcessTrans Start...
[2024-04-25 17:54:45.826]{}DEBUG:[AbstractPosLink.java-463 ] ProcessTrans [ 1 ] {} :Timeout:
[2024-04-25 17:54:45.827]{}DEBUG:[AbstractPosLink.java-466 ] ProcessTrans [ 1 ] {} :SDK VERSION:V1.13.00_20230606; Timeout:-1
[2024-04-25 17:54:45.828]{}DEBUG:[TcpConnection.java-41 ] connect [ 1 ] {TCP} :ip:192.168.1.110 port:10009
[2024-04-25 17:54:45.832]{}DEBUG:[TcpConnection.java-71 ] send [ 1 ] {TCP} :Send Message =[02]A04[1c]1.62[1c]01[1c]UserName[1c]TA5714099[1c]UserPassword[1c]Hotsauce987![1c]MID[1c]887000001519[1c]DeviceID[1c]88700000151901[1c][1c][1c][03]+
[2024-04-25 17:54:47.933]{}DEBUG:[ProcessSocket.java-459 ] recvAck [ 1 ] {TCP} :Receive Message =[06]
[2024-04-25 17:54:48.372]{}DEBUG:[ProcessSocket.java-547 ] SocketRecv [ 1 ] {TCP} :Receive Message =[02]0[1c]A05[1c]1.47[1c]100025[1c]PLEASE SETTLE[03]\
[2024-04-25 17:54:48.377]{}DEBUG:[TcpConnection.java-71 ] send [ 1 ] {TCP} :Send Message =[06]
[2024-04-25 17:54:48.434]{}ERROR:[AbstractPosLink.java-958 ] unpackTrans [ 1 ] {TCP} :Manage_SETVAR_CREDIT Fail!,ResultTxt =PLEASE SETTLE
[2024-04-25 17:54:48.439]{}DEBUG:[AbstractPosLink.java-543 ] ProcessTrans [ 1 ] {} :ProcessTrans End...
[2024-04-25 17:57:11.336]{}DEBUG:[AbstractPosLink.java-435 ] ProcessTrans [ 1 ] {} :ProcessTrans Start...
[2024-04-25 17:57:11.350]{}DEBUG:[AbstractPosLink.java-463 ] ProcessTrans [ 1 ] {} :Timeout:
[2024-04-25 17:57:11.351]{}DEBUG:[AbstractPosLink.java-466 ] ProcessTrans [ 1 ] {} :SDK VERSION:V1.13.00_20230606; Timeout:-1
[2024-04-25 17:57:11.354]{}DEBUG:[TcpConnection.java-41 ] connect [ 1 ] {TCP} :ip:192.168.1.110 port:10009
[2024-04-25 17:57:11.364]{}DEBUG:[TcpConnection.java-71 ] send [ 1 ] {TCP} :Send Message =[02]B00[1c]1.62[1c][1c][03]F
[2024-04-25 17:57:11.504]{}DEBUG:[ProcessSocket.java-459 ] recvAck [ 1 ] {TCP} :Receive Message =[06]
[2024-04-25 17:57:15.193]{}DEBUG:[ProcessSocket.java-547 ] SocketRecv [ 1 ] {TCP} :Receive Message =[02]0[1c]B01[1c]1.47[1c]000000[1c]OK[1c]00[1f]Success[1f][1f][1f][1f]18[1c]0=0=0=0=0=0=0[1c]0=0=0=0=0=0=0[1c]20240425055825[1c][1c]887000001519[1c][1c][03]>
[2024-04-25 17:57:15.197]{}DEBUG:[TcpConnection.java-71 ] send [ 1 ] {TCP} :Send Message =[06]
[2024-04-25 17:57:15.310]{}DEBUG:[AbstractPosLink.java-991 ] unpackTrans [ 1 ] {TCP} :Batch_BATCHCLOSE_EDCType(NULL) Success!
[2024-04-25 17:57:15.312]{}DEBUG:[AbstractPosLink.java-543 ] ProcessTrans [ 1 ] {} :ProcessTrans End...
[2024-04-25 17:58:54.904]{}DEBUG:[AbstractPosLink.java-435 ] ProcessTrans [ 1 ] {} :ProcessTrans Start...
[2024-04-25 17:58:54.918]{}DEBUG:[AbstractPosLink.java-463 ] ProcessTrans [ 1 ] {} :Timeout:
[2024-04-25 17:58:54.919]{}DEBUG:[AbstractPosLink.java-466 ] ProcessTrans [ 1 ] {} :SDK VERSION:V1.13.00_20230606; Timeout:-1
[2024-04-25 17:58:54.925]{}DEBUG:[TcpConnection.java-41 ] connect [ 1 ] {TCP} :ip:192.168.1.110 port:10009
[2024-04-25 17:58:54.932]{}DEBUG:[TcpConnection.java-71 ] send [ 1 ] {TCP} :Send Message =[02]A04[1c]1.62[1c]01[1c]UserName[1c]TA5714099[1c]UserPassword[1c]Hotsauce987![1c]MID[1c]887000001519[1c]DeviceID[1c]88700000151901[1c][1c][1c][03]+
[2024-04-25 17:58:55.075]{}DEBUG:[ProcessSocket.java-459 ] recvAck [ 1 ] {TCP} :Receive Message =[06]
[2024-04-25 17:58:55.935]{}DEBUG:[ProcessSocket.java-547 ] SocketRecv [ 1 ] {TCP} :Receive Message =[02]0[1c]A05[1c]1.47[1c]000000[1c]OK[03]o
[2024-04-25 17:58:55.939]{}DEBUG:[TcpConnection.java-71 ] send [ 1 ] {TCP} :Send Message =[06]
[2024-04-25 17:58:56.002]{}DEBUG:[AbstractPosLink.java-956 ] unpackTrans [ 1 ] {TCP} :Manage_SETVAR_CREDIT Success!
[2024-04-25 17:58:56.004]{}DEBUG:[AbstractPosLink.java-543 ] ProcessTrans [ 1 ] {} :ProcessTrans End...
[2024-04-25 17:58:56.008]{}DEBUG:[AbstractPosLink.java-435 ] ProcessTrans [ 1 ] {} :ProcessTrans Start...
[2024-04-25 17:58:56.009]{}DEBUG:[AbstractPosLink.java-463 ] ProcessTrans [ 1 ] {} :Timeout:
[2024-04-25 17:58:56.010]{}DEBUG:[AbstractPosLink.java-466 ] ProcessTrans [ 1 ] {} :SDK VERSION:V1.13.00_20230606; Timeout:-1
[2024-04-25 17:58:56.013]{}DEBUG:[TcpConnection.java-41 ] connect [ 1 ] {TCP} :ip:192.168.1.110 port:10009
[2024-04-25 17:58:56.018]{}DEBUG:[TcpConnection.java-71 ] send [ 1 ] {TCP} :Send Message =[02]T00[1c]1.62[1c]03[1c]100[1c][1c]202404250558540[1c][1c][1c][1f][1f][1f][1f][1f][1f][1f][1f][1f][1f][1f][1f][1f][1f][1f][1f][1f][1f][1c][1c][1c][1c]0[1c][1c][1c][03]l
[2024-04-25 17:58:56.197]{}DEBUG:[ProcessSocket.java-459 ] recvAck [ 1 ] {TCP} :Receive Message =[06]
[2024-04-25 17:59:04.974]{}DEBUG:[TcpConnection.java-71 ] send [ 1 ] {TCP} :Send Message =[02]A14[1c]1.62[03]@
[2024-04-25 17:59:09.310]{}DEBUG:[ProcessSocket.java-547 ] SocketRecv [ 1 ] {TCP} :Receive Message =[02]0[1c]T01[1c]1.47[1c]000000[1c]OK[1c]00[1f]Success[1f]VTLMC1[1f]411609503018[1f][1f]19[1f]1212MCC111128**[1f]43565255[1f][1c]03[1c]100[1f]0[1f]0[1f]0[1f]0[1f]0[1f][1f][1c]1800[1f]2[1f]0726[1f][1f][1f][1f]02[1f][1f][1f][1f]0[1f][1f][1f][1f][1c]1[1f]202404250558540[1f]20240425060016[1f][1f][1f][1f][1f][1c][1f][1f][1f][1f][1c][1c][1c]EDCTYPE=CREDIT[1f]HRef=43565255[1f]SN=53509228[1f]GLOBALUID=53509228202404250600166579[1f]CARDBIN=515721[1f]PROGRAMTYPE=1[1f]ARQC=FDEEBF780BC04BF4[1f]TVR=0000008001[1f]AID=A0000000041010[1f]TSI=0000[1f]ATC=0126[1f]APPLAB=MASTERCARD[1f]IAD=0114A14003040000000400000000000000FF[1f]CVM=7[1c][1c][1c][1c][03][01]
[2024-04-25 17:59:09.313]{}DEBUG:[TcpConnection.java-71 ] send [ 1 ] {TCP} :Send Message =[06]
[2024-04-25 17:59:09.433]{}DEBUG:[AbstractPosLink.java-903 ] unpackTrans [ 1 ] {TCP} :Payment_CREDIT_AUTH Success!
[2024-04-25 17:59:09.434]{}DEBUG:[AbstractPosLink.java-543 ] ProcessTrans [ 1 ] {} :ProcessTrans End...
[2024-04-25 17:59:09.444]{}DEBUG:[AbstractPosLink.java-435 ] ProcessTrans [ 1 ] {} :ProcessTrans Start...
[2024-04-25 17:59:09.445]{}DEBUG:[AbstractPosLink.java-463 ] ProcessTrans [ 1 ] {} :Timeout:
[2024-04-25 17:59:09.446]{}DEBUG:[AbstractPosLink.java-466 ] ProcessTrans [ 1 ] {} :SDK VERSION:V1.13.00_20230606; Timeout:-1
[2024-04-25 17:59:09.447]{}ERROR:[PaymentPacker.java-176 ] packItems [ 1 ] {TCP} :packPayment,trans type not set
[2024-04-25 17:59:09.448]{}ERROR:[AbstractPosLink.java-746 ] packTrans [ 1 ] {TCP} :Pack PaymentRequest error =TRANS TYPE NOT SET
[2024-04-25 17:59:09.448]{}ERROR:[AbstractPosLink.java-498 ] ProcessTrans [ 1 ] {TCP} :packTrans error : PACK ERROR : TRANS TYPE NOT SET
[2024-04-25 17:59:09.449]{}DEBUG:[AbstractPosLink.java-543 ] ProcessTrans [ 1 ] {TCP} :ProcessTrans End...
[2024-04-25 18:00:03.737]{}DEBUG:[AbstractPosLink.java-435 ] ProcessTrans [ 1 ] {} :ProcessTrans Start...
[2024-04-25 18:00:03.751]{}DEBUG:[AbstractPosLink.java-463 ] ProcessTrans [ 1 ] {} :Timeout:
[2024-04-25 18:00:03.752]{}DEBUG:[AbstractPosLink.java-466 ] ProcessTrans [ 1 ] {} :SDK VERSION:V1.13.00_20230606; Timeout:-1
[2024-04-25 18:00:03.755]{}DEBUG:[TcpConnection.java-41 ] connect [ 1 ] {TCP} :ip:192.168.1.110 port:10009
[2024-04-25 18:00:03.763]{}DEBUG:[TcpConnection.java-71 ] send [ 1 ] {TCP} :Send Message =[02]B00[1c]1.62[1c][1c][03]F
[2024-04-25 18:00:03.919]{}DEBUG:[ProcessSocket.java-459 ] recvAck [ 1 ] {TCP} :Receive Message =[06]
[2024-04-25 18:00:28.309]{}DEBUG:[ProcessSocket.java-547 ] SocketRecv [ 1 ] {TCP} :Receive Message =[02]0[1c]B01[1c]1.47[1c]000100[1c]DECLINE[1c][1f]Invalid deviceID(s)[1f][1f][1f][1f][1c][1c][1c][1c][1c][1c][1c][03](
[2024-04-25 18:00:28.313]{}DEBUG:[TcpConnection.java-71 ] send [ 1 ] {TCP} :Send Message =[06]
[2024-04-25 18:00:28.433]{}ERROR:[AbstractPosLink.java-993 ] unpackTrans [ 1 ] {TCP} :Batch_BATCHCLOSE_EDCType(NULL) Fail!,ResultTxt =DECLINE
[2024-04-25 18:00:28.435]{}DEBUG:[AbstractPosLink.java-543 ] ProcessTrans [ 1 ] {} :ProcessTrans End...
[2024-04-25 18:00:45.892]{}DEBUG:[AbstractPosLink.java-435 ] ProcessTrans [ 1 ] {} :ProcessTrans Start...
[2024-04-25 18:00:45.905]{}DEBUG:[AbstractPosLink.java-463 ] ProcessTrans [ 1 ] {} :Timeout:
[2024-04-25 18:00:45.906]{}DEBUG:[AbstractPosLink.java-466 ] ProcessTrans [ 1 ] {} :SDK VERSION:V1.13.00_20230606; Timeout:-1
[2024-04-25 18:00:45.911]{}DEBUG:[TcpConnection.java-41 ] connect [ 1 ] {TCP} :ip:192.168.1.110 port:10009
[2024-04-25 18:00:45.920]{}DEBUG:[TcpConnection.java-71 ] send [ 1 ] {TCP} :Send Message =[02]A04[1c]1.62[1c]01[1c]UserName[1c]TA5714099[1c]UserPassword[1c]Hotsauce987![1c]MID[1c]887000001519[1c]DeviceID[1c]88700000151901[1c][1c][1c][03]+
[2024-04-25 18:00:46.055]{}DEBUG:[ProcessSocket.java-459 ] recvAck [ 1 ] {TCP} :Receive Message =[06]
[2024-04-25 18:00:46.506]{}DEBUG:[ProcessSocket.java-547 ] SocketRecv [ 1 ] {TCP} :Receive Message =[02]0[1c]A05[1c]1.47[1c]100025[1c]PLEASE SETTLE[03]\
[2024-04-25 18:00:46.510]{}DEBUG:[TcpConnection.java-71 ] send [ 1 ] {TCP} :Send Message =[06]
[2024-04-25 18:00:46.573]{}ERROR:[AbstractPosLink.java-958 ] unpackTrans [ 1 ] {TCP} :Manage_SETVAR_CREDIT Fail!,ResultTxt =PLEASE SETTLE
[2024-04-25 18:00:46.576]{}DEBUG:[AbstractPosLink.java-543 ] ProcessTrans [ 1 ] {} :ProcessTrans End...
[2024-04-25 18:00:55.508]{}DEBUG:[AbstractPosLink.java-435 ] ProcessTrans [ 1 ] {} :ProcessTrans Start...
[2024-04-25 18:00:55.522]{}DEBUG:[AbstractPosLink.java-463 ] ProcessTrans [ 1 ] {} :Timeout:
[2024-04-25 18:00:55.523]{}DEBUG:[AbstractPosLink.java-466 ] ProcessTrans [ 1 ] {} :SDK VERSION:V1.13.00_20230606; Timeout:-1
[2024-04-25 18:00:55.526]{}DEBUG:[TcpConnection.java-41 ] connect [ 1 ] {TCP} :ip:192.168.1.110 port:10009
[2024-04-25 18:00:55.536]{}DEBUG:[TcpConnection.java-71 ] send [ 1 ] {TCP} :Send Message =[02]B00[1c]1.62[1c][1c][03]F
[2024-04-25 18:00:55.661]{}DEBUG:[ProcessSocket.java-459 ] recvAck [ 1 ] {TCP} :Receive Message =[06]
[2024-04-25 18:00:59.407]{}DEBUG:[ProcessSocket.java-547 ] SocketRecv [ 1 ] {TCP} :Receive Message =[02]0[1c]B01[1c]1.47[1c]000000[1c]OK[1c]00[1f]Success[1f][1f][1f][1f]19[1c]0=0=0=0=0=0=0[1c]0=0=0=0=0=0=0[1c]20240425060209[1c][1c]887000001519[1c][1c][03]=
[2024-04-25 18:00:59.410]{}DEBUG:[TcpConnection.java-71 ] send [ 1 ] {TCP} :Send Message =[06]
[2024-04-25 18:00:59.522]{}DEBUG:[AbstractPosLink.java-991 ] unpackTrans [ 1 ] {TCP} :Batch_BATCHCLOSE_EDCType(NULL) Success!
[2024-04-25 18:00:59.524]{}DEBUG:[AbstractPosLink.java-543 ] ProcessTrans [ 1 ] {} :ProcessTrans End...
[2024-04-25 18:01:05.233]{}DEBUG:[AbstractPosLink.java-435 ] ProcessTrans [ 1 ] {} :ProcessTrans Start...
[2024-04-25 18:01:05.247]{}DEBUG:[AbstractPosLink.java-463 ] ProcessTrans [ 1 ] {} :Timeout:
[2024-04-25 18:01:05.249]{}DEBUG:[AbstractPosLink.java-466 ] ProcessTrans [ 1 ] {} :SDK VERSION:V1.13.00_20230606; Timeout:-1
[2024-04-25 18:01:05.255]{}DEBUG:[TcpConnection.java-41 ] connect [ 1 ] {TCP} :ip:192.168.1.110 port:10009
[2024-04-25 18:01:05.264]{}DEBUG:[TcpConnection.java-71 ] send [ 1 ] {TCP} :Send Message =[02]A04[1c]1.62[1c]01[1c]UserName[1c]TA5714099[1c]UserPassword[1c]Hotsauce987![1c]MID[1c]887000001519[1c]DeviceID[1c]88700000151901[1c][1c][1c][03]+
[2024-04-25 18:01:05.412]{}DEBUG:[ProcessSocket.java-459 ] recvAck [ 1 ] {TCP} :Receive Message =[06]
[2024-04-25 18:01:06.665]{}DEBUG:[ProcessSocket.java-547 ] SocketRecv [ 1 ] {TCP} :Receive Message =[02]0[1c]A05[1c]1.47[1c]000000[1c]OK[03]o
[2024-04-25 18:01:06.669]{}DEBUG:[TcpConnection.java-71 ] send [ 1 ] {TCP} :Send Message =[06]
[2024-04-25 18:01:06.731]{}DEBUG:[AbstractPosLink.java-956 ] unpackTrans [ 1 ] {TCP} :Manage_SETVAR_CREDIT Success!
[2024-04-25 18:01:06.733]{}DEBUG:[AbstractPosLink.java-543 ] ProcessTrans [ 1 ] {} :ProcessTrans End...
[2024-04-25 18:01:06.737]{}DEBUG:[AbstractPosLink.java-435 ] ProcessTrans [ 1 ] {} :ProcessTrans Start...
[2024-04-25 18:01:06.738]{}DEBUG:[AbstractPosLink.java-463 ] ProcessTrans [ 1 ] {} :Timeout:
[2024-04-25 18:01:06.739]{}DEBUG:[AbstractPosLink.java-466 ] ProcessTrans [ 1 ] {} :SDK VERSION:V1.13.00_20230606; Timeout:-1
[2024-04-25 18:01:06.743]{}DEBUG:[TcpConnection.java-41 ] connect [ 1 ] {TCP} :ip:192.168.1.110 port:10009
[2024-04-25 18:01:06.748]{}DEBUG:[TcpConnection.java-71 ] send [ 1 ] {TCP} :Send Message =[02]T00[1c]1.62[1c]03[1c]100[1c][1c]202404250601050[1c][1c][1c][1f][1f][1f][1f][1f][1f][1f][1f][1f][1f][1f][1f][1f][1f][1f][1f][1f][1f][1c][1c][1c][1c]0[1c][1c][1c][03]g
[2024-04-25 18:01:06.928]{}DEBUG:[ProcessSocket.java-459 ] recvAck [ 1 ] {TCP} :Receive Message =[06]
[2024-04-25 18:01:15.348]{}DEBUG:[TcpConnection.java-71 ] send [ 1 ] {TCP} :Send Message =[02]A14[1c]1.62[03]@
[2024-04-25 18:01:45.000]{}DEBUG:[ProcessSocket.java-547 ] SocketRecv [ 1 ] {TCP} :Receive Message =[02]0[1c]T01[1c]1.47[1c]000000[1c]OK[1c]00[1f]Success[1f]VTLMC1[1f]411610503082[1f][1f]20[1f]1212MCC111146**[1f]43565371[1f][1c]03[1c]100[1f]0[1f]0[1f]0[1f]0[1f]0[1f][1f][1c]1800[1f]2[1f]0726[1f][1f][1f][1f]02[1f][1f][1f][1f]0[1f][1f][1f][1f][1c]1[1f]202404250601050[1f]20240425060223[1f][1f][1f][1f][1f][1c][1f][1f][1f][1f][1c][1c][1c]EDCTYPE=CREDIT[1f]HRef=43565371[1f]SN=53509228[1f]GLOBALUID=53509228202404250602232127[1f]CARDBIN=515721[1f]PROGRAMTYPE=1[1f]ARQC=E1830D6E8E652631[1f]TVR=0000008001[1f]AID=A0000000041010[1f]TSI=0000[1f]ATC=0127[1f]APPLAB=MASTERCARD[1f]IAD=0114A14003040000000400000000000000FF[1f]CVM=7[1c][1c][1c][1c][03][05]
[2024-04-25 18:01:45.002]{}DEBUG:[TcpConnection.java-71 ] send [ 1 ] {TCP} :Send Message =[06]
[2024-04-25 18:01:45.120]{}DEBUG:[AbstractPosLink.java-903 ] unpackTrans [ 1 ] {TCP} :Payment_CREDIT_AUTH Success!
[2024-04-25 18:01:45.121]{}DEBUG:[AbstractPosLink.java-543 ] ProcessTrans [ 1 ] {} :ProcessTrans End...
[2024-04-25 18:01:45.127]{}DEBUG:[AbstractPosLink.java-435 ] ProcessTrans [ 1 ] {} :ProcessTrans Start...
[2024-04-25 18:01:45.129]{}DEBUG:[AbstractPosLink.java-463 ] ProcessTrans [ 1 ] {} :Timeout:
[2024-04-25 18:01:45.129]{}DEBUG:[AbstractPosLink.java-466 ] ProcessTrans [ 1 ] {} :SDK VERSION:V1.13.00_20230606; Timeout:-1
[2024-04-25 18:01:45.130]{}ERROR:[PaymentPacker.java-176 ] packItems [ 1 ] {TCP} :packPayment,trans type not set
[2024-04-25 18:01:45.131]{}ERROR:[AbstractPosLink.java-746 ] packTrans [ 1 ] {TCP} :Pack PaymentRequest error =TRANS TYPE NOT SET
[2024-04-25 18:01:45.132]{}ERROR:[AbstractPosLink.java-498 ] ProcessTrans [ 1 ] {TCP} :packTrans error : PACK ERROR : TRANS TYPE NOT SET
[2024-04-25 18:01:45.133]{}DEBUG:[AbstractPosLink.java-543 ] ProcessTrans [ 1 ] {TCP} :ProcessTrans End...
[2024-04-25 18:04:08.482]{}DEBUG:[AbstractPosLink.java-435 ] ProcessTrans [ 1 ] {} :ProcessTrans Start...
[2024-04-25 18:04:08.497]{}DEBUG:[AbstractPosLink.java-463 ] ProcessTrans [ 1 ] {} :Timeout:
[2024-04-25 18:04:08.498]{}DEBUG:[AbstractPosLink.java-466 ] ProcessTrans [ 1 ] {} :SDK VERSION:V1.13.00_20230606; Timeout:-1
[2024-04-25 18:04:08.501]{}DEBUG:[TcpConnection.java-41 ] connect [ 1 ] {TCP} :ip:192.168.1.110 port:10009
[2024-04-25 18:04:08.509]{}DEBUG:[TcpConnection.java-71 ] send [ 1 ] {TCP} :Send Message =[02]B00[1c]1.62[1c][1c][03]F
[2024-04-25 18:04:08.641]{}DEBUG:[ProcessSocket.java-459 ] recvAck [ 1 ] {TCP} :Receive Message =[06]
[2024-04-25 18:04:12.566]{}DEBUG:[ProcessSocket.java-547 ] SocketRecv [ 1 ] {TCP} :Receive Message =[02]0[1c]B01[1c]1.47[1c]000000[1c]OK[1c]00[1f]Success[1f][1f][1f][1f]20[1c]0=0=0=0=0=0=0[1c]0=0=0=0=0=0=0[1c]20240425060522[1c][1c]887000001519[1c][1c][03]9
[2024-04-25 18:04:12.569]{}DEBUG:[TcpConnection.java-71 ] send [ 1 ] {TCP} :Send Message =[06]
[2024-04-25 18:04:12.693]{}DEBUG:[AbstractPosLink.java-991 ] unpackTrans [ 1 ] {TCP} :Batch_BATCHCLOSE_EDCType(NULL) Success!
[2024-04-25 18:04:12.695]{}DEBUG:[AbstractPosLink.java-543 ] ProcessTrans [ 1 ] {} :ProcessTrans End...
[2024-04-25 18:04:19.641]{}DEBUG:[AbstractPosLink.java-435 ] ProcessTrans [ 1 ] {} :ProcessTrans Start...
[2024-04-25 18:04:19.655]{}DEBUG:[AbstractPosLink.java-463 ] ProcessTrans [ 1 ] {} :Timeout:
[2024-04-25 18:04:19.657]{}DEBUG:[AbstractPosLink.java-466 ] ProcessTrans [ 1 ] {} :SDK VERSION:V1.13.00_20230606; Timeout:-1
[2024-04-25 18:04:19.662]{}DEBUG:[TcpConnection.java-41 ] connect [ 1 ] {TCP} :ip:192.168.1.110 port:10009
[2024-04-25 18:04:19.671]{}DEBUG:[TcpConnection.java-71 ] send [ 1 ] {TCP} :Send Message =[02]A04[1c]1.62[1c]01[1c]UserName[1c]TA5714099[1c]UserPassword[1c]Hotsauce987![1c]MID[1c]887000001519[1c]DeviceID[1c]88700000151901[1c][1c][1c][03]+
[2024-04-25 18:04:19.820]{}DEBUG:[ProcessSocket.java-459 ] recvAck [ 1 ] {TCP} :Receive Message =[06]
[2024-04-25 18:04:20.671]{}DEBUG:[ProcessSocket.java-547 ] SocketRecv [ 1 ] {TCP} :Receive Message =[02]0[1c]A05[1c]1.47[1c]000000[1c]OK[03]o
[2024-04-25 18:04:20.679]{}DEBUG:[TcpConnection.java-71 ] send [ 1 ] {TCP} :Send Message =[06]
[2024-04-25 18:04:20.740]{}DEBUG:[AbstractPosLink.java-956 ] unpackTrans [ 1 ] {TCP} :Manage_SETVAR_CREDIT Success!
[2024-04-25 18:04:20.742]{}DEBUG:[AbstractPosLink.java-543 ] ProcessTrans [ 1 ] {} :ProcessTrans End...
[2024-04-25 18:04:20.745]{}DEBUG:[AbstractPosLink.java-435 ] ProcessTrans [ 1 ] {} :ProcessTrans Start...
[2024-04-25 18:04:20.746]{}DEBUG:[AbstractPosLink.java-463 ] ProcessTrans [ 1 ] {} :Timeout:
[2024-04-25 18:04:20.747]{}DEBUG:[AbstractPosLink.java-466 ] ProcessTrans [ 1 ] {} :SDK VERSION:V1.13.00_20230606; Timeout:-1
[2024-04-25 18:04:20.750]{}DEBUG:[TcpConnection.java-41 ] connect [ 1 ] {TCP} :ip:192.168.1.110 port:10009
[2024-04-25 18:04:20.754]{}DEBUG:[TcpConnection.java-71 ] send [ 1 ] {TCP} :Send Message =[02]T00[1c]1.62[1c]03[1c]100[1c][1c]202404250604190[1c][1c][1c][1f][1f][1f][1f][1f][1f][1f][1f][1f][1f][1f][1f][1f][1f][1f][1f][1f][1f][1c][1c][1c][1c]0[1c][1c][1c][03]o
[2024-04-25 18:04:20.937]{}DEBUG:[ProcessSocket.java-459 ] recvAck [ 1 ] {TCP} :Receive Message =[06]
[2024-04-25 18:04:29.725]{}DEBUG:[TcpConnection.java-71 ] send [ 1 ] {TCP} :Send Message =[02]A14[1c]1.62[03]@
[2024-04-25 18:04:32.046]{}DEBUG:[ProcessSocket.java-547 ] SocketRecv [ 1 ] {TCP} :Receive Message =[02]0[1c]T01[1c]1.47[1c]000000[1c]OK[1c]00[1f]Success[1f]VTLMC1[1f]411610503215[1f][1f]21[1f]1212MCC111202**[1f]43565543[1f][1c]03[1c]100[1f]0[1f]0[1f]0[1f]0[1f]0[1f][1f][1c]1800[1f]2[1f]0726[1f][1f][1f][1f]02[1f][1f][1f][1f]0[1f][1f][1f][1f][1c]1[1f]202404250604190[1f]20240425060538[1f][1f][1f][1f][1f][1c][1f][1f][1f][1f][1c][1c][1c]EDCTYPE=CREDIT[1f]HRef=43565543[1f]SN=53509228[1f]GLOBALUID=53509228202404250605384354[1f]CARDBIN=515721[1f]PROGRAMTYPE=1[1f]ARQC=51901164544B89B6[1f]TVR=0000008001[1f]AID=A0000000041010[1f]TSI=0000[1f]ATC=0128[1f]APPLAB=MASTERCARD[1f]IAD=0114A14003040000000400000000000000FF[1f]CVM=7[1c][1c][1c][1c][03][01]
[2024-04-25 18:04:32.050]{}DEBUG:[TcpConnection.java-71 ] send [ 1 ] {TCP} :Send Message =[06]
[2024-04-25 18:04:32.166]{}DEBUG:[AbstractPosLink.java-903 ] unpackTrans [ 1 ] {TCP} :Payment_CREDIT_AUTH Success!
[2024-04-25 18:04:32.168]{}DEBUG:[AbstractPosLink.java-543 ] ProcessTrans [ 1 ] {} :ProcessTrans End...
[2024-04-25 18:04:32.174]{}DEBUG:[AbstractPosLink.java-435 ] ProcessTrans [ 1 ] {} :ProcessTrans Start...
[2024-04-25 18:04:32.175]{}DEBUG:[AbstractPosLink.java-463 ] ProcessTrans [ 1 ] {} :Timeout:
[2024-04-25 18:04:32.176]{}DEBUG:[AbstractPosLink.java-466 ] ProcessTrans [ 1 ] {} :SDK VERSION:V1.13.00_20230606; Timeout:-1
[2024-04-25 18:04:32.178]{}DEBUG:[TcpConnection.java-41 ] connect [ 1 ] {TCP} :ip:192.168.1.110 port:10009
[2024-04-25 18:04:32.182]{}DEBUG:[TcpConnection.java-71 ] send [ 1 ] {TCP} :Send Message =[02]T00[1c]1.62[1c]19[1c][1c][1c]202404250604320[1f][1f][1f]1[1c][1c][1c][1f][1f][1f][1f][1f][1f][1f][1f][1f][1f][1f][1f][1f][1f][1f][1f][1f][1f][1c][1c][1c][1c]0[1c][1c][1c][03]r
[2024-04-25 18:04:34.281]{}DEBUG:[ProcessSocket.java-459 ] recvAck [ 1 ] {TCP} :Receive Message =[06]
[2024-04-25 18:04:41.909]{}DEBUG:[ProcessSocket.java-547 ] SocketRecv [ 1 ] {TCP} :Receive Message =[02]0[1c]T01[1c]1.47[1c]000000[1c]OK[1c]57[1f]Success[1f]VTLMC1[1f]411610503215[1f][1f]21[1f]1212MCC111202**[1f]43565543[1f][1c]19[1c]100[1f]0[1f]0[1f]0[1f]0[1f]0[1f][1f][1c]1800[1f]0[1f]0726[1f][1f][1f][1f]02[1f][1f][1f][1f]0[1f][1f][1f][1f][1c]2[1f]202404250604320[1f]20240425060545[1f]43565543[1f][1f][1f][1f][1c][1f][1f][1f][1f][1c][1c][1c]EDCTYPE=CREDIT[1f]HRef=43565543[1f]SN=53509228[1f]GLOBALUID=53509228202404250605459155[1f]CARDBIN=515721[1f]PROGRAMTYPE=0[1f]ARQC=51901164544B89B6[1f]TVR=0000008001[1f]AID=A0000000041010[1f]TSI=0000[1f]ATC=0128[1f]APPLAB=MASTERCARD[1f]IAD=0114A14003040000000400000000000000FF[1f]CVM=7[1c][1c][1c][1c][03][0c]
[2024-04-25 18:04:41.913]{}DEBUG:[TcpConnection.java-71 ] send [ 1 ] {TCP} :Send Message =[06]
[2024-04-25 18:04:41.980]{}DEBUG:[AbstractPosLink.java-903 ] unpackTrans [ 1 ] {TCP} :Payment_CREDIT_VOID AUTH Success!
[2024-04-25 18:04:41.982]{}DEBUG:[AbstractPosLink.java-543 ] ProcessTrans [ 1 ] {} :ProcessTrans End...
