[2024-05-06 17:09:46.482]{}DEBUG:[AbstractPosLink.java-435 ] ProcessTrans [ 1 ] {} :ProcessTrans Start...
[2024-05-06 17:09:46.504]{}DEBUG:[AbstractPosLink.java-463 ] ProcessTrans [ 1 ] {} :Timeout:
[2024-05-06 17:09:46.506]{}DEBUG:[AbstractPosLink.java-466 ] ProcessTrans [ 1 ] {} :SDK VERSION:V1.13.00_20230606; Timeout:-1
[2024-05-06 17:09:46.510]{}DEBUG:[TcpConnection.java-41 ] connect [ 1 ] {TCP} :ip:192.168.1.110 port:10009
[2024-05-06 17:09:46.521]{}DEBUG:[TcpConnection.java-71 ] send [ 1 ] {TCP} :Send Message =[02]B00[1c]1.62[1c][1c][03]F
[2024-05-06 17:09:46.643]{}DEBUG:[ProcessSocket.java-459 ] recvAck [ 1 ] {TCP} :Receive Message =[06]
[2024-05-06 17:09:51.770]{}DEBUG:[ProcessSocket.java-547 ] SocketRecv [ 1 ] {TCP} :Receive Message =[02]0[1c]B01[1c]1.47[1c]000000[1c]OK[1c]00[1f]Success[1f][1f][1f][1f]56[1c]10=0=0=0=0=0=0[1c]3324=0=0=0=0=0=0[1c]20240506051106[1c][1c]887000001519[1c][1c][03]?
[2024-05-06 17:09:51.772]{}DEBUG:[TcpConnection.java-71 ] send [ 1 ] {TCP} :Send Message =[06]
[2024-05-06 17:09:51.929]{}DEBUG:[AbstractPosLink.java-991 ] unpackTrans [ 1 ] {TCP} :Batch_BATCHCLOSE_EDCType(NULL) Success!
[2024-05-06 17:09:51.933]{}DEBUG:[AbstractPosLink.java-543 ] ProcessTrans [ 1 ] {} :ProcessTrans End...
[2024-05-06 17:55:55.848]{}DEBUG:[AbstractPosLink.java-435 ] ProcessTrans [ 1 ] {} :ProcessTrans Start...
[2024-05-06 17:55:55.868]{}DEBUG:[AbstractPosLink.java-463 ] ProcessTrans [ 1 ] {} :Timeout:
[2024-05-06 17:55:55.870]{}DEBUG:[AbstractPosLink.java-466 ] ProcessTrans [ 1 ] {} :SDK VERSION:V1.13.00_20230606; Timeout:-1
[2024-05-06 17:55:55.875]{}DEBUG:[TcpConnection.java-41 ] connect [ 1 ] {TCP} :ip:192.168.1.110 port:10009
[2024-05-06 17:55:55.884]{}DEBUG:[TcpConnection.java-71 ] send [ 1 ] {TCP} :Send Message =[02]B00[1c]1.62[1c][1c][03]F
[2024-05-06 17:55:56.016]{}DEBUG:[ProcessSocket.java-459 ] recvAck [ 1 ] {TCP} :Receive Message =[06]
[2024-05-06 17:56:00.544]{}DEBUG:[ProcessSocket.java-547 ] SocketRecv [ 1 ] {TCP} :Receive Message =[02]0[1c]B01[1c]1.47[1c]000000[1c]OK[1c]00[1f]Success[1f][1f][1f][1f]57[1c]2=0=0=0=0=0=0[1c]150=0=0=0=0=0=0[1c]20240506055715[1c][1c]887000001519[1c][1c][03]?
[2024-05-06 17:56:00.548]{}DEBUG:[TcpConnection.java-71 ] send [ 1 ] {TCP} :Send Message =[06]
[2024-05-06 17:56:00.670]{}DEBUG:[AbstractPosLink.java-991 ] unpackTrans [ 1 ] {TCP} :Batch_BATCHCLOSE_EDCType(NULL) Success!
[2024-05-06 17:56:00.672]{}DEBUG:[AbstractPosLink.java-543 ] ProcessTrans [ 1 ] {} :ProcessTrans End...
[2024-05-06 17:58:04.623]{}DEBUG:[AbstractPosLink.java-435 ] ProcessTrans [ 1 ] {} :ProcessTrans Start...
[2024-05-06 17:58:04.639]{}DEBUG:[AbstractPosLink.java-463 ] ProcessTrans [ 1 ] {} :Timeout:
[2024-05-06 17:58:04.641]{}DEBUG:[AbstractPosLink.java-466 ] ProcessTrans [ 1 ] {} :SDK VERSION:V1.13.00_20230606; Timeout:-1
[2024-05-06 17:58:04.647]{}DEBUG:[TcpConnection.java-41 ] connect [ 1 ] {TCP} :ip:192.168.1.110 port:10009
[2024-05-06 17:58:04.659]{}DEBUG:[TcpConnection.java-71 ] send [ 1 ] {TCP} :Send Message =[02]B00[1c]1.62[1c][1c][03]F
[2024-05-06 17:58:04.791]{}DEBUG:[ProcessSocket.java-459 ] recvAck [ 1 ] {TCP} :Receive Message =[06]
[2024-05-06 17:58:05.437]{}DEBUG:[ProcessSocket.java-547 ] SocketRecv [ 1 ] {TCP} :Receive Message =[02]0[1c]B01[1c]1.47[1c]100023[1c]NOT FOUND[03]O
[2024-05-06 17:58:05.439]{}DEBUG:[TcpConnection.java-71 ] send [ 1 ] {TCP} :Send Message =[06]
[2024-05-06 17:58:05.571]{}ERROR:[AbstractPosLink.java-993 ] unpackTrans [ 1 ] {TCP} :Batch_BATCHCLOSE_EDCType(NULL) Fail!,ResultTxt =NOT FOUND
[2024-05-06 17:58:05.574]{}DEBUG:[AbstractPosLink.java-543 ] ProcessTrans [ 1 ] {} :ProcessTrans End...
[2024-05-06 18:32:26.874]{}DEBUG:[AbstractPosLink.java-435 ] ProcessTrans [ 1 ] {} :ProcessTrans Start...
[2024-05-06 18:32:26.892]{}DEBUG:[AbstractPosLink.java-463 ] ProcessTrans [ 1 ] {} :Timeout:
[2024-05-06 18:32:26.894]{}DEBUG:[AbstractPosLink.java-466 ] ProcessTrans [ 1 ] {} :SDK VERSION:V1.13.00_20230606; Timeout:-1
[2024-05-06 18:32:26.898]{}DEBUG:[TcpConnection.java-41 ] connect [ 1 ] {TCP} :ip:192.168.1.110 port:10009
[2024-05-06 18:32:26.908]{}DEBUG:[TcpConnection.java-71 ] send [ 1 ] {TCP} :Send Message =[02]B00[1c]1.62[1c][1c][03]F
[2024-05-06 18:32:27.044]{}DEBUG:[ProcessSocket.java-459 ] recvAck [ 1 ] {TCP} :Receive Message =[06]
[2024-05-06 18:32:30.748]{}DEBUG:[ProcessSocket.java-547 ] SocketRecv [ 1 ] {TCP} :Receive Message =[02]0[1c]B01[1c]1.47[1c]000000[1c]OK[1c]00[1f]Success[1f][1f][1f][1f]58[1c]2=0=0=0=0=0=0[1c]724=0=0=0=0=0=0[1c]20240506063345[1c][1c]887000001519[1c][1c][03]1
[2024-05-06 18:32:30.750]{}DEBUG:[TcpConnection.java-71 ] send [ 1 ] {TCP} :Send Message =[06]
[2024-05-06 18:32:30.878]{}DEBUG:[AbstractPosLink.java-991 ] unpackTrans [ 1 ] {TCP} :Batch_BATCHCLOSE_EDCType(NULL) Success!
[2024-05-06 18:32:30.880]{}DEBUG:[AbstractPosLink.java-543 ] ProcessTrans [ 1 ] {} :ProcessTrans End...
[2024-05-06 18:33:34.513]{}DEBUG:[AbstractPosLink.java-435 ] ProcessTrans [ 1 ] {} :ProcessTrans Start...
[2024-05-06 18:33:34.534]{}DEBUG:[AbstractPosLink.java-463 ] ProcessTrans [ 1 ] {} :Timeout:
[2024-05-06 18:33:34.536]{}DEBUG:[AbstractPosLink.java-466 ] ProcessTrans [ 1 ] {} :SDK VERSION:V1.13.00_20230606; Timeout:-1
[2024-05-06 18:33:34.542]{}DEBUG:[TcpConnection.java-41 ] connect [ 1 ] {TCP} :ip:192.168.1.110 port:10009
[2024-05-06 18:33:34.556]{}DEBUG:[TcpConnection.java-71 ] send [ 1 ] {TCP} :Send Message =[02]B00[1c]1.62[1c][1c][03]F
[2024-05-06 18:33:34.701]{}DEBUG:[ProcessSocket.java-459 ] recvAck [ 1 ] {TCP} :Receive Message =[06]
[2024-05-06 18:33:38.625]{}DEBUG:[ProcessSocket.java-547 ] SocketRecv [ 1 ] {TCP} :Receive Message =[02]0[1c]B01[1c]1.47[1c]000000[1c]OK[1c]00[1f]Success[1f][1f][1f][1f]59[1c]1=0=0=0=0=0=0[1c]100=0=0=0=0=0=0[1c]20240506063453[1c][1c]887000001519[1c][1c][03]3
[2024-05-06 18:33:38.628]{}DEBUG:[TcpConnection.java-71 ] send [ 1 ] {TCP} :Send Message =[06]
[2024-05-06 18:33:38.760]{}DEBUG:[AbstractPosLink.java-991 ] unpackTrans [ 1 ] {TCP} :Batch_BATCHCLOSE_EDCType(NULL) Success!
[2024-05-06 18:33:38.762]{}DEBUG:[AbstractPosLink.java-543 ] ProcessTrans [ 1 ] {} :ProcessTrans End...
[2024-05-06 18:34:26.136]{}DEBUG:[AbstractPosLink.java-435 ] ProcessTrans [ 1 ] {} :ProcessTrans Start...
[2024-05-06 18:34:26.151]{}DEBUG:[AbstractPosLink.java-463 ] ProcessTrans [ 1 ] {} :Timeout:
[2024-05-06 18:34:26.153]{}DEBUG:[AbstractPosLink.java-466 ] ProcessTrans [ 1 ] {} :SDK VERSION:V1.13.00_20230606; Timeout:-1
[2024-05-06 18:34:26.156]{}DEBUG:[TcpConnection.java-41 ] connect [ 1 ] {TCP} :ip:192.168.1.110 port:10009
[2024-05-06 18:34:26.167]{}DEBUG:[TcpConnection.java-71 ] send [ 1 ] {TCP} :Send Message =[02]B00[1c]1.62[1c][1c][03]F
[2024-05-06 18:34:26.301]{}DEBUG:[ProcessSocket.java-459 ] recvAck [ 1 ] {TCP} :Receive Message =[06]
[2024-05-06 18:34:30.240]{}DEBUG:[ProcessSocket.java-547 ] SocketRecv [ 1 ] {TCP} :Receive Message =[02]0[1c]B01[1c]1.47[1c]000000[1c]OK[1c]00[1f]Success[1f][1f][1f][1f]60[1c]1=0=0=0=0=0=0[1c]100=0=0=0=0=0=0[1c]20240506063545[1c][1c]887000001519[1c][1c][03]?
[2024-05-06 18:34:30.248]{}DEBUG:[TcpConnection.java-71 ] send [ 1 ] {TCP} :Send Message =[06]
[2024-05-06 18:34:30.360]{}DEBUG:[AbstractPosLink.java-991 ] unpackTrans [ 1 ] {TCP} :Batch_BATCHCLOSE_EDCType(NULL) Success!
[2024-05-06 18:34:30.362]{}DEBUG:[AbstractPosLink.java-543 ] ProcessTrans [ 1 ] {} :ProcessTrans End...
[2024-05-06 18:34:52.186]{}DEBUG:[AbstractPosLink.java-435 ] ProcessTrans [ 1 ] {} :ProcessTrans Start...
[2024-05-06 18:34:52.205]{}DEBUG:[AbstractPosLink.java-463 ] ProcessTrans [ 1 ] {} :Timeout:
[2024-05-06 18:34:52.207]{}DEBUG:[AbstractPosLink.java-466 ] ProcessTrans [ 1 ] {} :SDK VERSION:V1.13.00_20230606; Timeout:-1
[2024-05-06 18:34:52.213]{}DEBUG:[TcpConnection.java-41 ] connect [ 1 ] {TCP} :ip:192.168.1.110 port:10009
[2024-05-06 18:34:52.225]{}DEBUG:[TcpConnection.java-71 ] send [ 1 ] {TCP} :Send Message =[02]B00[1c]1.62[1c][1c][03]F
[2024-05-06 18:34:52.359]{}DEBUG:[ProcessSocket.java-459 ] recvAck [ 1 ] {TCP} :Receive Message =[06]
[2024-05-06 18:34:56.066]{}DEBUG:[ProcessSocket.java-547 ] SocketRecv [ 1 ] {TCP} :Receive Message =[02]0[1c]B01[1c]1.47[1c]000000[1c]OK[1c]00[1f]Success[1f][1f][1f][1f]61[1c]1=0=0=0=0=0=0[1c]103=0=0=0=0=0=0[1c]20240506063610[1c][1c]887000001519[1c][1c][03]>
[2024-05-06 18:34:56.068]{}DEBUG:[TcpConnection.java-71 ] send [ 1 ] {TCP} :Send Message =[06]
[2024-05-06 18:34:56.199]{}DEBUG:[AbstractPosLink.java-991 ] unpackTrans [ 1 ] {TCP} :Batch_BATCHCLOSE_EDCType(NULL) Success!
[2024-05-06 18:34:56.201]{}DEBUG:[AbstractPosLink.java-543 ] ProcessTrans [ 1 ] {} :ProcessTrans End...
[2024-05-06 19:04:00.761]{}DEBUG:[AbstractPosLink.java-435 ] ProcessTrans [ 1 ] {} :ProcessTrans Start...
[2024-05-06 19:04:00.779]{}DEBUG:[AbstractPosLink.java-463 ] ProcessTrans [ 1 ] {} :Timeout:
[2024-05-06 19:04:00.780]{}DEBUG:[AbstractPosLink.java-466 ] ProcessTrans [ 1 ] {} :SDK VERSION:V1.13.00_20230606; Timeout:-1
[2024-05-06 19:04:00.784]{}DEBUG:[TcpConnection.java-41 ] connect [ 1 ] {TCP} :ip:192.168.1.110 port:10009
[2024-05-06 19:04:00.795]{}DEBUG:[TcpConnection.java-71 ] send [ 1 ] {TCP} :Send Message =[02]B00[1c]1.62[1c][1c][03]F
[2024-05-06 19:04:00.924]{}DEBUG:[ProcessSocket.java-459 ] recvAck [ 1 ] {TCP} :Receive Message =[06]
[2024-05-06 19:04:05.454]{}DEBUG:[ProcessSocket.java-547 ] SocketRecv [ 1 ] {TCP} :Receive Message =[02]0[1c]B01[1c]1.47[1c]000000[1c]OK[1c]00[1f]Success[1f][1f][1f][1f]62[1c]4=0=0=0=0=0=0[1c]533=0=0=0=0=0=0[1c]20240506070520[1c][1c]887000001519[1c][1c][03]=
[2024-05-06 19:04:05.457]{}DEBUG:[TcpConnection.java-71 ] send [ 1 ] {TCP} :Send Message =[06]
[2024-05-06 19:04:05.573]{}DEBUG:[AbstractPosLink.java-991 ] unpackTrans [ 1 ] {TCP} :Batch_BATCHCLOSE_EDCType(NULL) Success!
[2024-05-06 19:04:05.576]{}DEBUG:[AbstractPosLink.java-543 ] ProcessTrans [ 1 ] {} :ProcessTrans End...
[2024-05-06 19:04:19.407]{}DEBUG:[AbstractPosLink.java-435 ] ProcessTrans [ 1 ] {} :ProcessTrans Start...
[2024-05-06 19:04:19.422]{}DEBUG:[AbstractPosLink.java-463 ] ProcessTrans [ 1 ] {} :Timeout:
[2024-05-06 19:04:19.423]{}DEBUG:[AbstractPosLink.java-466 ] ProcessTrans [ 1 ] {} :SDK VERSION:V1.13.00_20230606; Timeout:-1
[2024-05-06 19:04:19.430]{}DEBUG:[TcpConnection.java-41 ] connect [ 1 ] {TCP} :ip:192.168.1.110 port:10009
[2024-05-06 19:04:19.435]{}DEBUG:[TcpConnection.java-71 ] send [ 1 ] {TCP} :Send Message =[02]T00[1c]1.62[1c]03[1c]100[1c][1c]20240506070419[1c][1c][1c][1f][1f][1f][1f][1f][1f][1f][1f][1f][1f][1f][1f][1f][1f][1f][1f][1f][1f][1c][1c][1c][1c]0[1c][1c][1c][03]^
[2024-05-06 19:04:19.571]{}DEBUG:[ProcessSocket.java-459 ] recvAck [ 1 ] {TCP} :Receive Message =[06]
[2024-05-06 19:04:29.572]{}DEBUG:[TcpConnection.java-71 ] send [ 1 ] {TCP} :Send Message =[02]A14[1c]1.62[03]@
[2024-05-06 19:04:30.629]{}DEBUG:[ProcessSocket.java-547 ] SocketRecv [ 1 ] {TCP} :Receive Message =[02]0[1c]T01[1c]1.47[1c]000000[1c]OK[1c]00[1f]Success[1f]VTLMC1[1f]412711502326[1f][1f]63[1f]1212MCC111570**[1f]43959295[1f][1c]03[1c]100[1f]0[1f]0[1f]0[1f]0[1f]0[1f][1f][1c]1800[1f]2[1f]0726[1f][1f][1f][1f]02[1f][1f][1f][1f]0[1f][1f][1f][1f][1c]1[1f]20240506070419[1f]20240506070541[1f][1f][1f][1f][1f][1c][1f][1f][1f][1f][1c][1c][1c]EDCTYPE=CREDIT[1f]HRef=43959295[1f]SN=53509228[1f]GLOBALUID=53509228202405060705411130[1f]CARDBIN=515721[1f]PROGRAMTYPE=1[1f]ARQC=BB68C2D204623226[1f]TVR=0000008001[1f]AID=A0000000041010[1f]TSI=0000[1f]ATC=0188[1f]APPLAB=MASTERCARD[1f]IAD=0114A14003040000000400000000000000FF[1f]CVM=7[1c][1c][1c][1c][03]9
[2024-05-06 19:04:30.631]{}DEBUG:[TcpConnection.java-71 ] send [ 1 ] {TCP} :Send Message =[06]
[2024-05-06 19:04:30.756]{}DEBUG:[AbstractPosLink.java-903 ] unpackTrans [ 1 ] {TCP} :Payment_CREDIT_AUTH Success!
[2024-05-06 19:04:30.758]{}DEBUG:[AbstractPosLink.java-543 ] ProcessTrans [ 1 ] {} :ProcessTrans End...
[2024-05-06 19:04:30.786]{}DEBUG:[AbstractPosLink.java-435 ] ProcessTrans [ 1 ] {} :ProcessTrans Start...
[2024-05-06 19:04:30.788]{}DEBUG:[AbstractPosLink.java-463 ] ProcessTrans [ 1 ] {} :Timeout:
[2024-05-06 19:04:30.789]{}DEBUG:[AbstractPosLink.java-466 ] ProcessTrans [ 1 ] {} :SDK VERSION:V1.13.00_20230606; Timeout:-1
[2024-05-06 19:04:30.790]{}DEBUG:[TcpConnection.java-41 ] connect [ 1 ] {TCP} :ip:192.168.1.110 port:10009
[2024-05-06 19:04:30.794]{}DEBUG:[TcpConnection.java-71 ] send [ 1 ] {TCP} :Send Message =[02]T00[1c]1.62[1c]04[1c]100[1f]0[1f][1f][1f]100[1f][1f]0[1c][1c]20240506070430[1f][1f][1f]1[1c][1c][1c][1f][1f][1f][1f][1f][1f][1f][1f][1f][1f][1f][1f][1f][1f][1f][1f][1f][1f][1c][1c][1c][1c]0[1c][1c][1c][03]M
[2024-05-06 19:04:32.863]{}DEBUG:[ProcessSocket.java-459 ] recvAck [ 1 ] {TCP} :Receive Message =[06]
[2024-05-06 19:04:45.922]{}DEBUG:[ProcessSocket.java-547 ] SocketRecv [ 1 ] {TCP} :Receive Message =[02]0[1c]T01[1c]1.47[1c]000000[1c]OK[1c][1f]Success[1f]VTLMC1[1f][1f][1f]63[1f][1f]43959295[1f][1c]04[1c]100[1f]0[1f]0[1f]0[1f]0[1f]100[1f][1f][1c]1800[1f]0[1f]0726[1f][1f][1f][1f]02[1f][1f][1f][1f]0[1f][1f][1f][1f][1c]2[1f]20240506070430[1f]20240506070555[1f][1f][1f][1f][1f][1c][1f][1f][1f][1f][1c]1[1f]0[1f]0[1f][1f][1f]11111[1f]1[1c][1c]EDCTYPE=CREDIT[1f]HRef=43959295[1f]SN=53509228[1f]GLOBALUID=53509228202405060705551058[1f]CARDBIN=515721[1f]PROGRAMTYPE=1[1f]ARQC=BB68C2D204623226[1f]TVR=0000008001[1f]AID=A0000000041010[1f]TSI=0000[1f]ATC=0188[1f]APPLAB=MASTERCARD[1f]IAD=0114A14003040000000400000000000000FF[1f]CVM=7[1c][1c][1c][1c][03]E
[2024-05-06 19:04:45.926]{}DEBUG:[TcpConnection.java-71 ] send [ 1 ] {TCP} :Send Message =[06]
[2024-05-06 19:04:45.992]{}DEBUG:[AbstractPosLink.java-903 ] unpackTrans [ 1 ] {TCP} :Payment_CREDIT_POSTAUTH Success!
[2024-05-06 19:04:45.994]{}DEBUG:[AbstractPosLink.java-543 ] ProcessTrans [ 1 ] {} :ProcessTrans End...
[2024-05-06 19:04:46.003]{}DEBUG:[AbstractPosLink.java-435 ] ProcessTrans [ 1 ] {} :ProcessTrans Start...
[2024-05-06 19:04:46.005]{}DEBUG:[AbstractPosLink.java-463 ] ProcessTrans [ 1 ] {} :Timeout:
[2024-05-06 19:04:46.006]{}DEBUG:[AbstractPosLink.java-466 ] ProcessTrans [ 1 ] {} :SDK VERSION:V1.13.00_20230606; Timeout:-1
[2024-05-06 19:04:46.008]{}DEBUG:[TcpConnection.java-41 ] connect [ 1 ] {TCP} :ip:192.168.1.110 port:10009
[2024-05-06 19:04:46.011]{}DEBUG:[TcpConnection.java-71 ] send [ 1 ] {TCP} :Send Message =[02]T00[1c]1.62[1c]16[1c][1c][1c]20240506070446[1f][1f][1f]2[1c][1c][1c][1f][1f][1f][1f][1f][1f][1f][1f][1f][1f][1f][1f][1f][1f][1f][1f][1f][1f][1c][1c][1c][1c]0[1c][1c][1c][03]L
[2024-05-06 19:04:48.156]{}DEBUG:[ProcessSocket.java-459 ] recvAck [ 1 ] {TCP} :Receive Message =[06]
[2024-05-06 19:04:53.533]{}DEBUG:[ProcessSocket.java-547 ] SocketRecv [ 1 ] {TCP} :Receive Message =[02]0[1c]T01[1c]1.47[1c]000000[1c]OK[1c]57[1f]Success[1f]VTLMC1[1f]412711502326[1f][1f]63[1f]1212MCC111570**[1f]43959295[1f][1c]20[1c]100[1f]0[1f]0[1f]0[1f]0[1f]100[1f][1f][1c]1800[1f]0[1f]0726[1f][1f][1f][1f]02[1f][1f][1f][1f]0[1f][1f][1f][1f][1c]3[1f]20240506070446[1f]20240506070604[1f]43959295[1f][1f][1f][1f][1c][1f][1f][1f][1f][1c][1c][1c]EDCTYPE=CREDIT[1f]HRef=43959295[1f]SN=53509228[1f]GLOBALUID=53509228202405060706048828[1f]CARDBIN=515721[1f]PROGRAMTYPE=0[1f]ARQC=BB68C2D204623226[1f]TVR=0000008001[1f]AID=A0000000041010[1f]TSI=0000[1f]ATC=0188[1f]APPLAB=MASTERCARD[1f]IAD=0114A14003040000000400000000000000FF[1f]CVM=7[1c][1c][1c][1c][03]5
[2024-05-06 19:04:53.537]{}DEBUG:[TcpConnection.java-71 ] send [ 1 ] {TCP} :Send Message =[06]
[2024-05-06 19:04:53.606]{}DEBUG:[AbstractPosLink.java-903 ] unpackTrans [ 1 ] {TCP} :Payment_CREDIT_VOID Success!
[2024-05-06 19:04:53.615]{}DEBUG:[AbstractPosLink.java-543 ] ProcessTrans [ 1 ] {} :ProcessTrans End...
