[2024-06-05 15:22:37.784]{}DEBUG:[AbstractPosLink.java-435 ] ProcessTrans [ 1 ] {} :ProcessTrans Start...
[2024-06-05 15:22:37.804]{}DEBUG:[AbstractPosLink.java-463 ] ProcessTrans [ 1 ] {} :Timeout:
[2024-06-05 15:22:37.806]{}DEBUG:[AbstractPosLink.java-466 ] ProcessTrans [ 1 ] {} :SDK VERSION:V1.13.00_20230606; Timeout:-1
[2024-06-05 15:22:37.812]{}DEBUG:[TcpConnection.java-41 ] connect [ 1 ] {TCP} :ip:192.168.1.110 port:10009
[2024-06-05 15:22:37.826]{}DEBUG:[TcpConnection.java-71 ] send [ 1 ] {TCP} :Send Message =[02]T00[1c]1.62[1c]32[1c][1c][1c]20240605032237[1c][1c][1c][1f][1f][1f][1f][1f][1f][1f][1f][1f][1f][1f][1f][1f][1f][1f][1f][1f][1f][1c][1c][1c][1c]0[1c][1c][1c][03]a
[2024-06-05 15:22:47.708]{}DEBUG:[ProcessSocket.java-459 ] recvAck [ 1 ] {TCP} :Receive Message =
[2024-06-05 15:22:47.710]{}ERROR:[ProcessSocket.java-109 ] traditionalProcess [ 1 ] {TCP} :POSLINK TRANSACTION ERROR: SEND DATA RECV ACK ERROR-1
[2024-06-05 15:22:47.711]{}DEBUG:[AbstractPosLink.java-543 ] ProcessTrans [ 1 ] {} :ProcessTrans End...
[2024-06-05 15:22:50.608]{}DEBUG:[AbstractPosLink.java-435 ] ProcessTrans [ 1 ] {} :ProcessTrans Start...
[2024-06-05 15:22:50.625]{}DEBUG:[AbstractPosLink.java-463 ] ProcessTrans [ 1 ] {} :Timeout:
[2024-06-05 15:22:50.627]{}DEBUG:[AbstractPosLink.java-466 ] ProcessTrans [ 1 ] {} :SDK VERSION:V1.13.00_20230606; Timeout:-1
[2024-06-05 15:22:50.635]{}DEBUG:[TcpConnection.java-41 ] connect [ 1 ] {TCP} :ip:192.168.1.110 port:10009
[2024-06-05 15:22:50.641]{}DEBUG:[TcpConnection.java-71 ] send [ 1 ] {TCP} :Send Message =[02]T00[1c]1.62[1c]32[1c][1c][1c]20240605032250[1c][1c][1c][1f][1f][1f][1f][1f][1f][1f][1f][1f][1f][1f][1f][1f][1f][1f][1f][1f][1f][1c][1c][1c][1c]0[1c][1c][1c][03]`
[2024-06-05 15:22:50.785]{}DEBUG:[ProcessSocket.java-459 ] recvAck [ 1 ] {TCP} :Receive Message =[06]
[2024-06-05 15:23:21.902]{}DEBUG:[ProcessSocket.java-547 ] SocketRecv [ 1 ] {TCP} :Receive Message =[02]0[1c]T01[1c]1.47[1c]100001[1c]TIMEOUT[03]!
[2024-06-05 15:23:21.904]{}DEBUG:[TcpConnection.java-71 ] send [ 1 ] {TCP} :Send Message =[06]
[2024-06-05 15:23:22.029]{}ERROR:[AbstractPosLink.java-905 ] unpackTrans [ 1 ] {TCP} :Payment_CREDIT_TOKENIZE Fail!,ResultTxt =TIMEOUT
[2024-06-05 15:23:22.031]{}DEBUG:[AbstractPosLink.java-543 ] ProcessTrans [ 1 ] {} :ProcessTrans End...
[2024-06-05 15:23:50.448]{}DEBUG:[AbstractPosLink.java-435 ] ProcessTrans [ 1 ] {} :ProcessTrans Start...
[2024-06-05 15:23:50.469]{}DEBUG:[AbstractPosLink.java-463 ] ProcessTrans [ 1 ] {} :Timeout:
[2024-06-05 15:23:50.471]{}DEBUG:[AbstractPosLink.java-466 ] ProcessTrans [ 1 ] {} :SDK VERSION:V1.13.00_20230606; Timeout:-1
[2024-06-05 15:23:50.483]{}DEBUG:[TcpConnection.java-41 ] connect [ 1 ] {TCP} :ip:192.168.1.110 port:10009
[2024-06-05 15:23:50.492]{}DEBUG:[TcpConnection.java-71 ] send [ 1 ] {TCP} :Send Message =[02]T00[1c]1.62[1c]32[1c][1c][1c]20240605032350[1c][1c][1c][1f][1f][1f][1f][1f][1f][1f][1f][1f][1f][1f][1f][1f][1f][1f][1f][1f][1f][1c][1c][1c][1c]0[1c][1c][1c][03]a
[2024-06-05 15:23:50.613]{}DEBUG:[ProcessSocket.java-459 ] recvAck [ 1 ] {TCP} :Receive Message =[06]
[2024-06-05 15:24:22.432]{}DEBUG:[ProcessSocket.java-547 ] SocketRecv [ 1 ] {TCP} :Receive Message =[02]0[1c]T01[1c]1.47[1c]000000[1c]OK[1c][1f]Success[1f][1f][1f][1f]74[1f][1f]45009355[1f][1c]32[1c]0[1f]0[1f]0[1f]0[1f]0[1f]0[1f][1f][1c]3282[1f]1[1f]1027[1f][1f][1f][1f]01[1f] /                        [1f][1f][1f]0[1f][1f][1f][1f][1c]1[1f]20240605032350[1f]20240605032548[1f][1f][1f][1f][1f][1c][1f][1f][1f][1f][1c][1c][1c]EDCTYPE=CREDIT[1f]TOKEN=yFCkU942iaWf3282[1f]HRef=45009355[1f]SN=53509228[1f]GLOBALUID=53509228202406050325481087[1f]CARDBIN=467892[1f]PROGRAMTYPE=0[1c][1c][1c][1c][03][1e]
[2024-06-05 15:24:22.434]{}DEBUG:[TcpConnection.java-71 ] send [ 1 ] {TCP} :Send Message =[06]
[2024-06-05 15:24:22.576]{}DEBUG:[AbstractPosLink.java-903 ] unpackTrans [ 1 ] {TCP} :Payment_CREDIT_TOKENIZE Success!
[2024-06-05 15:24:22.578]{}DEBUG:[AbstractPosLink.java-543 ] ProcessTrans [ 1 ] {} :ProcessTrans End...
[2024-06-05 15:24:46.734]{}DEBUG:[AbstractPosLink.java-435 ] ProcessTrans [ 1 ] {} :ProcessTrans Start...
[2024-06-05 15:24:46.737]{}DEBUG:[AbstractPosLink.java-463 ] ProcessTrans [ 1 ] {} :Timeout:
[2024-06-05 15:24:46.738]{}DEBUG:[AbstractPosLink.java-466 ] ProcessTrans [ 1 ] {} :SDK VERSION:V1.13.00_20230606; Timeout:-1
[2024-06-05 15:24:46.790]{}DEBUG:[TcpConnection.java-41 ] connect [ 1 ] {TCP} :ip:192.168.1.110 port:10009
[2024-06-05 15:24:46.796]{}DEBUG:[TcpConnection.java-71 ] send [ 1 ] {TCP} :Send Message =[02]T00[1c]1.62[1c]01[1c]100[1f]0[1f][1f][1f]100[1f][1f]0[1c][1f]1027[1c]20240605032446[1f][1f][1f][1f][1f]20240605032446[1c][1c][1c][1f][1f][1f][1f][1f][1f][1f][1f][1f][1f][1f][1f][1f][1f][1f][1f][1f][1f][1c][1c]TOKEN=yFCkU942iaWf3282[1c][1c]0[1c][1c][1c][03]L
[2024-06-05 15:24:46.941]{}DEBUG:[ProcessSocket.java-459 ] recvAck [ 1 ] {TCP} :Receive Message =[06]
[2024-06-05 15:25:17.731]{}DEBUG:[ProcessSocket.java-547 ] SocketRecv [ 1 ] {TCP} :Receive Message =[02]0[1c]T01[1c]1.47[1c]100001[1c]TIMEOUT[03]!
[2024-06-05 15:25:17.733]{}DEBUG:[TcpConnection.java-71 ] send [ 1 ] {TCP} :Send Message =[06]
[2024-06-05 15:25:17.794]{}ERROR:[AbstractPosLink.java-905 ] unpackTrans [ 1 ] {TCP} :Payment_CREDIT_SALE Fail!,ResultTxt =TIMEOUT
[2024-06-05 15:25:17.796]{}DEBUG:[AbstractPosLink.java-543 ] ProcessTrans [ 1 ] {} :ProcessTrans End...
[2024-06-05 15:26:06.774]{}DEBUG:[AbstractPosLink.java-435 ] ProcessTrans [ 1 ] {} :ProcessTrans Start...
[2024-06-05 15:26:06.793]{}DEBUG:[AbstractPosLink.java-463 ] ProcessTrans [ 1 ] {} :Timeout:
[2024-06-05 15:26:06.795]{}DEBUG:[AbstractPosLink.java-466 ] ProcessTrans [ 1 ] {} :SDK VERSION:V1.13.00_20230606; Timeout:-1
[2024-06-05 15:26:06.807]{}DEBUG:[TcpConnection.java-41 ] connect [ 1 ] {TCP} :ip:192.168.1.110 port:10009
[2024-06-05 15:26:06.818]{}DEBUG:[TcpConnection.java-71 ] send [ 1 ] {TCP} :Send Message =[02]T00[1c]1.62[1c]32[1c][1c][1c]20240605032606[1c][1c][1c][1f][1f][1f][1f][1f][1f][1f][1f][1f][1f][1f][1f][1f][1f][1f][1f][1f][1f][1c][1c][1c][1c]0[1c][1c][1c][03]g
[2024-06-05 15:26:06.979]{}DEBUG:[ProcessSocket.java-459 ] recvAck [ 1 ] {TCP} :Receive Message =[06]
[2024-06-05 15:26:23.659]{}DEBUG:[AbstractPosLink.java-435 ] ProcessTrans [ 1 ] {} :ProcessTrans Start...
[2024-06-05 15:26:23.675]{}DEBUG:[AbstractPosLink.java-463 ] ProcessTrans [ 1 ] {} :Timeout:
[2024-06-05 15:26:23.677]{}DEBUG:[AbstractPosLink.java-466 ] ProcessTrans [ 1 ] {} :SDK VERSION:V1.13.00_20230606; Timeout:-1
[2024-06-05 15:26:23.688]{}DEBUG:[TcpConnection.java-41 ] connect [ 1 ] {TCP} :ip:192.168.1.110 port:10009
[2024-06-05 15:26:23.696]{}DEBUG:[TcpConnection.java-71 ] send [ 1 ] {TCP} :Send Message =[02]T00[1c]1.62[1c]01[1c]100[1f]0[1f][1f][1f]100[1f][1f]0[1c][1c]20240605032620[1f][1f][1f][1f][1f]20240605032620[1c][1c][1c][1f][1f][1f][1f][1f][1f][1f][1f][1f][1f][1f][1f][1f][1f][1f][1f][1f][1f][1c][1c][1c][1c]0[1c][1c][1c][03]~
[2024-06-05 15:26:23.857]{}DEBUG:[ProcessSocket.java-459 ] recvAck [ 1 ] {TCP} :Receive Message =[06]
[2024-06-05 15:26:44.008]{}DEBUG:[ProcessSocket.java-547 ] SocketRecv [ 1 ] {TCP} :Receive Message =[02]0[1c]T01[1c]1.47[1c]000000[1c]OK[1c]00[1f]Success[1f]VTLMC1[1f]415707501037[1f][1f]74[1f]1212MCC111309**[1f]45009495[1f][1c]01[1c]100[1f]0[1f]0[1f]0[1f]0[1f]0[1f][1f][1c]1800[1f]2[1f]0726[1f][1f][1f][1f]02[1f][1f][1f][1f]0[1f][1f][1f][1f][1c]2[1f]20240605032620[1f]20240605032811[1f][1f][1f][1f][1f][1c][1f][1f][1f][1f][1c][1c][1c]EDCTYPE=CREDIT[1f]HRef=45009495[1f]SN=53509228[1f]GLOBALUID=53509228202406050328117504[1f]CARDBIN=515721[1f]PROGRAMTYPE=1[1f]ARQC=D4C6C23596948A94[1f]TVR=0000008001[1f]AID=A0000000041010[1f]TSI=0000[1f]ATC=01BD[1f]APPLAB=MASTERCARD[1f]IAD=0114A14003040000000400000000000000FF[1f]CVM=7[1c][1c][1c][1c][03]3
[2024-06-05 15:26:44.010]{}DEBUG:[TcpConnection.java-71 ] send [ 1 ] {TCP} :Send Message =[06]
[2024-06-05 15:26:44.152]{}DEBUG:[AbstractPosLink.java-903 ] unpackTrans [ 1 ] {TCP} :Payment_CREDIT_SALE Success!
[2024-06-05 15:26:44.156]{}DEBUG:[AbstractPosLink.java-543 ] ProcessTrans [ 1 ] {} :ProcessTrans End...
[2024-06-05 15:28:50.772]{}DEBUG:[AbstractPosLink.java-435 ] ProcessTrans [ 1 ] {} :ProcessTrans Start...
[2024-06-05 15:28:50.774]{}DEBUG:[AbstractPosLink.java-463 ] ProcessTrans [ 1 ] {} :Timeout:
[2024-06-05 15:28:50.776]{}DEBUG:[AbstractPosLink.java-466 ] ProcessTrans [ 1 ] {} :SDK VERSION:V1.13.00_20230606; Timeout:-1
[2024-06-05 15:28:50.778]{}DEBUG:[TcpConnection.java-41 ] connect [ 1 ] {TCP} :ip:192.168.1.110 port:10009
[2024-06-05 15:28:50.782]{}DEBUG:[TcpConnection.java-71 ] send [ 1 ] {TCP} :Send Message =[02]T00[1c]1.62[1c]06[1c]0[1c][1c]20240605032850[1f][1f][1f]2[1c][1c][1c][1f][1f][1f][1f][1f][1f][1f][1f][1f][1f][1f][1f][1f][1f][1f][1f][1f][1f][1c][1c][1c][1c]0[1c][1c][1c][03]p
[2024-06-05 15:28:50.912]{}DEBUG:[ProcessSocket.java-459 ] recvAck [ 1 ] {TCP} :Receive Message =[06]
[2024-06-05 15:28:55.049]{}DEBUG:[ProcessSocket.java-547 ] SocketRecv [ 1 ] {TCP} :Receive Message =[02]0[1c]T01[1c]1.47[1c]000000[1c]OK[1c][1f]Success[1f]VTLMC1[1f]415707501037[1f][1f]74[1f]1212MCC111309**[1f]45009495[1f][1c]06[1c]100[1f]0[1f]0[1f]0[1f]0[1f]0[1f][1f][1c]1800[1f]0[1f]0726[1f][1f][1f][1f]02[1f][1f][1f][1f]0[1f][1f][1f][1f][1c]2[1f]20240605032850[1f]20240605032811[1f][1f][1f][1f][1f][1c][1f][1f][1f][1f][1c][1c][1c]ORIGTIP=0[1f]EDCTYPE=CREDIT[1f]HRef=45009495[1f]SN=53509228[1f]GLOBALUID=53509228202406050328117504[1f]CARDBIN=515721[1f]PROGRAMTYPE=1[1f]ARQC=D4C6C23596948A94[1f]TVR=0000008001[1f]AID=A0000000041010[1f]TSI=0000[1f]ATC=01BD[1f]APPLAB=MASTERCARD[1f]IAD=0114A14003040000000400000000000000FF[1f]CVM=7[1c][1c][1c][1c][03]s
[2024-06-05 15:28:55.051]{}DEBUG:[TcpConnection.java-71 ] send [ 1 ] {TCP} :Send Message =[06]
[2024-06-05 15:28:55.112]{}DEBUG:[AbstractPosLink.java-903 ] unpackTrans [ 1 ] {TCP} :Payment_CREDIT_ADJUST Success!
[2024-06-05 15:28:55.114]{}DEBUG:[AbstractPosLink.java-543 ] ProcessTrans [ 1 ] {} :ProcessTrans End...
[2024-06-05 15:28:55.116]{}DEBUG:[AbstractPosLink.java-435 ] ProcessTrans [ 1 ] {} :ProcessTrans Start...
[2024-06-05 15:28:55.118]{}DEBUG:[AbstractPosLink.java-463 ] ProcessTrans [ 1 ] {} :Timeout:
[2024-06-05 15:28:55.119]{}DEBUG:[AbstractPosLink.java-466 ] ProcessTrans [ 1 ] {} :SDK VERSION:V1.13.00_20230606; Timeout:-1
[2024-06-05 15:28:55.120]{}DEBUG:[TcpConnection.java-41 ] connect [ 1 ] {TCP} :ip:192.168.1.110 port:10009
[2024-06-05 15:28:55.127]{}DEBUG:[TcpConnection.java-71 ] send [ 1 ] {TCP} :Send Message =[02]T00[1c]1.62[1c]06[1c]100[1c][1c]20240605032855[1f][1f][1f]2[1c][1c][1c][1f][1f][1f][1f][1f][1f][1f][1f][1f][1f][1f][1f][1f][1f][1f][1f][1f][1f][1c][1c][1c][1c]0[1c][1c][1c][03]t
[2024-06-05 15:28:55.762]{}DEBUG:[ProcessSocket.java-459 ] recvAck [ 1 ] {TCP} :Receive Message =[06]
[2024-06-05 15:28:59.709]{}DEBUG:[ProcessSocket.java-547 ] SocketRecv [ 1 ] {TCP} :Receive Message =[02]0[1c]T01[1c]1.47[1c]000000[1c]OK[1c][1f]Success[1f]VTLMC1[1f]415707501037[1f][1f]74[1f]1212MCC111309**[1f]45009495[1f][1c]06[1c]200[1f]0[1f]100[1f]0[1f]0[1f]0[1f][1f][1c]1800[1f]0[1f]0726[1f][1f][1f][1f]02[1f][1f][1f][1f]0[1f][1f][1f][1f][1c]2[1f]20240605032855[1f]20240605032811[1f][1f][1f][1f][1f][1c][1f][1f][1f][1f][1c][1c][1c]ORIGTIP=0[1f]EDCTYPE=CREDIT[1f]HRef=45009495[1f]SN=53509228[1f]GLOBALUID=53509228202406050328117504[1f]CARDBIN=515721[1f]PROGRAMTYPE=1[1f]ARQC=D4C6C23596948A94[1f]TVR=0000008001[1f]AID=A0000000041010[1f]TSI=0000[1f]ATC=01BD[1f]APPLAB=MASTERCARD[1f]IAD=0114A14003040000000400000000000000FF[1f]CVM=7[1c][1c][1c][1c][03]t
[2024-06-05 15:28:59.711]{}DEBUG:[TcpConnection.java-71 ] send [ 1 ] {TCP} :Send Message =[06]
[2024-06-05 15:28:59.774]{}DEBUG:[AbstractPosLink.java-903 ] unpackTrans [ 1 ] {TCP} :Payment_CREDIT_ADJUST Success!
[2024-06-05 15:28:59.776]{}DEBUG:[AbstractPosLink.java-543 ] ProcessTrans [ 1 ] {} :ProcessTrans End...
[2024-06-05 15:28:59.778]{}DEBUG:[AbstractPosLink.java-435 ] ProcessTrans [ 1 ] {} :ProcessTrans Start...
[2024-06-05 15:28:59.780]{}DEBUG:[AbstractPosLink.java-463 ] ProcessTrans [ 1 ] {} :Timeout:
[2024-06-05 15:28:59.780]{}DEBUG:[AbstractPosLink.java-466 ] ProcessTrans [ 1 ] {} :SDK VERSION:V1.13.00_20230606; Timeout:-1
[2024-06-05 15:28:59.782]{}DEBUG:[TcpConnection.java-41 ] connect [ 1 ] {TCP} :ip:192.168.1.110 port:10009
[2024-06-05 15:28:59.786]{}DEBUG:[TcpConnection.java-71 ] send [ 1 ] {TCP} :Send Message =[02]T00[1c]1.62[1c]16[1c][1c][1c]20240605032859[1f][1f][1f]2[1c][1c][1c][1f][1f][1f][1f][1f][1f][1f][1f][1f][1f][1f][1f][1f][1f][1f][1f][1f][1f][1c][1c][1c][1c]0[1c][1c][1c][03]H
[2024-06-05 15:29:00.428]{}DEBUG:[ProcessSocket.java-459 ] recvAck [ 1 ] {TCP} :Receive Message =[06]
[2024-06-05 15:29:05.406]{}DEBUG:[ProcessSocket.java-547 ] SocketRecv [ 1 ] {TCP} :Receive Message =[02]0[1c]T01[1c]1.47[1c]000000[1c]OK[1c]57[1f]Success[1f]VTLMC1[1f]415707501037[1f][1f]74[1f]1212MCC111309**[1f]45009495[1f][1c]17[1c]200[1f]0[1f]100[1f]0[1f]0[1f]0[1f][1f][1c]1800[1f]0[1f]0726[1f][1f][1f][1f]02[1f][1f][1f][1f]0[1f][1f][1f][1f][1c]3[1f]20240605032859[1f]20240605033033[1f]45009495[1f][1f][1f][1f][1c][1f][1f][1f][1f][1c][1c][1c]EDCTYPE=CREDIT[1f]HRef=45009495[1f]SN=53509228[1f]GLOBALUID=53509228202406050330339486[1f]CARDBIN=515721[1f]PROGRAMTYPE=0[1f]ARQC=D4C6C23596948A94[1f]TVR=0000008001[1f]AID=A0000000041010[1f]TSI=0000[1f]ATC=01BD[1f]APPLAB=MASTERCARD[1f]IAD=0114A14003040000000400000000000000FF[1f]CVM=7[1c][1c][1c][1c][03]3
[2024-06-05 15:29:05.407]{}DEBUG:[TcpConnection.java-71 ] send [ 1 ] {TCP} :Send Message =[06]
[2024-06-05 15:29:05.471]{}DEBUG:[AbstractPosLink.java-903 ] unpackTrans [ 1 ] {TCP} :Payment_CREDIT_VOID Success!
[2024-06-05 15:29:05.473]{}DEBUG:[AbstractPosLink.java-543 ] ProcessTrans [ 1 ] {} :ProcessTrans End...
[2024-06-05 15:30:25.936]{}DEBUG:[AbstractPosLink.java-435 ] ProcessTrans [ 1 ] {} :ProcessTrans Start...
[2024-06-05 15:30:25.954]{}DEBUG:[AbstractPosLink.java-463 ] ProcessTrans [ 1 ] {} :Timeout:
[2024-06-05 15:30:25.956]{}DEBUG:[AbstractPosLink.java-466 ] ProcessTrans [ 1 ] {} :SDK VERSION:V1.13.00_20230606; Timeout:-1
[2024-06-05 15:30:25.963]{}DEBUG:[TcpConnection.java-41 ] connect [ 1 ] {TCP} :ip:192.168.1.110 port:10009
[2024-06-05 15:30:25.968]{}DEBUG:[TcpConnection.java-71 ] send [ 1 ] {TCP} :Send Message =[02]T00[1c]1.62[1c]01[1c]100[1f]0[1f][1f][1f]100[1f][1f]0[1c][1c]20240605033025[1f][1f][1f][1f][1f]20240605033025[1c][1c][1c][1f][1f][1f][1f][1f][1f][1f][1f][1f][1f][1f][1f][1f][1f][1f][1f][1f][1f][1c][1c][1c][1c]0[1c][1c][1c][03]~
[2024-06-05 15:30:26.121]{}DEBUG:[ProcessSocket.java-459 ] recvAck [ 1 ] {TCP} :Receive Message =[06]
[2024-06-05 15:30:39.294]{}DEBUG:[ProcessSocket.java-547 ] SocketRecv [ 1 ] {TCP} :Receive Message =[02]0[1c]T01[1c]1.47[1c]000000[1c]OK[1c]00[1f]Success[1f]VTLMC1[1f]415707501099[1f][1f]74[1f]1212MCC111344**[1f]45009645[1f][1c]01[1c]100[1f]0[1f]0[1f]0[1f]0[1f]0[1f][1f][1c]9805[1f]2[1f]0629[1f][1f][1f][1f]02[1f][1f][1f][1f]0[1f][1f][1f][1f][1c]4[1f]20240605033025[1f]20240605033206[1f][1f][1f][1f][1f][1c][1f][1f][1f][1f][1c][1c][1c]EDCTYPE=CREDIT[1f]HRef=45009645[1f]SN=53509228[1f]GLOBALUID=53509228202406050332065097[1f]CARDBIN=515721[1f]PROGRAMTYPE=1[1f]ARQC=1EFF16BA5C3F1FC8[1f]TVR=0020008001[1f]AID=A0000000041010[1f]TSI=0000[1f]ATC=00C0[1f]APPLAB=Mastercard[1f]APPPN=Mastercard[1f]IAD=1210A04001240000000000000000000000FF[1f]CVM=7[1c][1c][1c][1c][03]O
[2024-06-05 15:30:39.296]{}DEBUG:[TcpConnection.java-71 ] send [ 1 ] {TCP} :Send Message =[06]
[2024-06-05 15:30:39.424]{}DEBUG:[AbstractPosLink.java-903 ] unpackTrans [ 1 ] {TCP} :Payment_CREDIT_SALE Success!
[2024-06-05 15:30:39.427]{}DEBUG:[AbstractPosLink.java-543 ] ProcessTrans [ 1 ] {} :ProcessTrans End...
[2024-06-05 15:30:39.441]{}DEBUG:[AbstractPosLink.java-435 ] ProcessTrans [ 1 ] {} :ProcessTrans Start...
[2024-06-05 15:30:39.442]{}DEBUG:[AbstractPosLink.java-463 ] ProcessTrans [ 1 ] {} :Timeout:
[2024-06-05 15:30:39.444]{}DEBUG:[AbstractPosLink.java-466 ] ProcessTrans [ 1 ] {} :SDK VERSION:V1.13.00_20230606; Timeout:-1
[2024-06-05 15:30:39.445]{}DEBUG:[TcpConnection.java-41 ] connect [ 1 ] {TCP} :ip:192.168.1.110 port:10009
[2024-06-05 15:30:39.449]{}DEBUG:[TcpConnection.java-71 ] send [ 1 ] {TCP} :Send Message =[02]T00[1c]1.62[1c]06[1c]0[1c][1c]20240605033039[1f][1f][1f]4[1c][1c][1c][1f][1f][1f][1f][1f][1f][1f][1f][1f][1f][1f][1f][1f][1f][1f][1f][1f][1f][1c][1c][1c][1c]0[1c][1c][1c][03]p
[2024-06-05 15:30:41.534]{}DEBUG:[ProcessSocket.java-459 ] recvAck [ 1 ] {TCP} :Receive Message =[06]
[2024-06-05 15:30:45.455]{}DEBUG:[ProcessSocket.java-547 ] SocketRecv [ 1 ] {TCP} :Receive Message =[02]0[1c]T01[1c]1.47[1c]000000[1c]OK[1c][1f]Success[1f]VTLMC1[1f]415707501099[1f][1f]74[1f]1212MCC111344**[1f]45009645[1f][1c]06[1c]100[1f]0[1f]0[1f]0[1f]0[1f]0[1f][1f][1c]9805[1f]0[1f]0629[1f][1f][1f][1f]02[1f][1f][1f][1f]0[1f][1f][1f][1f][1c]4[1f]20240605033039[1f]20240605033206[1f][1f][1f][1f][1f][1c][1f][1f][1f][1f][1c][1c][1c]ORIGTIP=0[1f]EDCTYPE=CREDIT[1f]HRef=45009645[1f]SN=53509228[1f]GLOBALUID=53509228202406050332065097[1f]CARDBIN=515721[1f]PROGRAMTYPE=1[1f]ARQC=1EFF16BA5C3F1FC8[1f]TVR=0020008001[1f]AID=A0000000041010[1f]TSI=0000[1f]ATC=00C0[1f]APPLAB=Mastercard[1f]APPPN=Mastercard[1f]IAD=1210A04001240000000000000000000000FF[1f]CVM=7[1c][1c][1c][1c][03][0b]
[2024-06-05 15:30:45.456]{}DEBUG:[TcpConnection.java-71 ] send [ 1 ] {TCP} :Send Message =[06]
[2024-06-05 15:30:45.519]{}DEBUG:[AbstractPosLink.java-903 ] unpackTrans [ 1 ] {TCP} :Payment_CREDIT_ADJUST Success!
[2024-06-05 15:30:45.520]{}DEBUG:[AbstractPosLink.java-543 ] ProcessTrans [ 1 ] {} :ProcessTrans End...
[2024-06-05 15:30:45.522]{}DEBUG:[AbstractPosLink.java-435 ] ProcessTrans [ 1 ] {} :ProcessTrans Start...
[2024-06-05 15:30:45.523]{}DEBUG:[AbstractPosLink.java-463 ] ProcessTrans [ 1 ] {} :Timeout:
[2024-06-05 15:30:45.524]{}DEBUG:[AbstractPosLink.java-466 ] ProcessTrans [ 1 ] {} :SDK VERSION:V1.13.00_20230606; Timeout:-1
[2024-06-05 15:30:45.525]{}DEBUG:[TcpConnection.java-41 ] connect [ 1 ] {TCP} :ip:192.168.1.110 port:10009
[2024-06-05 15:30:45.530]{}DEBUG:[TcpConnection.java-71 ] send [ 1 ] {TCP} :Send Message =[02]T00[1c]1.62[1c]06[1c]100[1c][1c]20240605033045[1f][1f][1f]4[1c][1c][1c][1f][1f][1f][1f][1f][1f][1f][1f][1f][1f][1f][1f][1f][1f][1f][1f][1f][1f][1c][1c][1c][1c]0[1c][1c][1c][03]z
[2024-06-05 15:30:46.133]{}DEBUG:[ProcessSocket.java-459 ] recvAck [ 1 ] {TCP} :Receive Message =[06]
[2024-06-05 15:30:48.633]{}DEBUG:[ProcessSocket.java-547 ] SocketRecv [ 1 ] {TCP} :Receive Message =[02]0[1c]T01[1c]1.47[1c]100002[1c]ABORTED[03]2
[2024-06-05 15:30:48.634]{}DEBUG:[TcpConnection.java-71 ] send [ 1 ] {TCP} :Send Message =[06]
[2024-06-05 15:30:48.697]{}ERROR:[AbstractPosLink.java-905 ] unpackTrans [ 1 ] {TCP} :Payment_CREDIT_ADJUST Fail!,ResultTxt =ABORTED
[2024-06-05 15:30:48.698]{}DEBUG:[AbstractPosLink.java-543 ] ProcessTrans [ 1 ] {} :ProcessTrans End...
[2024-06-05 15:42:55.311]{}DEBUG:[AbstractPosLink.java-435 ] ProcessTrans [ 1 ] {} :ProcessTrans Start...
[2024-06-05 15:42:55.336]{}DEBUG:[AbstractPosLink.java-463 ] ProcessTrans [ 1 ] {} :Timeout:
[2024-06-05 15:42:55.338]{}DEBUG:[AbstractPosLink.java-466 ] ProcessTrans [ 1 ] {} :SDK VERSION:V1.13.00_20230606; Timeout:-1
[2024-06-05 15:42:55.347]{}DEBUG:[TcpConnection.java-41 ] connect [ 1 ] {TCP} :ip:192.168.1.110 port:10009
[2024-06-05 15:42:55.362]{}DEBUG:[TcpConnection.java-71 ] send [ 1 ] {TCP} :Send Message =[02]B00[1c]1.62[1c][1c][03]F
[2024-06-05 15:42:55.485]{}DEBUG:[ProcessSocket.java-459 ] recvAck [ 1 ] {TCP} :Receive Message =[06]
[2024-06-05 15:42:59.207]{}DEBUG:[ProcessSocket.java-547 ] SocketRecv [ 1 ] {TCP} :Receive Message =[02]0[1c]B01[1c]1.47[1c]000000[1c]OK[1c]00[1f]Success[1f][1f][1f][1f]74[1c]1=0=0=0=0=0=0[1c]100=0=0=0=0=0=0[1c]20240605034431[1c][1c]887000001519[1c][1c][03]:
[2024-06-05 15:42:59.209]{}DEBUG:[TcpConnection.java-71 ] send [ 1 ] {TCP} :Send Message =[06]
[2024-06-05 15:42:59.349]{}DEBUG:[AbstractPosLink.java-991 ] unpackTrans [ 1 ] {TCP} :Batch_BATCHCLOSE_EDCType(NULL) Success!
[2024-06-05 15:42:59.352]{}DEBUG:[AbstractPosLink.java-543 ] ProcessTrans [ 1 ] {} :ProcessTrans End...
