[2024-05-07 13:18:04.329]{}DEBUG:[AbstractPosLink.java-435 ] ProcessTrans [ 1 ] {} :ProcessTrans Start...
[2024-05-07 13:18:04.346]{}DEBUG:[AbstractPosLink.java-463 ] ProcessTrans [ 1 ] {} :Timeout:
[2024-05-07 13:18:04.348]{}DEBUG:[AbstractPosLink.java-466 ] ProcessTrans [ 1 ] {} :SDK VERSION:V1.13.00_20230606; Timeout:-1
[2024-05-07 13:18:04.352]{}DEBUG:[TcpConnection.java-41 ] connect [ 1 ] {TCP} :ip:192.168.1.110 port:10009
[2024-05-07 13:18:04.364]{}DEBUG:[TcpConnection.java-71 ] send [ 1 ] {TCP} :Send Message =[02]B00[1c]1.62[1c][1c][03]F
[2024-05-07 13:18:04.515]{}DEBUG:[ProcessSocket.java-459 ] recvAck [ 1 ] {TCP} :Receive Message =[06]
[2024-05-07 13:18:08.845]{}DEBUG:[ProcessSocket.java-547 ] SocketRecv [ 1 ] {TCP} :Receive Message =[02]0[1c]B01[1c]1.47[1c]000000[1c]OK[1c]00[1f]Success[1f][1f][1f][1f]64[1c]1=0=0=0=0=0=0[1c]100=0=0=0=0=0=0[1c]20240507011923[1c][1c]887000001519[1c][1c][03]3
[2024-05-07 13:18:08.855]{}DEBUG:[TcpConnection.java-71 ] send [ 1 ] {TCP} :Send Message =[06]
[2024-05-07 13:18:08.983]{}DEBUG:[AbstractPosLink.java-991 ] unpackTrans [ 1 ] {TCP} :Batch_BATCHCLOSE_EDCType(NULL) Success!
[2024-05-07 13:18:08.986]{}DEBUG:[AbstractPosLink.java-543 ] ProcessTrans [ 1 ] {} :ProcessTrans End...
[2024-05-07 13:21:08.194]{}DEBUG:[AbstractPosLink.java-435 ] ProcessTrans [ 1 ] {} :ProcessTrans Start...
[2024-05-07 13:21:08.208]{}DEBUG:[AbstractPosLink.java-463 ] ProcessTrans [ 1 ] {} :Timeout:
[2024-05-07 13:21:08.210]{}DEBUG:[AbstractPosLink.java-466 ] ProcessTrans [ 1 ] {} :SDK VERSION:V1.13.00_20230606; Timeout:-1
[2024-05-07 13:21:08.215]{}DEBUG:[TcpConnection.java-41 ] connect [ 1 ] {TCP} :ip:192.168.1.110 port:10009
[2024-05-07 13:21:08.225]{}DEBUG:[TcpConnection.java-71 ] send [ 1 ] {TCP} :Send Message =[02]B00[1c]1.62[1c][1c][03]F
[2024-05-07 13:21:08.354]{}DEBUG:[ProcessSocket.java-459 ] recvAck [ 1 ] {TCP} :Receive Message =[06]
[2024-05-07 13:21:12.086]{}DEBUG:[ProcessSocket.java-547 ] SocketRecv [ 1 ] {TCP} :Receive Message =[02]0[1c]B01[1c]1.47[1c]000000[1c]OK[1c]00[1f]Success[1f][1f][1f][1f]65[1c]1=0=0=0=0=0=0[1c]100=0=0=0=0=0=0[1c]20240507012227[1c][1c]887000001519[1c][1c][03]>
[2024-05-07 13:21:12.089]{}DEBUG:[TcpConnection.java-71 ] send [ 1 ] {TCP} :Send Message =[06]
[2024-05-07 13:21:12.210]{}DEBUG:[AbstractPosLink.java-991 ] unpackTrans [ 1 ] {TCP} :Batch_BATCHCLOSE_EDCType(NULL) Success!
[2024-05-07 13:21:12.213]{}DEBUG:[AbstractPosLink.java-543 ] ProcessTrans [ 1 ] {} :ProcessTrans End...
[2024-05-07 13:23:27.389]{}DEBUG:[AbstractPosLink.java-435 ] ProcessTrans [ 1 ] {} :ProcessTrans Start...
[2024-05-07 13:23:27.403]{}DEBUG:[AbstractPosLink.java-463 ] ProcessTrans [ 1 ] {} :Timeout:
[2024-05-07 13:23:27.405]{}DEBUG:[AbstractPosLink.java-466 ] ProcessTrans [ 1 ] {} :SDK VERSION:V1.13.00_20230606; Timeout:-1
[2024-05-07 13:23:27.409]{}DEBUG:[TcpConnection.java-41 ] connect [ 1 ] {TCP} :ip:192.168.1.110 port:10009
[2024-05-07 13:23:27.418]{}DEBUG:[TcpConnection.java-71 ] send [ 1 ] {TCP} :Send Message =[02]B00[1c]1.62[1c][1c][03]F
[2024-05-07 13:23:27.552]{}DEBUG:[ProcessSocket.java-459 ] recvAck [ 1 ] {TCP} :Receive Message =[06]
[2024-05-07 13:23:31.265]{}DEBUG:[ProcessSocket.java-547 ] SocketRecv [ 1 ] {TCP} :Receive Message =[02]0[1c]B01[1c]1.47[1c]000000[1c]OK[1c]00[1f]Success[1f][1f][1f][1f]66[1c]1=0=0=0=0=0=0[1c]100=0=0=0=0=0=0[1c]20240507012446[1c][1c]887000001519[1c][1c][03]<
[2024-05-07 13:23:31.273]{}DEBUG:[TcpConnection.java-71 ] send [ 1 ] {TCP} :Send Message =[06]
[2024-05-07 13:23:31.392]{}DEBUG:[AbstractPosLink.java-991 ] unpackTrans [ 1 ] {TCP} :Batch_BATCHCLOSE_EDCType(NULL) Success!
[2024-05-07 13:23:31.394]{}DEBUG:[AbstractPosLink.java-543 ] ProcessTrans [ 1 ] {} :ProcessTrans End...
[2024-05-07 14:53:09.269]{}DEBUG:[AbstractPosLink.java-435 ] ProcessTrans [ 1 ] {} :ProcessTrans Start...
[2024-05-07 14:53:09.286]{}DEBUG:[AbstractPosLink.java-463 ] ProcessTrans [ 1 ] {} :Timeout:
[2024-05-07 14:53:09.288]{}DEBUG:[AbstractPosLink.java-466 ] ProcessTrans [ 1 ] {} :SDK VERSION:V1.13.00_20230606; Timeout:-1
[2024-05-07 14:53:09.292]{}DEBUG:[TcpConnection.java-41 ] connect [ 1 ] {TCP} :ip:192.168.1.110 port:10009
[2024-05-07 14:53:09.302]{}DEBUG:[TcpConnection.java-71 ] send [ 1 ] {TCP} :Send Message =[02]B00[1c]1.62[1c][1c][03]F
[2024-05-07 14:53:09.425]{}DEBUG:[ProcessSocket.java-459 ] recvAck [ 1 ] {TCP} :Receive Message =[06]
[2024-05-07 14:53:13.522]{}DEBUG:[ProcessSocket.java-547 ] SocketRecv [ 1 ] {TCP} :Receive Message =[02]0[1c]B01[1c]1.47[1c]000000[1c]OK[1c]00[1f]Success[1f][1f][1f][1f]67[1c]2=0=0=0=0=0=0[1c]200=0=0=0=0=0=0[1c]20240507025428[1c][1c]887000001519[1c][1c][03]1
[2024-05-07 14:53:13.526]{}DEBUG:[TcpConnection.java-71 ] send [ 1 ] {TCP} :Send Message =[06]
[2024-05-07 14:53:13.641]{}DEBUG:[AbstractPosLink.java-991 ] unpackTrans [ 1 ] {TCP} :Batch_BATCHCLOSE_EDCType(NULL) Success!
[2024-05-07 14:53:13.644]{}DEBUG:[AbstractPosLink.java-543 ] ProcessTrans [ 1 ] {} :ProcessTrans End...
